[ 2016-12-18T19:35:44+08:00 ] ::1 /XXXX/TC/
INFO: [ app_init ] --START--
INFO: Run Behavior\BuildLiteBehavior [ RunTime:0.000090s ]
INFO: [ app_init ] --END-- [ RunTime:0.112418s ]
INFO: [ app_begin ] --START--
INFO: Run Behavior\ReadHtmlCacheBehavior [ RunTime:0.095057s ]
INFO: [ app_begin ] --END-- [ RunTime:0.095689s ]
INFO: [ view_parse ] --START--
INFO: Run Behavior\ParseTemplateBehavior [ RunTime:0.060268s ]
INFO: [ view_parse ] --END-- [ RunTime:0.060615s ]
INFO: [ view_filter ] --START--
INFO: Run Behavior\WriteHtmlCacheBehavior [ RunTime:0.055506s ]
INFO: [ view_filter ] --END-- [ RunTime:0.055865s ]
INFO: [ app_end ] --START--
INFO: Run Behavior\ShowPageTraceBehavior [ RunTime:0.045126s ]
INFO: [ app_end ] --END-- [ RunTime:0.045500s ]

[ 2016-12-18T19:36:16+08:00 ] ::1 /XXXX/TC/
INFO: [ app_init ] --START--
INFO: Run Behavior\BuildLiteBehavior [ RunTime:0.000031s ]
INFO: [ app_init ] --END-- [ RunTime:0.000545s ]
INFO: [ app_begin ] --START--
INFO: Run Behavior\ReadHtmlCacheBehavior [ RunTime:0.000669s ]
INFO: [ app_begin ] --END-- [ RunTime:0.000827s ]
INFO: [ view_parse ] --START--
INFO: Run Behavior\ParseTemplateBehavior [ RunTime:0.000728s ]
INFO: [ view_parse ] --END-- [ RunTime:0.001068s ]
INFO: [ view_filter ] --START--
INFO: Run Behavior\WriteHtmlCacheBehavior [ RunTime:0.000445s ]
INFO: [ view_filter ] --END-- [ RunTime:0.000587s ]
INFO: [ app_end ] --START--
INFO: Run Behavior\ShowPageTraceBehavior [ RunTime:0.000620s ]
INFO: [ app_end ] --END-- [ RunTime:0.000751s ]

[ 2016-12-18T19:55:36+08:00 ] ::1 /XXXX/TC/
INFO: [ app_init ] --START--
INFO: Run Behavior\BuildLiteBehavior [ RunTime:0.000036s ]
INFO: [ app_init ] --END-- [ RunTime:0.008878s ]
INFO: [ app_begin ] --START--
INFO: Run Behavior\ReadHtmlCacheBehavior [ RunTime:0.008466s ]
INFO: [ app_begin ] --END-- [ RunTime:0.008611s ]
INFO: [ view_parse ] --START--
INFO: Run Behavior\ParseTemplateBehavior [ RunTime:0.003199s ]
INFO: [ view_parse ] --END-- [ RunTime:0.003358s ]
INFO: [ view_filter ] --START--
INFO: Run Behavior\WriteHtmlCacheBehavior [ RunTime:0.009509s ]
INFO: [ view_filter ] --END-- [ RunTime:0.009682s ]
INFO: [ app_end ] --START--
INFO: Run Behavior\ShowPageTraceBehavior [ RunTime:0.001512s ]
INFO: [ app_end ] --END-- [ RunTime:0.001671s ]

[ 2016-12-18T19:57:39+08:00 ] ::1 /XXXX/TC/
INFO: [ app_init ] --START--
INFO: Run Behavior\BuildLiteBehavior [ RunTime:0.000117s ]
INFO: [ app_init ] --END-- [ RunTime:0.001777s ]
INFO: [ app_begin ] --START--
INFO: Run Behavior\ReadHtmlCacheBehavior [ RunTime:0.001246s ]
INFO: [ app_begin ] --END-- [ RunTime:0.001548s ]
INFO: [ view_parse ] --START--
INFO: [ template_filter ] --START--
INFO: Run Behavior\ContentReplaceBehavior [ RunTime:0.000485s ]
INFO: [ template_filter ] --END-- [ RunTime:0.000958s ]
INFO: Run Behavior\ParseTemplateBehavior [ RunTime:0.882608s ]
INFO: [ view_parse ] --END-- [ RunTime:0.883134s ]
INFO: [ view_filter ] --START--
INFO: Run Behavior\WriteHtmlCacheBehavior [ RunTime:0.001562s ]
INFO: [ view_filter ] --END-- [ RunTime:0.002044s ]
INFO: [ app_end ] --START--
INFO: Run Behavior\ShowPageTraceBehavior [ RunTime:0.002364s ]
INFO: [ app_end ] --END-- [ RunTime:0.011594s ]

[ 2016-12-18T19:58:11+08:00 ] ::1 /XXXX/TC/
INFO: [ app_init ] --START--
INFO: Run Behavior\BuildLiteBehavior [ RunTime:0.000093s ]
INFO: [ app_init ] --END-- [ RunTime:0.001384s ]
INFO: [ app_begin ] --START--
INFO: Run Behavior\ReadHtmlCacheBehavior [ RunTime:0.002066s ]
INFO: [ app_begin ] --END-- [ RunTime:0.002518s ]
INFO: [ view_parse ] --START--
INFO: [ template_filter ] --START--
INFO: Run Behavior\ContentReplaceBehavior [ RunTime:0.000434s ]
INFO: [ template_filter ] --END-- [ RunTime:0.001112s ]
INFO: Run Behavior\ParseTemplateBehavior [ RunTime:0.164852s ]
INFO: [ view_parse ] --END-- [ RunTime:0.165153s ]
INFO: [ view_filter ] --START--
INFO: Run Behavior\WriteHtmlCacheBehavior [ RunTime:0.000477s ]
INFO: [ view_filter ] --END-- [ RunTime:0.000671s ]
INFO: [ app_end ] --START--
INFO: Run Behavior\ShowPageTraceBehavior [ RunTime:0.001532s ]
INFO: [ app_end ] --END-- [ RunTime:0.002264s ]

[ 2016-12-18T19:58:13+08:00 ] ::1 /XXXX/TC/
INFO: [ app_init ] --START--
INFO: Run Behavior\BuildLiteBehavior [ RunTime:0.000074s ]
INFO: [ app_init ] --END-- [ RunTime:0.001047s ]
INFO: [ app_begin ] --START--
INFO: Run Behavior\ReadHtmlCacheBehavior [ RunTime:0.001905s ]
INFO: [ app_begin ] --END-- [ RunTime:0.002252s ]
INFO: [ view_parse ] --START--
INFO: [ template_filter ] --START--
INFO: Run Behavior\ContentReplaceBehavior [ RunTime:0.000217s ]
INFO: [ template_filter ] --END-- [ RunTime:0.000461s ]
INFO: Run Behavior\ParseTemplateBehavior [ RunTime:0.100122s ]
INFO: [ view_parse ] --END-- [ RunTime:0.100334s ]
INFO: [ view_filter ] --START--
INFO: Run Behavior\WriteHtmlCacheBehavior [ RunTime:0.000582s ]
INFO: [ view_filter ] --END-- [ RunTime:0.000794s ]
INFO: [ app_end ] --START--
INFO: Run Behavior\ShowPageTraceBehavior [ RunTime:0.001225s ]
INFO: [ app_end ] --END-- [ RunTime:0.001453s ]

[ 2016-12-18T20:26:40+08:00 ] ::1 /XXXX/TC/
INFO: [ app_init ] --START--
INFO: Run Behavior\BuildLiteBehavior [ RunTime:0.000027s ]
INFO: [ app_init ] --END-- [ RunTime:0.000507s ]
INFO: [ app_begin ] --START--
INFO: Run Behavior\ReadHtmlCacheBehavior [ RunTime:0.000651s ]
INFO: [ app_begin ] --END-- [ RunTime:0.000787s ]
INFO: [ view_parse ] --START--
NOTIC: [2] filemtime(): stat failed for D:/wamps/wamp/www/XXXX/TC/Runtime/Cache\3ae81f7bd839163667105f3d53793f7ad33e8550.file.index.html.php D:\wamps\wamp\www\XXXX\ThinkPHP\Library\Vendor\Smarty\sysplugins\smarty_resource.php 第 683 行.
ERR: Syntax Error in template "D:/wamps/wamp/www/XXXX/TC/Home/View\Index\index.html"  on line 30 "$('html,body').animate({scrollTop:$(this.hash).offset().top},1000);"  - Unexpected ":", expected one of: "}" , " "

[ 2016-12-18T20:27:41+08:00 ] ::1 /XXXX/TC/
INFO: [ app_init ] --START--
INFO: Run Behavior\BuildLiteBehavior [ RunTime:0.000046s ]
INFO: [ app_init ] --END-- [ RunTime:0.000792s ]
INFO: [ app_begin ] --START--
INFO: Run Behavior\ReadHtmlCacheBehavior [ RunTime:0.001270s ]
INFO: [ app_begin ] --END-- [ RunTime:0.001624s ]
INFO: [ view_parse ] --START--
NOTIC: [2] filemtime(): stat failed for D:/wamps/wamp/www/XXXX/TC/Runtime/Cache\3ae81f7bd839163667105f3d53793f7ad33e8550.file.index.html.php D:\wamps\wamp\www\XXXX\ThinkPHP\Library\Vendor\Smarty\sysplugins\smarty_resource.php 第 683 行.
ERR: Syntax Error in template "D:/wamps/wamp/www/XXXX/TC/Home/View\Index\index.html"  on line 62 ".grid{padding-right:20px;}"  - Unexpected ":", expected one of: "}" , " "

[ 2016-12-18T20:28:23+08:00 ] ::1 /XXXX/TC/
INFO: [ app_init ] --START--
INFO: Run Behavior\BuildLiteBehavior [ RunTime:0.000075s ]
INFO: [ app_init ] --END-- [ RunTime:0.001090s ]
INFO: [ app_begin ] --START--
INFO: Run Behavior\ReadHtmlCacheBehavior [ RunTime:0.000850s ]
INFO: [ app_begin ] --END-- [ RunTime:0.001031s ]
INFO: [ view_parse ] --START--
NOTIC: [2] filemtime(): stat failed for D:/wamps/wamp/www/XXXX/TC/Runtime/Cache\3ae81f7bd839163667105f3d53793f7ad33e8550.file.index.html.php D:\wamps\wamp\www\XXXX\ThinkPHP\Library\Vendor\Smarty\sysplugins\smarty_resource.php 第 683 行.
ERR: Syntax Error in template "D:/wamps/wamp/www/XXXX/TC/Home/View\Index\index.html"  on line 31 "$('html,body').animate({scrollTop:$(this.hash).offset().top},1000);"  - Unexpected ":", expected one of: "}" , " "

[ 2016-12-18T20:37:28+08:00 ] ::1 /XXXX/TC/
INFO: [ app_init ] --START--
INFO: Run Behavior\BuildLiteBehavior [ RunTime:0.000028s ]
INFO: [ app_init ] --END-- [ RunTime:0.000525s ]
INFO: [ app_begin ] --START--
INFO: Run Behavior\ReadHtmlCacheBehavior [ RunTime:0.001148s ]
INFO: [ app_begin ] --END-- [ RunTime:0.001483s ]
INFO: [ view_parse ] --START--
NOTIC: [2] filemtime(): stat failed for D:/wamps/wamp/www/XXXX/TC/Runtime/Cache\3ae81f7bd839163667105f3d53793f7ad33e8550.file.index.html.php D:\wamps\wamp\www\XXXX\ThinkPHP\Library\Vendor\Smarty\sysplugins\smarty_resource.php 第 683 行.
ERR: Syntax Error in template "D:/wamps/wamp/www/XXXX/TC/Home/View\Index\index.html"  on line 70 ".grid{padding-right:20px;}"  - Unexpected ":", expected one of: "}" , " "

[ 2016-12-18T20:37:59+08:00 ] ::1 /XXXX/TC/
INFO: [ app_init ] --START--
INFO: Run Behavior\BuildLiteBehavior [ RunTime:0.000050s ]
INFO: [ app_init ] --END-- [ RunTime:0.000749s ]
INFO: [ app_begin ] --START--
INFO: Run Behavior\ReadHtmlCacheBehavior [ RunTime:0.000510s ]
INFO: [ app_begin ] --END-- [ RunTime:0.000650s ]
INFO: [ view_parse ] --START--
NOTIC: [2] filemtime(): stat failed for D:/wamps/wamp/www/XXXX/TC/Runtime/Cache\3ae81f7bd839163667105f3d53793f7ad33e8550.file.index.html.php D:\wamps\wamp\www\XXXX\ThinkPHP\Library\Vendor\Smarty\sysplugins\smarty_resource.php 第 683 行.
ERR: Syntax Error in template "D:/wamps/wamp/www/XXXX/TC/Home/View\Index\index.html"  on line 76 ".info-bott h5{margin-top:15px;}"  - Unexpected ":", expected one of: "}" , " "

[ 2016-12-18T20:38:10+08:00 ] ::1 /XXXX/TC/
INFO: [ app_init ] --START--
INFO: Run Behavior\BuildLiteBehavior [ RunTime:0.000026s ]
INFO: [ app_init ] --END-- [ RunTime:0.000451s ]
INFO: [ app_begin ] --START--
INFO: Run Behavior\ReadHtmlCacheBehavior [ RunTime:0.000459s ]
INFO: [ app_begin ] --END-- [ RunTime:0.000588s ]
INFO: [ view_parse ] --START--
NOTIC: [2] filemtime(): stat failed for D:/wamps/wamp/www/XXXX/TC/Runtime/Cache\3ae81f7bd839163667105f3d53793f7ad33e8550.file.index.html.php D:\wamps\wamp\www\XXXX\ThinkPHP\Library\Vendor\Smarty\sysplugins\smarty_resource.php 第 683 行.
NOTIC: [2] unlink(D:/wamps/wamp/www/XXXX/TC/Runtime/Cache\3ae81f7bd839163667105f3d53793f7ad33e8550.file.index.html.php): No such file or directory D:\wamps\wamp\www\XXXX\ThinkPHP\Library\Vendor\Smarty\sysplugins\smarty_internal_write_file.php 第 49 行.
NOTIC: [8] Use of undefined constant image - assumed 'image' D:\wamps\wamp\www\XXXX\TC\Runtime\Cache\3ae81f7bd839163667105f3d53793f7ad33e8550.file.index.html.php 第 28 行.
NOTIC: [8] Use of undefined constant image - assumed 'image' D:\wamps\wamp\www\XXXX\TC\Runtime\Cache\3ae81f7bd839163667105f3d53793f7ad33e8550.file.index.html.php 第 30 行.
NOTIC: [8] Use of undefined constant image - assumed 'image' D:\wamps\wamp\www\XXXX\TC\Runtime\Cache\3ae81f7bd839163667105f3d53793f7ad33e8550.file.index.html.php 第 32 行.
NOTIC: [8] Use of undefined constant js - assumed 'js' D:\wamps\wamp\www\XXXX\TC\Runtime\Cache\3ae81f7bd839163667105f3d53793f7ad33e8550.file.index.html.php 第 35 行.
NOTIC: [8] Use of undefined constant css - assumed 'css' D:\wamps\wamp\www\XXXX\TC\Runtime\Cache\3ae81f7bd839163667105f3d53793f7ad33e8550.file.index.html.php 第 38 行.
NOTIC: [8] Use of undefined constant css - assumed 'css' D:\wamps\wamp\www\XXXX\TC\Runtime\Cache\3ae81f7bd839163667105f3d53793f7ad33e8550.file.index.html.php 第 40 行.
NOTIC: [8] Use of undefined constant js - assumed 'js' D:\wamps\wamp\www\XXXX\TC\Runtime\Cache\3ae81f7bd839163667105f3d53793f7ad33e8550.file.index.html.php 第 51 行.
NOTIC: [8] Use of undefined constant js - assumed 'js' D:\wamps\wamp\www\XXXX\TC\Runtime\Cache\3ae81f7bd839163667105f3d53793f7ad33e8550.file.index.html.php 第 53 行.
NOTIC: [8] Use of undefined constant css - assumed 'css' D:\wamps\wamp\www\XXXX\TC\Runtime\Cache\3ae81f7bd839163667105f3d53793f7ad33e8550.file.index.html.php 第 66 行.
NOTIC: [8] Use of undefined constant js - assumed 'js' D:\wamps\wamp\www\XXXX\TC\Runtime\Cache\3ae81f7bd839163667105f3d53793f7ad33e8550.file.index.html.php 第 68 行.
NOTIC: [8] Use of undefined constant js - assumed 'js' D:\wamps\wamp\www\XXXX\TC\Runtime\Cache\3ae81f7bd839163667105f3d53793f7ad33e8550.file.index.html.php 第 74 行.
NOTIC: [8] Use of undefined constant images - assumed 'images' D:\wamps\wamp\www\XXXX\TC\Runtime\Cache\3ae81f7bd839163667105f3d53793f7ad33e8550.file.index.html.php 第 118 行.
NOTIC: [8] Use of undefined constant images - assumed 'images' D:\wamps\wamp\www\XXXX\TC\Runtime\Cache\3ae81f7bd839163667105f3d53793f7ad33e8550.file.index.html.php 第 122 行.
NOTIC: [8] Use of undefined constant image - assumed 'image' D:\wamps\wamp\www\XXXX\TC\Runtime\Cache\3ae81f7bd839163667105f3d53793f7ad33e8550.file.index.html.php 第 156 行.
NOTIC: [8] Use of undefined constant image - assumed 'image' D:\wamps\wamp\www\XXXX\TC\Runtime\Cache\3ae81f7bd839163667105f3d53793f7ad33e8550.file.index.html.php 第 160 行.
NOTIC: [8] Use of undefined constant image - assumed 'image' D:\wamps\wamp\www\XXXX\TC\Runtime\Cache\3ae81f7bd839163667105f3d53793f7ad33e8550.file.index.html.php 第 164 行.
NOTIC: [8] Use of undefined constant images - assumed 'images' D:\wamps\wamp\www\XXXX\TC\Runtime\Cache\3ae81f7bd839163667105f3d53793f7ad33e8550.file.index.html.php 第 186 行.
NOTIC: [8] Use of undefined constant images - assumed 'images' D:\wamps\wamp\www\XXXX\TC\Runtime\Cache\3ae81f7bd839163667105f3d53793f7ad33e8550.file.index.html.php 第 201 行.
NOTIC: [8] Use of undefined constant images - assumed 'images' D:\wamps\wamp\www\XXXX\TC\Runtime\Cache\3ae81f7bd839163667105f3d53793f7ad33e8550.file.index.html.php 第 216 行.
NOTIC: [8] Use of undefined constant image - assumed 'image' D:\wamps\wamp\www\XXXX\TC\Runtime\Cache\3ae81f7bd839163667105f3d53793f7ad33e8550.file.index.html.php 第 238 行.
NOTIC: [8] Use of undefined constant image - assumed 'image' D:\wamps\wamp\www\XXXX\TC\Runtime\Cache\3ae81f7bd839163667105f3d53793f7ad33e8550.file.index.html.php 第 244 行.
NOTIC: [8] Use of undefined constant image - assumed 'image' D:\wamps\wamp\www\XXXX\TC\Runtime\Cache\3ae81f7bd839163667105f3d53793f7ad33e8550.file.index.html.php 第 250 行.
NOTIC: [8] Use of undefined constant image - assumed 'image' D:\wamps\wamp\www\XXXX\TC\Runtime\Cache\3ae81f7bd839163667105f3d53793f7ad33e8550.file.index.html.php 第 256 行.
NOTIC: [8] Use of undefined constant image - assumed 'image' D:\wamps\wamp\www\XXXX\TC\Runtime\Cache\3ae81f7bd839163667105f3d53793f7ad33e8550.file.index.html.php 第 262 行.
NOTIC: [8] Use of undefined constant image - assumed 'image' D:\wamps\wamp\www\XXXX\TC\Runtime\Cache\3ae81f7bd839163667105f3d53793f7ad33e8550.file.index.html.php 第 268 行.
NOTIC: [8] Use of undefined constant image - assumed 'image' D:\wamps\wamp\www\XXXX\TC\Runtime\Cache\3ae81f7bd839163667105f3d53793f7ad33e8550.file.index.html.php 第 274 行.
NOTIC: [8] Use of undefined constant js - assumed 'js' D:\wamps\wamp\www\XXXX\TC\Runtime\Cache\3ae81f7bd839163667105f3d53793f7ad33e8550.file.index.html.php 第 307 行.
NOTIC: [8] Use of undefined constant images - assumed 'images' D:\wamps\wamp\www\XXXX\TC\Runtime\Cache\3ae81f7bd839163667105f3d53793f7ad33e8550.file.index.html.php 第 329 行.
NOTIC: [8] Use of undefined constant js - assumed 'js' D:\wamps\wamp\www\XXXX\TC\Runtime\Cache\3ae81f7bd839163667105f3d53793f7ad33e8550.file.index.html.php 第 357 行.
INFO: Run Behavior\ParseTemplateBehavior [ RunTime:0.503556s ]
INFO: [ view_parse ] --END-- [ RunTime:0.503681s ]
INFO: [ view_filter ] --START--
INFO: Run Behavior\WriteHtmlCacheBehavior [ RunTime:0.000851s ]
INFO: [ view_filter ] --END-- [ RunTime:0.001144s ]
INFO: [ app_end ] --START--
INFO: Run Behavior\ShowPageTraceBehavior [ RunTime:0.002303s ]
INFO: [ app_end ] --END-- [ RunTime:0.002639s ]

[ 2016-12-18T20:38:13+08:00 ] ::1 /XXXX/TC/
INFO: [ app_init ] --START--
INFO: Run Behavior\BuildLiteBehavior [ RunTime:0.000045s ]
INFO: [ app_init ] --END-- [ RunTime:0.001272s ]
INFO: [ app_begin ] --START--
INFO: Run Behavior\ReadHtmlCacheBehavior [ RunTime:0.000845s ]
INFO: [ app_begin ] --END-- [ RunTime:0.001036s ]
INFO: [ view_parse ] --START--
NOTIC: [8] Use of undefined constant image - assumed 'image' D:\wamps\wamp\www\XXXX\TC\Runtime\Cache\3ae81f7bd839163667105f3d53793f7ad33e8550.file.index.html.php 第 28 行.
NOTIC: [8] Use of undefined constant image - assumed 'image' D:\wamps\wamp\www\XXXX\TC\Runtime\Cache\3ae81f7bd839163667105f3d53793f7ad33e8550.file.index.html.php 第 30 行.
NOTIC: [8] Use of undefined constant image - assumed 'image' D:\wamps\wamp\www\XXXX\TC\Runtime\Cache\3ae81f7bd839163667105f3d53793f7ad33e8550.file.index.html.php 第 32 行.
NOTIC: [8] Use of undefined constant js - assumed 'js' D:\wamps\wamp\www\XXXX\TC\Runtime\Cache\3ae81f7bd839163667105f3d53793f7ad33e8550.file.index.html.php 第 35 行.
NOTIC: [8] Use of undefined constant css - assumed 'css' D:\wamps\wamp\www\XXXX\TC\Runtime\Cache\3ae81f7bd839163667105f3d53793f7ad33e8550.file.index.html.php 第 38 行.
NOTIC: [8] Use of undefined constant css - assumed 'css' D:\wamps\wamp\www\XXXX\TC\Runtime\Cache\3ae81f7bd839163667105f3d53793f7ad33e8550.file.index.html.php 第 40 行.
NOTIC: [8] Use of undefined constant js - assumed 'js' D:\wamps\wamp\www\XXXX\TC\Runtime\Cache\3ae81f7bd839163667105f3d53793f7ad33e8550.file.index.html.php 第 51 行.
NOTIC: [8] Use of undefined constant js - assumed 'js' D:\wamps\wamp\www\XXXX\TC\Runtime\Cache\3ae81f7bd839163667105f3d53793f7ad33e8550.file.index.html.php 第 53 行.
NOTIC: [8] Use of undefined constant css - assumed 'css' D:\wamps\wamp\www\XXXX\TC\Runtime\Cache\3ae81f7bd839163667105f3d53793f7ad33e8550.file.index.html.php 第 66 行.
NOTIC: [8] Use of undefined constant js - assumed 'js' D:\wamps\wamp\www\XXXX\TC\Runtime\Cache\3ae81f7bd839163667105f3d53793f7ad33e8550.file.index.html.php 第 68 行.
NOTIC: [8] Use of undefined constant js - assumed 'js' D:\wamps\wamp\www\XXXX\TC\Runtime\Cache\3ae81f7bd839163667105f3d53793f7ad33e8550.file.index.html.php 第 74 行.
NOTIC: [8] Use of undefined constant images - assumed 'images' D:\wamps\wamp\www\XXXX\TC\Runtime\Cache\3ae81f7bd839163667105f3d53793f7ad33e8550.file.index.html.php 第 118 行.
NOTIC: [8] Use of undefined constant images - assumed 'images' D:\wamps\wamp\www\XXXX\TC\Runtime\Cache\3ae81f7bd839163667105f3d53793f7ad33e8550.file.index.html.php 第 122 行.
NOTIC: [8] Use of undefined constant image - assumed 'image' D:\wamps\wamp\www\XXXX\TC\Runtime\Cache\3ae81f7bd839163667105f3d53793f7ad33e8550.file.index.html.php 第 156 行.
NOTIC: [8] Use of undefined constant image - assumed 'image' D:\wamps\wamp\www\XXXX\TC\Runtime\Cache\3ae81f7bd839163667105f3d53793f7ad33e8550.file.index.html.php 第 160 行.
NOTIC: [8] Use of undefined constant image - assumed 'image' D:\wamps\wamp\www\XXXX\TC\Runtime\Cache\3ae81f7bd839163667105f3d53793f7ad33e8550.file.index.html.php 第 164 行.
NOTIC: [8] Use of undefined constant images - assumed 'images' D:\wamps\wamp\www\XXXX\TC\Runtime\Cache\3ae81f7bd839163667105f3d53793f7ad33e8550.file.index.html.php 第 186 行.
NOTIC: [8] Use of undefined constant images - assumed 'images' D:\wamps\wamp\www\XXXX\TC\Runtime\Cache\3ae81f7bd839163667105f3d53793f7ad33e8550.file.index.html.php 第 201 行.
NOTIC: [8] Use of undefined constant images - assumed 'images' D:\wamps\wamp\www\XXXX\TC\Runtime\Cache\3ae81f7bd839163667105f3d53793f7ad33e8550.file.index.html.php 第 216 行.
NOTIC: [8] Use of undefined constant image - assumed 'image' D:\wamps\wamp\www\XXXX\TC\Runtime\Cache\3ae81f7bd839163667105f3d53793f7ad33e8550.file.index.html.php 第 238 行.
NOTIC: [8] Use of undefined constant image - assumed 'image' D:\wamps\wamp\www\XXXX\TC\Runtime\Cache\3ae81f7bd839163667105f3d53793f7ad33e8550.file.index.html.php 第 244 行.
NOTIC: [8] Use of undefined constant image - assumed 'image' D:\wamps\wamp\www\XXXX\TC\Runtime\Cache\3ae81f7bd839163667105f3d53793f7ad33e8550.file.index.html.php 第 250 行.
NOTIC: [8] Use of undefined constant image - assumed 'image' D:\wamps\wamp\www\XXXX\TC\Runtime\Cache\3ae81f7bd839163667105f3d53793f7ad33e8550.file.index.html.php 第 256 行.
NOTIC: [8] Use of undefined constant image - assumed 'image' D:\wamps\wamp\www\XXXX\TC\Runtime\Cache\3ae81f7bd839163667105f3d53793f7ad33e8550.file.index.html.php 第 262 行.
NOTIC: [8] Use of undefined constant image - assumed 'image' D:\wamps\wamp\www\XXXX\TC\Runtime\Cache\3ae81f7bd839163667105f3d53793f7ad33e8550.file.index.html.php 第 268 行.
NOTIC: [8] Use of undefined constant image - assumed 'image' D:\wamps\wamp\www\XXXX\TC\Runtime\Cache\3ae81f7bd839163667105f3d53793f7ad33e8550.file.index.html.php 第 274 行.
NOTIC: [8] Use of undefined constant js - assumed 'js' D:\wamps\wamp\www\XXXX\TC\Runtime\Cache\3ae81f7bd839163667105f3d53793f7ad33e8550.file.index.html.php 第 307 行.
NOTIC: [8] Use of undefined constant images - assumed 'images' D:\wamps\wamp\www\XXXX\TC\Runtime\Cache\3ae81f7bd839163667105f3d53793f7ad33e8550.file.index.html.php 第 329 行.
NOTIC: [8] Use of undefined constant js - assumed 'js' D:\wamps\wamp\www\XXXX\TC\Runtime\Cache\3ae81f7bd839163667105f3d53793f7ad33e8550.file.index.html.php 第 357 行.
INFO: Run Behavior\ParseTemplateBehavior [ RunTime:0.011898s ]
INFO: [ view_parse ] --END-- [ RunTime:0.012046s ]
INFO: [ view_filter ] --START--
INFO: Run Behavior\WriteHtmlCacheBehavior [ RunTime:0.000448s ]
INFO: [ view_filter ] --END-- [ RunTime:0.000567s ]
INFO: [ app_end ] --START--
INFO: Run Behavior\ShowPageTraceBehavior [ RunTime:0.001170s ]
INFO: [ app_end ] --END-- [ RunTime:0.001433s ]

[ 2016-12-18T20:39:06+08:00 ] ::1 /XXXX/TC/index.php
INFO: [ app_init ] --START--
INFO: Run Behavior\BuildLiteBehavior [ RunTime:0.000039s ]
INFO: [ app_init ] --END-- [ RunTime:0.001202s ]
INFO: [ app_begin ] --START--
INFO: Run Behavior\ReadHtmlCacheBehavior [ RunTime:0.000820s ]
INFO: [ app_begin ] --END-- [ RunTime:0.001008s ]
INFO: [ view_parse ] --START--
NOTIC: [8] Use of undefined constant image - assumed 'image' D:\wamps\wamp\www\XXXX\TC\Runtime\Cache\3ae81f7bd839163667105f3d53793f7ad33e8550.file.index.html.php 第 28 行.
NOTIC: [8] Use of undefined constant image - assumed 'image' D:\wamps\wamp\www\XXXX\TC\Runtime\Cache\3ae81f7bd839163667105f3d53793f7ad33e8550.file.index.html.php 第 30 行.
NOTIC: [8] Use of undefined constant image - assumed 'image' D:\wamps\wamp\www\XXXX\TC\Runtime\Cache\3ae81f7bd839163667105f3d53793f7ad33e8550.file.index.html.php 第 32 行.
NOTIC: [8] Use of undefined constant js - assumed 'js' D:\wamps\wamp\www\XXXX\TC\Runtime\Cache\3ae81f7bd839163667105f3d53793f7ad33e8550.file.index.html.php 第 35 行.
NOTIC: [8] Use of undefined constant css - assumed 'css' D:\wamps\wamp\www\XXXX\TC\Runtime\Cache\3ae81f7bd839163667105f3d53793f7ad33e8550.file.index.html.php 第 38 行.
NOTIC: [8] Use of undefined constant css - assumed 'css' D:\wamps\wamp\www\XXXX\TC\Runtime\Cache\3ae81f7bd839163667105f3d53793f7ad33e8550.file.index.html.php 第 40 行.
NOTIC: [8] Use of undefined constant js - assumed 'js' D:\wamps\wamp\www\XXXX\TC\Runtime\Cache\3ae81f7bd839163667105f3d53793f7ad33e8550.file.index.html.php 第 51 行.
NOTIC: [8] Use of undefined constant js - assumed 'js' D:\wamps\wamp\www\XXXX\TC\Runtime\Cache\3ae81f7bd839163667105f3d53793f7ad33e8550.file.index.html.php 第 53 行.
NOTIC: [8] Use of undefined constant css - assumed 'css' D:\wamps\wamp\www\XXXX\TC\Runtime\Cache\3ae81f7bd839163667105f3d53793f7ad33e8550.file.index.html.php 第 66 行.
NOTIC: [8] Use of undefined constant js - assumed 'js' D:\wamps\wamp\www\XXXX\TC\Runtime\Cache\3ae81f7bd839163667105f3d53793f7ad33e8550.file.index.html.php 第 68 行.
NOTIC: [8] Use of undefined constant js - assumed 'js' D:\wamps\wamp\www\XXXX\TC\Runtime\Cache\3ae81f7bd839163667105f3d53793f7ad33e8550.file.index.html.php 第 74 行.
NOTIC: [8] Use of undefined constant images - assumed 'images' D:\wamps\wamp\www\XXXX\TC\Runtime\Cache\3ae81f7bd839163667105f3d53793f7ad33e8550.file.index.html.php 第 118 行.
NOTIC: [8] Use of undefined constant images - assumed 'images' D:\wamps\wamp\www\XXXX\TC\Runtime\Cache\3ae81f7bd839163667105f3d53793f7ad33e8550.file.index.html.php 第 122 行.
NOTIC: [8] Use of undefined constant image - assumed 'image' D:\wamps\wamp\www\XXXX\TC\Runtime\Cache\3ae81f7bd839163667105f3d53793f7ad33e8550.file.index.html.php 第 156 行.
NOTIC: [8] Use of undefined constant image - assumed 'image' D:\wamps\wamp\www\XXXX\TC\Runtime\Cache\3ae81f7bd839163667105f3d53793f7ad33e8550.file.index.html.php 第 160 行.
NOTIC: [8] Use of undefined constant image - assumed 'image' D:\wamps\wamp\www\XXXX\TC\Runtime\Cache\3ae81f7bd839163667105f3d53793f7ad33e8550.file.index.html.php 第 164 行.
NOTIC: [8] Use of undefined constant images - assumed 'images' D:\wamps\wamp\www\XXXX\TC\Runtime\Cache\3ae81f7bd839163667105f3d53793f7ad33e8550.file.index.html.php 第 186 行.
NOTIC: [8] Use of undefined constant images - assumed 'images' D:\wamps\wamp\www\XXXX\TC\Runtime\Cache\3ae81f7bd839163667105f3d53793f7ad33e8550.file.index.html.php 第 201 行.
NOTIC: [8] Use of undefined constant images - assumed 'images' D:\wamps\wamp\www\XXXX\TC\Runtime\Cache\3ae81f7bd839163667105f3d53793f7ad33e8550.file.index.html.php 第 216 行.
NOTIC: [8] Use of undefined constant image - assumed 'image' D:\wamps\wamp\www\XXXX\TC\Runtime\Cache\3ae81f7bd839163667105f3d53793f7ad33e8550.file.index.html.php 第 238 行.
NOTIC: [8] Use of undefined constant image - assumed 'image' D:\wamps\wamp\www\XXXX\TC\Runtime\Cache\3ae81f7bd839163667105f3d53793f7ad33e8550.file.index.html.php 第 244 行.
NOTIC: [8] Use of undefined constant image - assumed 'image' D:\wamps\wamp\www\XXXX\TC\Runtime\Cache\3ae81f7bd839163667105f3d53793f7ad33e8550.file.index.html.php 第 250 行.
NOTIC: [8] Use of undefined constant image - assumed 'image' D:\wamps\wamp\www\XXXX\TC\Runtime\Cache\3ae81f7bd839163667105f3d53793f7ad33e8550.file.index.html.php 第 256 行.
NOTIC: [8] Use of undefined constant image - assumed 'image' D:\wamps\wamp\www\XXXX\TC\Runtime\Cache\3ae81f7bd839163667105f3d53793f7ad33e8550.file.index.html.php 第 262 行.
NOTIC: [8] Use of undefined constant image - assumed 'image' D:\wamps\wamp\www\XXXX\TC\Runtime\Cache\3ae81f7bd839163667105f3d53793f7ad33e8550.file.index.html.php 第 268 行.
NOTIC: [8] Use of undefined constant image - assumed 'image' D:\wamps\wamp\www\XXXX\TC\Runtime\Cache\3ae81f7bd839163667105f3d53793f7ad33e8550.file.index.html.php 第 274 行.
NOTIC: [8] Use of undefined constant js - assumed 'js' D:\wamps\wamp\www\XXXX\TC\Runtime\Cache\3ae81f7bd839163667105f3d53793f7ad33e8550.file.index.html.php 第 307 行.
NOTIC: [8] Use of undefined constant images - assumed 'images' D:\wamps\wamp\www\XXXX\TC\Runtime\Cache\3ae81f7bd839163667105f3d53793f7ad33e8550.file.index.html.php 第 329 行.
NOTIC: [8] Use of undefined constant js - assumed 'js' D:\wamps\wamp\www\XXXX\TC\Runtime\Cache\3ae81f7bd839163667105f3d53793f7ad33e8550.file.index.html.php 第 357 行.
INFO: Run Behavior\ParseTemplateBehavior [ RunTime:0.012410s ]
INFO: [ view_parse ] --END-- [ RunTime:0.012651s ]
INFO: [ view_filter ] --START--
INFO: Run Behavior\WriteHtmlCacheBehavior [ RunTime:0.000464s ]
INFO: [ view_filter ] --END-- [ RunTime:0.000566s ]
INFO: [ app_end ] --START--
INFO: Run Behavior\ShowPageTraceBehavior [ RunTime:0.001316s ]
INFO: [ app_end ] --END-- [ RunTime:0.001568s ]

[ 2016-12-18T20:39:18+08:00 ] ::1 /XXXX/TC/index.php/Home/index/
INFO: [ app_init ] --START--
INFO: Run Behavior\BuildLiteBehavior [ RunTime:0.000061s ]
INFO: [ app_init ] --END-- [ RunTime:0.000943s ]
INFO: [ app_begin ] --START--
INFO: Run Behavior\ReadHtmlCacheBehavior [ RunTime:0.000805s ]
INFO: [ app_begin ] --END-- [ RunTime:0.001053s ]
ERR: 无法加载控制器:Home

[ 2016-12-18T20:42:40+08:00 ] ::1 /XXXX/TC/index.php/Home/index/
INFO: [ app_init ] --START--
INFO: Run Behavior\BuildLiteBehavior [ RunTime:0.000057s ]
INFO: [ app_init ] --END-- [ RunTime:0.000843s ]
INFO: [ app_begin ] --START--
INFO: Run Behavior\ReadHtmlCacheBehavior [ RunTime:0.000553s ]
INFO: [ app_begin ] --END-- [ RunTime:0.000681s ]
ERR: 无法加载控制器:Home

[ 2016-12-18T20:42:45+08:00 ] ::1 /XXXX/TC/index.php
INFO: [ app_init ] --START--
INFO: Run Behavior\BuildLiteBehavior [ RunTime:0.000035s ]
INFO: [ app_init ] --END-- [ RunTime:0.000670s ]
INFO: [ app_begin ] --START--
INFO: Run Behavior\ReadHtmlCacheBehavior [ RunTime:0.000444s ]
INFO: [ app_begin ] --END-- [ RunTime:0.000563s ]
INFO: [ view_parse ] --START--
INFO: Run Behavior\ParseTemplateBehavior [ RunTime:0.370288s ]
INFO: [ view_parse ] --END-- [ RunTime:0.370466s ]
INFO: [ view_filter ] --START--
INFO: Run Behavior\WriteHtmlCacheBehavior [ RunTime:0.000955s ]
INFO: [ view_filter ] --END-- [ RunTime:0.001157s ]
INFO: [ app_end ] --START--
INFO: Run Behavior\ShowPageTraceBehavior [ RunTime:0.000980s ]
INFO: [ app_end ] --END-- [ RunTime:0.001265s ]

[ 2016-12-18T20:44:20+08:00 ] ::1 /XXXX/TC/index.php
INFO: [ app_init ] --START--
INFO: Run Behavior\BuildLiteBehavior [ RunTime:0.000078s ]
INFO: [ app_init ] --END-- [ RunTime:0.001241s ]
INFO: [ app_begin ] --START--
INFO: Run Behavior\ReadHtmlCacheBehavior [ RunTime:0.001289s ]
INFO: [ app_begin ] --END-- [ RunTime:0.001647s ]
INFO: [ view_parse ] --START--
INFO: Run Behavior\ParseTemplateBehavior [ RunTime:0.022228s ]
INFO: [ view_parse ] --END-- [ RunTime:0.022577s ]
INFO: [ view_filter ] --START--
INFO: Run Behavior\WriteHtmlCacheBehavior [ RunTime:0.001281s ]
INFO: [ view_filter ] --END-- [ RunTime:0.001607s ]
INFO: [ app_end ] --START--
INFO: Run Behavior\ShowPageTraceBehavior [ RunTime:0.010483s ]
INFO: [ app_end ] --END-- [ RunTime:0.011000s ]

[ 2016-12-18T20:45:35+08:00 ] ::1 /XXXX/TC/index.php
INFO: [ app_init ] --START--
INFO: Run Behavior\BuildLiteBehavior [ RunTime:0.000031s ]
INFO: [ app_init ] --END-- [ RunTime:0.000443s ]
INFO: [ app_begin ] --START--
INFO: Run Behavior\ReadHtmlCacheBehavior [ RunTime:0.000698s ]
INFO: [ app_begin ] --END-- [ RunTime:0.000916s ]
INFO: [ view_parse ] --START--
INFO: Run Behavior\ParseTemplateBehavior [ RunTime:0.010246s ]
INFO: [ view_parse ] --END-- [ RunTime:0.010430s ]
INFO: [ view_filter ] --START--
INFO: Run Behavior\WriteHtmlCacheBehavior [ RunTime:0.000408s ]
INFO: [ view_filter ] --END-- [ RunTime:0.000527s ]
INFO: [ app_end ] --START--
INFO: Run Behavior\ShowPageTraceBehavior [ RunTime:0.000988s ]
INFO: [ app_end ] --END-- [ RunTime:0.001272s ]

[ 2016-12-18T20:45:41+08:00 ] ::1 /XXXX/TC/index.php
INFO: [ app_init ] --START--
INFO: Run Behavior\BuildLiteBehavior [ RunTime:0.000049s ]
INFO: [ app_init ] --END-- [ RunTime:0.000790s ]
INFO: [ app_begin ] --START--
INFO: Run Behavior\ReadHtmlCacheBehavior [ RunTime:0.001135s ]
INFO: [ app_begin ] --END-- [ RunTime:0.001315s ]
INFO: [ view_parse ] --START--
INFO: Run Behavior\ParseTemplateBehavior [ RunTime:0.011072s ]
INFO: [ view_parse ] --END-- [ RunTime:0.011296s ]
INFO: [ view_filter ] --START--
INFO: Run Behavior\WriteHtmlCacheBehavior [ RunTime:0.000417s ]
INFO: [ view_filter ] --END-- [ RunTime:0.000568s ]
INFO: [ app_end ] --START--
INFO: Run Behavior\ShowPageTraceBehavior [ RunTime:0.001786s ]
INFO: [ app_end ] --END-- [ RunTime:0.002058s ]

[ 2016-12-18T20:49:05+08:00 ] ::1 /XXXX/TC/index.php
INFO: [ app_init ] --START--
INFO: Run Behavior\BuildLiteBehavior [ RunTime:0.000052s ]
INFO: [ app_init ] --END-- [ RunTime:0.001349s ]
INFO: [ app_begin ] --START--
INFO: Run Behavior\ReadHtmlCacheBehavior [ RunTime:0.001527s ]
INFO: [ app_begin ] --END-- [ RunTime:0.001796s ]
INFO: [ view_parse ] --START--
INFO: Run Behavior\ParseTemplateBehavior [ RunTime:0.985256s ]
INFO: [ view_parse ] --END-- [ RunTime:0.985460s ]
INFO: [ view_filter ] --START--
INFO: Run Behavior\WriteHtmlCacheBehavior [ RunTime:0.001306s ]
INFO: [ view_filter ] --END-- [ RunTime:0.001465s ]
INFO: [ app_end ] --START--
INFO: Run Behavior\ShowPageTraceBehavior [ RunTime:0.006451s ]
INFO: [ app_end ] --END-- [ RunTime:0.006747s ]

[ 2016-12-18T20:49:43+08:00 ] ::1 /XXXX/TC/index.php
INFO: [ app_init ] --START--
INFO: Run Behavior\BuildLiteBehavior [ RunTime:0.000024s ]
INFO: [ app_init ] --END-- [ RunTime:0.000465s ]
INFO: [ app_begin ] --START--
INFO: Run Behavior\ReadHtmlCacheBehavior [ RunTime:0.000486s ]
INFO: [ app_begin ] --END-- [ RunTime:0.000599s ]
INFO: [ view_parse ] --START--
INFO: Run Behavior\ParseTemplateBehavior [ RunTime:0.010856s ]
INFO: [ view_parse ] --END-- [ RunTime:0.011029s ]
INFO: [ view_filter ] --START--
INFO: Run Behavior\WriteHtmlCacheBehavior [ RunTime:0.000268s ]
INFO: [ view_filter ] --END-- [ RunTime:0.000381s ]
INFO: [ app_end ] --START--
INFO: Run Behavior\ShowPageTraceBehavior [ RunTime:0.000953s ]
INFO: [ app_end ] --END-- [ RunTime:0.001226s ]

[ 2016-12-18T20:49:45+08:00 ] ::1 /XXXX/TC/index.php
INFO: [ app_init ] --START--
INFO: Run Behavior\BuildLiteBehavior [ RunTime:0.000026s ]
INFO: [ app_init ] --END-- [ RunTime:0.000418s ]
INFO: [ app_begin ] --START--
INFO: Run Behavior\ReadHtmlCacheBehavior [ RunTime:0.000403s ]
INFO: [ app_begin ] --END-- [ RunTime:0.000513s ]
INFO: [ view_parse ] --START--
INFO: Run Behavior\ParseTemplateBehavior [ RunTime:0.007173s ]
INFO: [ view_parse ] --END-- [ RunTime:0.007348s ]
INFO: [ view_filter ] --START--
INFO: Run Behavior\WriteHtmlCacheBehavior [ RunTime:0.000412s ]
INFO: [ view_filter ] --END-- [ RunTime:0.000596s ]
INFO: [ app_end ] --START--
INFO: Run Behavior\ShowPageTraceBehavior [ RunTime:0.000889s ]
INFO: [ app_end ] --END-- [ RunTime:0.001135s ]

[ 2016-12-18T20:49:48+08:00 ] ::1 /XXXX/TC/index.php
INFO: [ app_init ] --START--
INFO: Run Behavior\BuildLiteBehavior [ RunTime:0.000034s ]
INFO: [ app_init ] --END-- [ RunTime:0.000534s ]
INFO: [ app_begin ] --START--
INFO: Run Behavior\ReadHtmlCacheBehavior [ RunTime:0.000555s ]
INFO: [ app_begin ] --END-- [ RunTime:0.000711s ]
INFO: [ view_parse ] --START--
INFO: Run Behavior\ParseTemplateBehavior [ RunTime:0.012611s ]
INFO: [ view_parse ] --END-- [ RunTime:0.012858s ]
INFO: [ view_filter ] --START--
INFO: Run Behavior\WriteHtmlCacheBehavior [ RunTime:0.000327s ]
INFO: [ view_filter ] --END-- [ RunTime:0.000471s ]
INFO: [ app_end ] --START--
INFO: Run Behavior\ShowPageTraceBehavior [ RunTime:0.001164s ]
INFO: [ app_end ] --END-- [ RunTime:0.001672s ]

[ 2016-12-18T20:50:41+08:00 ] ::1 /XXXX/TC/index.php
INFO: [ app_init ] --START--
INFO: Run Behavior\BuildLiteBehavior [ RunTime:0.000058s ]
INFO: [ app_init ] --END-- [ RunTime:0.001471s ]
INFO: [ app_begin ] --START--
INFO: Run Behavior\ReadHtmlCacheBehavior [ RunTime:0.000571s ]
INFO: [ app_begin ] --END-- [ RunTime:0.000713s ]
INFO: [ view_parse ] --START--
INFO: Run Behavior\ParseTemplateBehavior [ RunTime:0.393080s ]
INFO: [ view_parse ] --END-- [ RunTime:0.393250s ]
INFO: [ view_filter ] --START--
INFO: Run Behavior\WriteHtmlCacheBehavior [ RunTime:0.000685s ]
INFO: [ view_filter ] --END-- [ RunTime:0.000899s ]
INFO: [ app_end ] --START--
INFO: Run Behavior\ShowPageTraceBehavior [ RunTime:0.000905s ]
INFO: [ app_end ] --END-- [ RunTime:0.001257s ]

[ 2016-12-18T20:50:42+08:00 ] ::1 /XXXX/TC/index.php
INFO: [ app_init ] --START--
INFO: Run Behavior\BuildLiteBehavior [ RunTime:0.000044s ]
INFO: [ app_init ] --END-- [ RunTime:0.000733s ]
INFO: [ app_begin ] --START--
INFO: Run Behavior\ReadHtmlCacheBehavior [ RunTime:0.000523s ]
INFO: [ app_begin ] --END-- [ RunTime:0.000645s ]
INFO: [ view_parse ] --START--
INFO: Run Behavior\ParseTemplateBehavior [ RunTime:0.012152s ]
INFO: [ view_parse ] --END-- [ RunTime:0.012403s ]
INFO: [ view_filter ] --START--
INFO: Run Behavior\WriteHtmlCacheBehavior [ RunTime:0.000483s ]
INFO: [ view_filter ] --END-- [ RunTime:0.000706s ]
INFO: [ app_end ] --START--
INFO: Run Behavior\ShowPageTraceBehavior [ RunTime:0.001040s ]
INFO: [ app_end ] --END-- [ RunTime:0.001370s ]

[ 2016-12-18T20:52:33+08:00 ] ::1 /XXXX/TC/index.php
INFO: [ app_init ] --START--
INFO: Run Behavior\BuildLiteBehavior [ RunTime:0.000060s ]
INFO: [ app_init ] --END-- [ RunTime:0.000922s ]
INFO: [ app_begin ] --START--
INFO: Run Behavior\ReadHtmlCacheBehavior [ RunTime:0.000710s ]
INFO: [ app_begin ] --END-- [ RunTime:0.000974s ]
INFO: [ view_parse ] --START--
INFO: Run Behavior\ParseTemplateBehavior [ RunTime:0.429963s ]
INFO: [ view_parse ] --END-- [ RunTime:0.430101s ]
INFO: [ view_filter ] --START--
INFO: Run Behavior\WriteHtmlCacheBehavior [ RunTime:0.000516s ]
INFO: [ view_filter ] --END-- [ RunTime:0.000618s ]
INFO: [ app_end ] --START--
INFO: Run Behavior\ShowPageTraceBehavior [ RunTime:0.002521s ]
INFO: [ app_end ] --END-- [ RunTime:0.002886s ]

[ 2016-12-18T21:30:06+08:00 ] ::1 /XXXX/TC/index.php
INFO: [ app_init ] --START--
INFO: Run Behavior\BuildLiteBehavior [ RunTime:0.000057s ]
INFO: [ app_init ] --END-- [ RunTime:0.000858s ]
INFO: [ app_begin ] --START--
INFO: Run Behavior\ReadHtmlCacheBehavior [ RunTime:0.001187s ]
INFO: [ app_begin ] --END-- [ RunTime:0.001534s ]
INFO: [ view_parse ] --START--
ERR: Syntax Error in template "D:/wamps/wamp/www/XXXX/TC/Home/View\Index\index.html"  on line 93 "&lt;li&gt;&lt;a href=&quot;{$smarty.const.__MODULL__/about.html&quot;&gt;简介&lt;/a&gt;&lt;/li&gt;"  - Unexpected ".", expected one of: "}" , " "

[ 2016-12-18T21:31:09+08:00 ] ::1 /XXXX/TC/index.php
INFO: [ app_init ] --START--
INFO: Run Behavior\BuildLiteBehavior [ RunTime:0.000046s ]
INFO: [ app_init ] --END-- [ RunTime:0.000786s ]
INFO: [ app_begin ] --START--
INFO: Run Behavior\ReadHtmlCacheBehavior [ RunTime:0.000656s ]
INFO: [ app_begin ] --END-- [ RunTime:0.000854s ]
INFO: [ view_parse ] --START--
NOTIC: [8] Use of undefined constant __MODULL__ - assumed '__MODULL__' D:\wamps\wamp\www\XXXX\TC\Runtime\Cache\3ae81f7bd839163667105f3d53793f7ad33e8550.file.index.html.php 第 129 行.
INFO: Run Behavior\ParseTemplateBehavior [ RunTime:0.564712s ]
INFO: [ view_parse ] --END-- [ RunTime:0.564845s ]
INFO: [ view_filter ] --START--
INFO: Run Behavior\WriteHtmlCacheBehavior [ RunTime:0.000600s ]
INFO: [ view_filter ] --END-- [ RunTime:0.000710s ]
INFO: [ app_end ] --START--
INFO: Run Behavior\ShowPageTraceBehavior [ RunTime:0.001302s ]
INFO: [ app_end ] --END-- [ RunTime:0.002155s ]

[ 2016-12-18T21:32:00+08:00 ] ::1 /XXXX/TC/index.php
INFO: [ app_init ] --START--
INFO: Run Behavior\BuildLiteBehavior [ RunTime:0.000026s ]
INFO: [ app_init ] --END-- [ RunTime:0.000392s ]
INFO: [ app_begin ] --START--
INFO: Run Behavior\ReadHtmlCacheBehavior [ RunTime:0.000410s ]
INFO: [ app_begin ] --END-- [ RunTime:0.000522s ]
INFO: [ view_parse ] --START--
INFO: Run Behavior\ParseTemplateBehavior [ RunTime:0.411099s ]
INFO: [ view_parse ] --END-- [ RunTime:0.411286s ]
INFO: [ view_filter ] --START--
INFO: Run Behavior\WriteHtmlCacheBehavior [ RunTime:0.001002s ]
INFO: [ view_filter ] --END-- [ RunTime:0.001215s ]
INFO: [ app_end ] --START--
INFO: Run Behavior\ShowPageTraceBehavior [ RunTime:0.004121s ]
INFO: [ app_end ] --END-- [ RunTime:0.004898s ]

