[ 2017-02-23T10:34:03+08:00 ] ::1 /XXXX/TC/
INFO: [ app_init ] --START--
INFO: Run Behavior\BuildLiteBehavior [ RunTime:0.000083s ]
INFO: [ app_init ] --END-- [ RunTime:0.002972s ]
INFO: [ app_begin ] --START--
INFO: Run Behavior\ReadHtmlCacheBehavior [ RunTime:0.008498s ]
INFO: [ app_begin ] --END-- [ RunTime:0.009326s ]
INFO: [ view_parse ] --START--
INFO: Run Behavior\ParseTemplateBehavior [ RunTime:0.111831s ]
INFO: [ view_parse ] --END-- [ RunTime:0.112251s ]
INFO: [ view_filter ] --START--
INFO: Run Behavior\WriteHtmlCacheBehavior [ RunTime:0.007562s ]
INFO: [ view_filter ] --END-- [ RunTime:0.007951s ]
INFO: [ app_end ] --START--
INFO: Run Behavior\ShowPageTraceBehavior [ RunTime:0.019746s ]
INFO: [ app_end ] --END-- [ RunTime:0.021575s ]

[ 2017-02-23T10:34:07+08:00 ] ::1 /XXXX/TC/index.php/Project/contact.html
INFO: [ app_init ] --START--
INFO: Run Behavior\BuildLiteBehavior [ RunTime:0.000081s ]
INFO: [ app_init ] --END-- [ RunTime:0.001355s ]
INFO: [ app_begin ] --START--
INFO: Run Behavior\ReadHtmlCacheBehavior [ RunTime:0.002438s ]
INFO: [ app_begin ] --END-- [ RunTime:0.003094s ]
NOTIC: [2048] Declaration of Home\Controller\ProjectController::show() should be compatible with Think\Controller::show($content, $charset = '', $contentType = '', $prefix = '') D:\wamp\www\XXXX\TC\Home\Controller\ProjectController.class.php 第 6 行.
SQL: SHOW COLUMNS FROM `tc_newstudent` [ RunTime:0.0315s ]
INFO: [ view_parse ] --START--
INFO: Run Behavior\ParseTemplateBehavior [ RunTime:0.048631s ]
INFO: [ view_parse ] --END-- [ RunTime:0.049113s ]
INFO: [ view_filter ] --START--
INFO: Run Behavior\WriteHtmlCacheBehavior [ RunTime:0.000909s ]
INFO: [ view_filter ] --END-- [ RunTime:0.001611s ]
INFO: [ app_end ] --START--
INFO: Run Behavior\ShowPageTraceBehavior [ RunTime:0.003174s ]
INFO: [ app_end ] --END-- [ RunTime:0.004248s ]

[ 2017-02-23T10:34:18+08:00 ] ::1 /XXXX/TC/index.php/inform/login
INFO: [ app_init ] --START--
INFO: Run Behavior\BuildLiteBehavior [ RunTime:0.000141s ]
INFO: [ app_init ] --END-- [ RunTime:0.002226s ]
INFO: [ app_begin ] --START--
INFO: Run Behavior\ReadHtmlCacheBehavior [ RunTime:0.001871s ]
INFO: [ app_begin ] --END-- [ RunTime:0.002318s ]
NOTIC: [2048] Declaration of Home\Controller\InformController::show() should be compatible with Think\Controller::show($content, $charset = '', $contentType = '', $prefix = '') D:\wamp\www\XXXX\TC\Home\Controller\InformController.class.php 第 193 行.
SQL: SHOW COLUMNS FROM `tc_user` [ RunTime:0.0897s ]
INFO: [ view_parse ] --START--
INFO: Run Behavior\ParseTemplateBehavior [ RunTime:0.043026s ]
INFO: [ view_parse ] --END-- [ RunTime:0.043442s ]
INFO: [ view_filter ] --START--
INFO: Run Behavior\WriteHtmlCacheBehavior [ RunTime:0.001045s ]
INFO: [ view_filter ] --END-- [ RunTime:0.001533s ]
INFO: [ app_end ] --START--
INFO: Run Behavior\ShowPageTraceBehavior [ RunTime:0.001441s ]
INFO: [ app_end ] --END-- [ RunTime:0.001841s ]

[ 2017-02-23T10:34:18+08:00 ] ::1 /XXXX/TC/index.php/Inform/verifyImg
INFO: [ app_init ] --START--
INFO: Run Behavior\BuildLiteBehavior [ RunTime:0.000091s ]
INFO: [ app_init ] --END-- [ RunTime:0.001323s ]
INFO: [ app_begin ] --START--
INFO: Run Behavior\ReadHtmlCacheBehavior [ RunTime:0.001553s ]
INFO: [ app_begin ] --END-- [ RunTime:0.002054s ]
NOTIC: [2048] Declaration of Home\Controller\InformController::show() should be compatible with Think\Controller::show($content, $charset = '', $contentType = '', $prefix = '') D:\wamp\www\XXXX\TC\Home\Controller\InformController.class.php 第 193 行.
INFO: [ app_end ] --START--
INFO: Run Behavior\ShowPageTraceBehavior [ RunTime:0.002392s ]
INFO: [ app_end ] --END-- [ RunTime:0.003132s ]

[ 2017-02-23T10:34:37+08:00 ] ::1 /XXXX/TC/index.php/inform/login
INFO: [ app_init ] --START--
INFO: Run Behavior\BuildLiteBehavior [ RunTime:0.000084s ]
INFO: [ app_init ] --END-- [ RunTime:0.001854s ]
INFO: [ app_begin ] --START--
INFO: Run Behavior\ReadHtmlCacheBehavior [ RunTime:0.001988s ]
INFO: [ app_begin ] --END-- [ RunTime:0.002548s ]
NOTIC: [2048] Declaration of Home\Controller\InformController::show() should be compatible with Think\Controller::show($content, $charset = '', $contentType = '', $prefix = '') D:\wamp\www\XXXX\TC\Home\Controller\InformController.class.php 第 193 行.
SQL: SHOW COLUMNS FROM `tc_user` [ RunTime:0.0109s ]
SQL: SELECT * FROM `tc_user` LIMIT 1   [ RunTime:0.0008s ]

[ 2017-02-23T10:37:39+08:00 ] ::1 /XXXX/TC/index.php/inform/login
INFO: [ app_init ] --START--
INFO: Run Behavior\BuildLiteBehavior [ RunTime:0.000085s ]
INFO: [ app_init ] --END-- [ RunTime:0.001727s ]
INFO: [ app_begin ] --START--
INFO: Run Behavior\ReadHtmlCacheBehavior [ RunTime:0.002191s ]
INFO: [ app_begin ] --END-- [ RunTime:0.002819s ]

[ 2017-02-23T10:41:37+08:00 ] ::1 /XXXX/TC/index.php/inform/login
INFO: [ app_init ] --START--
INFO: Run Behavior\BuildLiteBehavior [ RunTime:0.000132s ]
INFO: [ app_init ] --END-- [ RunTime:0.002293s ]
INFO: [ app_begin ] --START--
INFO: Run Behavior\ReadHtmlCacheBehavior [ RunTime:0.002029s ]
INFO: [ app_begin ] --END-- [ RunTime:0.002482s ]

[ 2017-02-23T10:43:20+08:00 ] ::1 /XXXX/TC/index.php/inform/login
INFO: [ app_init ] --START--
INFO: Run Behavior\BuildLiteBehavior [ RunTime:0.000084s ]
INFO: [ app_init ] --END-- [ RunTime:0.001578s ]
INFO: [ app_begin ] --START--
INFO: Run Behavior\ReadHtmlCacheBehavior [ RunTime:0.001813s ]
INFO: [ app_begin ] --END-- [ RunTime:0.002270s ]
NOTIC: [2048] Declaration of Home\Controller\InformController::show() should be compatible with Think\Controller::show($content, $charset = '', $contentType = '', $prefix = '') D:\wamp\www\XXXX\TC\Home\Controller\InformController.class.php 第 195 行.
SQL: SHOW COLUMNS FROM `tc_user` [ RunTime:0.0117s ]
SQL: SELECT * FROM `tc_user` WHERE ( username="$username" ) LIMIT 1   [ RunTime:0.0012s ]
NOTIC: [8] Undefined variable: waitSecond D:\wamp\www\XXXX\ThinkPHP\Library\Think\Controller.class.php 第 287 行.

[ 2017-02-23T10:43:21+08:00 ] ::1 /XXXX/TC/index.php/Inform/add.html
INFO: [ app_init ] --START--
INFO: Run Behavior\BuildLiteBehavior [ RunTime:0.000158s ]
INFO: [ app_init ] --END-- [ RunTime:0.002206s ]
INFO: [ app_begin ] --START--
INFO: Run Behavior\ReadHtmlCacheBehavior [ RunTime:0.001383s ]
INFO: [ app_begin ] --END-- [ RunTime:0.001776s ]
NOTIC: [2048] Declaration of Home\Controller\InformController::show() should be compatible with Think\Controller::show($content, $charset = '', $contentType = '', $prefix = '') D:\wamp\www\XXXX\TC\Home\Controller\InformController.class.php 第 195 行.
NOTIC: [8] Undefined index: drop D:\wamp\www\XXXX\TC\Home\Controller\InformController.class.php 第 63 行.
NOTIC: [8] Undefined index: submit D:\wamp\www\XXXX\TC\Home\Controller\InformController.class.php 第 66 行.
INFO: [ view_parse ] --START--
INFO: Run Behavior\ParseTemplateBehavior [ RunTime:0.065472s ]
INFO: [ view_parse ] --END-- [ RunTime:0.065883s ]
INFO: [ view_filter ] --START--
INFO: Run Behavior\WriteHtmlCacheBehavior [ RunTime:0.001479s ]
INFO: [ view_filter ] --END-- [ RunTime:0.001992s ]
INFO: [ app_end ] --START--
INFO: Run Behavior\ShowPageTraceBehavior [ RunTime:0.003525s ]
INFO: [ app_end ] --END-- [ RunTime:0.004048s ]

[ 2017-02-23T10:43:27+08:00 ] ::1 /XXXX/TC/index.php/inform/login
INFO: [ app_init ] --START--
INFO: Run Behavior\BuildLiteBehavior [ RunTime:0.000242s ]
INFO: [ app_init ] --END-- [ RunTime:0.002310s ]
INFO: [ app_begin ] --START--
INFO: Run Behavior\ReadHtmlCacheBehavior [ RunTime:0.003017s ]
INFO: [ app_begin ] --END-- [ RunTime:0.003776s ]
NOTIC: [2048] Declaration of Home\Controller\InformController::show() should be compatible with Think\Controller::show($content, $charset = '', $contentType = '', $prefix = '') D:\wamp\www\XXXX\TC\Home\Controller\InformController.class.php 第 195 行.
SQL: SHOW COLUMNS FROM `tc_user` [ RunTime:0.0126s ]
INFO: [ view_parse ] --START--
INFO: Run Behavior\ParseTemplateBehavior [ RunTime:0.028625s ]
INFO: [ view_parse ] --END-- [ RunTime:0.029147s ]
INFO: [ view_filter ] --START--
INFO: Run Behavior\WriteHtmlCacheBehavior [ RunTime:0.001030s ]
INFO: [ view_filter ] --END-- [ RunTime:0.001409s ]
INFO: [ app_end ] --START--
INFO: Run Behavior\ShowPageTraceBehavior [ RunTime:0.002196s ]
INFO: [ app_end ] --END-- [ RunTime:0.002985s ]

[ 2017-02-23T10:43:27+08:00 ] ::1 /XXXX/TC/index.php/Inform/verifyImg
INFO: [ app_init ] --START--
INFO: Run Behavior\BuildLiteBehavior [ RunTime:0.000151s ]
INFO: [ app_init ] --END-- [ RunTime:0.001911s ]
INFO: [ app_begin ] --START--
INFO: Run Behavior\ReadHtmlCacheBehavior [ RunTime:0.003253s ]
INFO: [ app_begin ] --END-- [ RunTime:0.003828s ]
NOTIC: [2048] Declaration of Home\Controller\InformController::show() should be compatible with Think\Controller::show($content, $charset = '', $contentType = '', $prefix = '') D:\wamp\www\XXXX\TC\Home\Controller\InformController.class.php 第 195 行.
INFO: [ app_end ] --START--
INFO: Run Behavior\ShowPageTraceBehavior [ RunTime:0.001634s ]
INFO: [ app_end ] --END-- [ RunTime:0.002062s ]

[ 2017-02-23T10:44:22+08:00 ] ::1 /XXXX/TC/index.php/inform/login
INFO: [ app_init ] --START--
INFO: Run Behavior\BuildLiteBehavior [ RunTime:0.000082s ]
INFO: [ app_init ] --END-- [ RunTime:0.001348s ]
INFO: [ app_begin ] --START--
INFO: Run Behavior\ReadHtmlCacheBehavior [ RunTime:0.001330s ]
INFO: [ app_begin ] --END-- [ RunTime:0.001734s ]
NOTIC: [2048] Declaration of Home\Controller\InformController::show() should be compatible with Think\Controller::show($content, $charset = '', $contentType = '', $prefix = '') D:\wamp\www\XXXX\TC\Home\Controller\InformController.class.php 第 197 行.
SQL: SHOW COLUMNS FROM `tc_user` [ RunTime:0.0149s ]
INFO: [ view_parse ] --START--
INFO: Run Behavior\ParseTemplateBehavior [ RunTime:0.029651s ]
INFO: [ view_parse ] --END-- [ RunTime:0.030066s ]
INFO: [ view_filter ] --START--
INFO: Run Behavior\WriteHtmlCacheBehavior [ RunTime:0.000738s ]
INFO: [ view_filter ] --END-- [ RunTime:0.001225s ]
INFO: [ app_end ] --START--
INFO: Run Behavior\ShowPageTraceBehavior [ RunTime:0.002177s ]
INFO: [ app_end ] --END-- [ RunTime:0.002647s ]

[ 2017-02-23T10:44:22+08:00 ] ::1 /XXXX/TC/index.php/Inform/verifyImg
INFO: [ app_init ] --START--
INFO: Run Behavior\BuildLiteBehavior [ RunTime:0.000145s ]
INFO: [ app_init ] --END-- [ RunTime:0.002943s ]
INFO: [ app_begin ] --START--
INFO: Run Behavior\ReadHtmlCacheBehavior [ RunTime:0.003372s ]
INFO: [ app_begin ] --END-- [ RunTime:0.004903s ]
NOTIC: [2048] Declaration of Home\Controller\InformController::show() should be compatible with Think\Controller::show($content, $charset = '', $contentType = '', $prefix = '') D:\wamp\www\XXXX\TC\Home\Controller\InformController.class.php 第 197 行.
INFO: [ app_end ] --START--
INFO: Run Behavior\ShowPageTraceBehavior [ RunTime:0.003091s ]
INFO: [ app_end ] --END-- [ RunTime:0.003970s ]

[ 2017-02-23T10:44:27+08:00 ] ::1 /XXXX/TC/index.php/inform/login
INFO: [ app_init ] --START--
INFO: Run Behavior\BuildLiteBehavior [ RunTime:0.000081s ]
INFO: [ app_init ] --END-- [ RunTime:0.001451s ]
INFO: [ app_begin ] --START--
INFO: Run Behavior\ReadHtmlCacheBehavior [ RunTime:0.002091s ]
INFO: [ app_begin ] --END-- [ RunTime:0.002627s ]
NOTIC: [2048] Declaration of Home\Controller\InformController::show() should be compatible with Think\Controller::show($content, $charset = '', $contentType = '', $prefix = '') D:\wamp\www\XXXX\TC\Home\Controller\InformController.class.php 第 197 行.
SQL: SHOW COLUMNS FROM `tc_user` [ RunTime:0.0107s ]
SQL: SELECT * FROM `tc_user` WHERE ( username="$username" and password="$password" ) LIMIT 1   [ RunTime:0.0011s ]

[ 2017-02-23T10:44:47+08:00 ] ::1 /XXXX/TC/index.php/inform/login
INFO: [ app_init ] --START--
INFO: Run Behavior\BuildLiteBehavior [ RunTime:0.000085s ]
INFO: [ app_init ] --END-- [ RunTime:0.001824s ]
INFO: [ app_begin ] --START--
INFO: Run Behavior\ReadHtmlCacheBehavior [ RunTime:0.001361s ]
INFO: [ app_begin ] --END-- [ RunTime:0.001781s ]
NOTIC: [2048] Declaration of Home\Controller\InformController::show() should be compatible with Think\Controller::show($content, $charset = '', $contentType = '', $prefix = '') D:\wamp\www\XXXX\TC\Home\Controller\InformController.class.php 第 197 行.
SQL: SHOW COLUMNS FROM `tc_user` [ RunTime:0.0100s ]
SQL: SELECT * FROM `tc_user` WHERE ( username="$username" and password="$password" ) LIMIT 1   [ RunTime:0.0009s ]

[ 2017-02-23T10:44:52+08:00 ] ::1 /XXXX/TC/index.php/inform/login
INFO: [ app_init ] --START--
INFO: Run Behavior\BuildLiteBehavior [ RunTime:0.000134s ]
INFO: [ app_init ] --END-- [ RunTime:0.002011s ]
INFO: [ app_begin ] --START--
INFO: Run Behavior\ReadHtmlCacheBehavior [ RunTime:0.001657s ]
INFO: [ app_begin ] --END-- [ RunTime:0.002578s ]
NOTIC: [2048] Declaration of Home\Controller\InformController::show() should be compatible with Think\Controller::show($content, $charset = '', $contentType = '', $prefix = '') D:\wamp\www\XXXX\TC\Home\Controller\InformController.class.php 第 197 行.
SQL: SHOW COLUMNS FROM `tc_user` [ RunTime:0.0126s ]
SQL: SELECT * FROM `tc_user` WHERE ( username="$username" and password="$password" ) LIMIT 1   [ RunTime:0.0009s ]

[ 2017-02-23T10:45:28+08:00 ] ::1 /XXXX/TC/index.php/inform/login
INFO: [ app_init ] --START--
INFO: Run Behavior\BuildLiteBehavior [ RunTime:0.000083s ]
INFO: [ app_init ] --END-- [ RunTime:0.001503s ]
INFO: [ app_begin ] --START--
INFO: Run Behavior\ReadHtmlCacheBehavior [ RunTime:0.002324s ]
INFO: [ app_begin ] --END-- [ RunTime:0.002989s ]
NOTIC: [2048] Declaration of Home\Controller\InformController::show() should be compatible with Think\Controller::show($content, $charset = '', $contentType = '', $prefix = '') D:\wamp\www\XXXX\TC\Home\Controller\InformController.class.php 第 198 行.
SQL: SHOW COLUMNS FROM `tc_user` [ RunTime:0.0119s ]
SQL: SELECT * FROM `tc_user` WHERE ( username="$username" and password="$password" ) LIMIT 1   [ RunTime:0.0014s ]

[ 2017-02-23T10:45:55+08:00 ] ::1 /XXXX/TC/index.php/inform/login
INFO: [ app_init ] --START--
INFO: Run Behavior\BuildLiteBehavior [ RunTime:0.000084s ]
INFO: [ app_init ] --END-- [ RunTime:0.001480s ]
INFO: [ app_begin ] --START--
INFO: Run Behavior\ReadHtmlCacheBehavior [ RunTime:0.002009s ]
INFO: [ app_begin ] --END-- [ RunTime:0.002686s ]
NOTIC: [2048] Declaration of Home\Controller\InformController::show() should be compatible with Think\Controller::show($content, $charset = '', $contentType = '', $prefix = '') D:\wamp\www\XXXX\TC\Home\Controller\InformController.class.php 第 198 行.
SQL: SHOW COLUMNS FROM `tc_user` [ RunTime:0.0138s ]
SQL: SELECT * FROM `tc_user` WHERE ( username="$username" and password="$password" )  [ RunTime:0.0009s ]

[ 2017-02-23T10:46:21+08:00 ] ::1 /XXXX/TC/index.php/inform/login
INFO: [ app_init ] --START--
INFO: Run Behavior\BuildLiteBehavior [ RunTime:0.000080s ]
INFO: [ app_init ] --END-- [ RunTime:0.001302s ]
INFO: [ app_begin ] --START--
INFO: Run Behavior\ReadHtmlCacheBehavior [ RunTime:0.001518s ]
INFO: [ app_begin ] --END-- [ RunTime:0.002020s ]
NOTIC: [2048] Declaration of Home\Controller\InformController::show() should be compatible with Think\Controller::show($content, $charset = '', $contentType = '', $prefix = '') D:\wamp\www\XXXX\TC\Home\Controller\InformController.class.php 第 199 行.
SQL: SHOW COLUMNS FROM `tc_user` [ RunTime:0.0134s ]
INFO: [ view_parse ] --START--
INFO: Run Behavior\ParseTemplateBehavior [ RunTime:0.027797s ]
INFO: [ view_parse ] --END-- [ RunTime:0.028207s ]
INFO: [ view_filter ] --START--
INFO: Run Behavior\WriteHtmlCacheBehavior [ RunTime:0.001273s ]
INFO: [ view_filter ] --END-- [ RunTime:0.001631s ]
INFO: [ app_end ] --START--
INFO: Run Behavior\ShowPageTraceBehavior [ RunTime:0.002065s ]
INFO: [ app_end ] --END-- [ RunTime:0.002541s ]

[ 2017-02-23T10:46:21+08:00 ] ::1 /XXXX/TC/index.php/Inform/verifyImg
INFO: [ app_init ] --START--
INFO: Run Behavior\BuildLiteBehavior [ RunTime:0.000087s ]
INFO: [ app_init ] --END-- [ RunTime:0.002470s ]
INFO: [ app_begin ] --START--
INFO: Run Behavior\ReadHtmlCacheBehavior [ RunTime:0.002875s ]
INFO: [ app_begin ] --END-- [ RunTime:0.003700s ]
NOTIC: [2048] Declaration of Home\Controller\InformController::show() should be compatible with Think\Controller::show($content, $charset = '', $contentType = '', $prefix = '') D:\wamp\www\XXXX\TC\Home\Controller\InformController.class.php 第 199 行.
INFO: [ app_end ] --START--
INFO: Run Behavior\ShowPageTraceBehavior [ RunTime:0.001956s ]
INFO: [ app_end ] --END-- [ RunTime:0.002367s ]

[ 2017-02-23T10:46:31+08:00 ] ::1 /XXXX/TC/index.php/inform/login
INFO: [ app_init ] --START--
INFO: Run Behavior\BuildLiteBehavior [ RunTime:0.000089s ]
INFO: [ app_init ] --END-- [ RunTime:0.002282s ]
INFO: [ app_begin ] --START--
INFO: Run Behavior\ReadHtmlCacheBehavior [ RunTime:0.001386s ]
INFO: [ app_begin ] --END-- [ RunTime:0.001786s ]
NOTIC: [2048] Declaration of Home\Controller\InformController::show() should be compatible with Think\Controller::show($content, $charset = '', $contentType = '', $prefix = '') D:\wamp\www\XXXX\TC\Home\Controller\InformController.class.php 第 199 行.
SQL: SHOW COLUMNS FROM `tc_user` [ RunTime:0.0100s ]
SQL: SELECT * FROM `tc_user` WHERE ( username="$username" and password="$password" )  [ RunTime:0.0008s ]

[ 2017-02-23T10:48:26+08:00 ] ::1 /XXXX/TC/index.php/inform/login
INFO: [ app_init ] --START--
INFO: Run Behavior\BuildLiteBehavior [ RunTime:0.000081s ]
INFO: [ app_init ] --END-- [ RunTime:0.001722s ]
INFO: [ app_begin ] --START--
INFO: Run Behavior\ReadHtmlCacheBehavior [ RunTime:0.002607s ]
INFO: [ app_begin ] --END-- [ RunTime:0.003048s ]
NOTIC: [2048] Declaration of Home\Controller\InformController::show() should be compatible with Think\Controller::show($content, $charset = '', $contentType = '', $prefix = '') D:\wamp\www\XXXX\TC\Home\Controller\InformController.class.php 第 199 行.
SQL: SHOW COLUMNS FROM `tc_user` [ RunTime:0.0190s ]
INFO: [ view_parse ] --START--
INFO: Run Behavior\ParseTemplateBehavior [ RunTime:0.035805s ]
INFO: [ view_parse ] --END-- [ RunTime:0.036319s ]
INFO: [ view_filter ] --START--
INFO: Run Behavior\WriteHtmlCacheBehavior [ RunTime:0.001717s ]
INFO: [ view_filter ] --END-- [ RunTime:0.002080s ]
INFO: [ app_end ] --START--
INFO: Run Behavior\ShowPageTraceBehavior [ RunTime:0.003053s ]
INFO: [ app_end ] --END-- [ RunTime:0.003453s ]

[ 2017-02-23T10:48:26+08:00 ] ::1 /XXXX/TC/index.php/Inform/verifyImg
INFO: [ app_init ] --START--
INFO: Run Behavior\BuildLiteBehavior [ RunTime:0.000455s ]
INFO: [ app_init ] --END-- [ RunTime:0.005140s ]
INFO: [ app_begin ] --START--
INFO: Run Behavior\ReadHtmlCacheBehavior [ RunTime:0.004511s ]
INFO: [ app_begin ] --END-- [ RunTime:0.005178s ]
NOTIC: [2048] Declaration of Home\Controller\InformController::show() should be compatible with Think\Controller::show($content, $charset = '', $contentType = '', $prefix = '') D:\wamp\www\XXXX\TC\Home\Controller\InformController.class.php 第 199 行.
INFO: [ app_end ] --START--
INFO: Run Behavior\ShowPageTraceBehavior [ RunTime:0.004575s ]
INFO: [ app_end ] --END-- [ RunTime:0.005230s ]

[ 2017-02-23T10:48:29+08:00 ] ::1 /XXXX/TC/index.php/inform/register.html
INFO: [ app_init ] --START--
INFO: Run Behavior\BuildLiteBehavior [ RunTime:0.000080s ]
INFO: [ app_init ] --END-- [ RunTime:0.001700s ]
INFO: [ app_begin ] --START--
INFO: Run Behavior\ReadHtmlCacheBehavior [ RunTime:0.003190s ]
INFO: [ app_begin ] --END-- [ RunTime:0.003830s ]
NOTIC: [2048] Declaration of Home\Controller\InformController::show() should be compatible with Think\Controller::show($content, $charset = '', $contentType = '', $prefix = '') D:\wamp\www\XXXX\TC\Home\Controller\InformController.class.php 第 199 行.
SQL: SHOW COLUMNS FROM `tc_user` [ RunTime:0.0103s ]
INFO: [ view_parse ] --START--
INFO: Run Behavior\ParseTemplateBehavior [ RunTime:0.061023s ]
INFO: [ view_parse ] --END-- [ RunTime:0.061480s ]
INFO: [ view_filter ] --START--
INFO: Run Behavior\WriteHtmlCacheBehavior [ RunTime:0.001779s ]
INFO: [ view_filter ] --END-- [ RunTime:0.002251s ]
INFO: [ app_end ] --START--
INFO: Run Behavior\ShowPageTraceBehavior [ RunTime:0.002442s ]
INFO: [ app_end ] --END-- [ RunTime:0.002916s ]

[ 2017-02-23T10:48:46+08:00 ] ::1 /XXXX/TC/index.php/inform/register.html
INFO: [ app_init ] --START--
INFO: Run Behavior\BuildLiteBehavior [ RunTime:0.000084s ]
INFO: [ app_init ] --END-- [ RunTime:0.001485s ]
INFO: [ app_begin ] --START--
INFO: Run Behavior\ReadHtmlCacheBehavior [ RunTime:0.001922s ]
INFO: [ app_begin ] --END-- [ RunTime:0.002385s ]
NOTIC: [2048] Declaration of Home\Controller\InformController::show() should be compatible with Think\Controller::show($content, $charset = '', $contentType = '', $prefix = '') D:\wamp\www\XXXX\TC\Home\Controller\InformController.class.php 第 199 行.
SQL: SHOW COLUMNS FROM `tc_user` [ RunTime:0.0107s ]
NOTIC: [8] Undefined index: validate D:\wamp\www\XXXX\ThinkPHP\Library\Think\Model.class.php 第 1185 行.
NOTIC: [8] Undefined index: auto D:\wamp\www\XXXX\ThinkPHP\Library\Think\Model.class.php 第 1128 行.
SQL: INSERT INTO `tc_user` (`username`,`password`,`email`) VALUES ('123','456','123@qq.com') [ RunTime:0.0665s ]
NOTIC: [8] Undefined variable: waitSecond D:\wamp\www\XXXX\ThinkPHP\Library\Think\Controller.class.php 第 287 行.

[ 2017-02-23T10:48:48+08:00 ] ::1 /XXXX/TC/index.php/Inform/login.html
INFO: [ app_init ] --START--
INFO: Run Behavior\BuildLiteBehavior [ RunTime:0.000159s ]
INFO: [ app_init ] --END-- [ RunTime:0.002043s ]
INFO: [ app_begin ] --START--
INFO: Run Behavior\ReadHtmlCacheBehavior [ RunTime:0.001432s ]
INFO: [ app_begin ] --END-- [ RunTime:0.001911s ]
NOTIC: [2048] Declaration of Home\Controller\InformController::show() should be compatible with Think\Controller::show($content, $charset = '', $contentType = '', $prefix = '') D:\wamp\www\XXXX\TC\Home\Controller\InformController.class.php 第 199 行.
SQL: SHOW COLUMNS FROM `tc_user` [ RunTime:0.0107s ]
INFO: [ view_parse ] --START--
INFO: Run Behavior\ParseTemplateBehavior [ RunTime:0.031357s ]
INFO: [ view_parse ] --END-- [ RunTime:0.032028s ]
INFO: [ view_filter ] --START--
INFO: Run Behavior\WriteHtmlCacheBehavior [ RunTime:0.001550s ]
INFO: [ view_filter ] --END-- [ RunTime:0.002152s ]
INFO: [ app_end ] --START--
INFO: Run Behavior\ShowPageTraceBehavior [ RunTime:0.001915s ]
INFO: [ app_end ] --END-- [ RunTime:0.002283s ]

[ 2017-02-23T10:48:48+08:00 ] ::1 /XXXX/TC/index.php/Inform/verifyImg
INFO: [ app_init ] --START--
INFO: Run Behavior\BuildLiteBehavior [ RunTime:0.000150s ]
INFO: [ app_init ] --END-- [ RunTime:0.002132s ]
INFO: [ app_begin ] --START--
INFO: Run Behavior\ReadHtmlCacheBehavior [ RunTime:0.006818s ]
INFO: [ app_begin ] --END-- [ RunTime:0.007591s ]
NOTIC: [2048] Declaration of Home\Controller\InformController::show() should be compatible with Think\Controller::show($content, $charset = '', $contentType = '', $prefix = '') D:\wamp\www\XXXX\TC\Home\Controller\InformController.class.php 第 199 行.
INFO: [ app_end ] --START--
INFO: Run Behavior\ShowPageTraceBehavior [ RunTime:0.002038s ]
INFO: [ app_end ] --END-- [ RunTime:0.002451s ]

[ 2017-02-23T10:48:56+08:00 ] ::1 /XXXX/TC/index.php/Inform/login.html
INFO: [ app_init ] --START--
INFO: Run Behavior\BuildLiteBehavior [ RunTime:0.000079s ]
INFO: [ app_init ] --END-- [ RunTime:0.001277s ]
INFO: [ app_begin ] --START--
INFO: Run Behavior\ReadHtmlCacheBehavior [ RunTime:0.001519s ]
INFO: [ app_begin ] --END-- [ RunTime:0.002015s ]
NOTIC: [2048] Declaration of Home\Controller\InformController::show() should be compatible with Think\Controller::show($content, $charset = '', $contentType = '', $prefix = '') D:\wamp\www\XXXX\TC\Home\Controller\InformController.class.php 第 199 行.
SQL: SHOW COLUMNS FROM `tc_user` [ RunTime:0.0391s ]
SQL: SELECT * FROM `tc_user` WHERE ( username="$username" and password="$password" )  [ RunTime:0.0013s ]

[ 2017-02-23T10:49:29+08:00 ] ::1 /XXXX/TC/index.php/Inform/login.html
INFO: [ app_init ] --START--
INFO: Run Behavior\BuildLiteBehavior [ RunTime:0.000085s ]
INFO: [ app_init ] --END-- [ RunTime:0.002599s ]
INFO: [ app_begin ] --START--
INFO: Run Behavior\ReadHtmlCacheBehavior [ RunTime:0.004186s ]
INFO: [ app_begin ] --END-- [ RunTime:0.004870s ]
NOTIC: [2048] Declaration of Home\Controller\InformController::show() should be compatible with Think\Controller::show($content, $charset = '', $contentType = '', $prefix = '') D:\wamp\www\XXXX\TC\Home\Controller\InformController.class.php 第 199 行.
SQL: SHOW COLUMNS FROM `tc_user` [ RunTime:0.0138s ]
SQL: SELECT * FROM `tc_user` WHERE ( username="$username" )  [ RunTime:0.0010s ]

[ 2017-02-23T10:49:32+08:00 ] ::1 /XXXX/TC/index.php/Inform/login.html
INFO: [ app_init ] --START--
INFO: Run Behavior\BuildLiteBehavior [ RunTime:0.000081s ]
INFO: [ app_init ] --END-- [ RunTime:0.002011s ]
INFO: [ app_begin ] --START--
INFO: Run Behavior\ReadHtmlCacheBehavior [ RunTime:0.003748s ]
INFO: [ app_begin ] --END-- [ RunTime:0.004175s ]
NOTIC: [2048] Declaration of Home\Controller\InformController::show() should be compatible with Think\Controller::show($content, $charset = '', $contentType = '', $prefix = '') D:\wamp\www\XXXX\TC\Home\Controller\InformController.class.php 第 199 行.
SQL: SHOW COLUMNS FROM `tc_user` [ RunTime:0.0131s ]
SQL: SELECT * FROM `tc_user` WHERE ( username="$username" )  [ RunTime:0.0008s ]

[ 2017-02-23T10:50:31+08:00 ] ::1 /XXXX/TC/index.php/Inform/login.html
INFO: [ app_init ] --START--
INFO: Run Behavior\BuildLiteBehavior [ RunTime:0.000135s ]
INFO: [ app_init ] --END-- [ RunTime:0.002250s ]
INFO: [ app_begin ] --START--
INFO: Run Behavior\ReadHtmlCacheBehavior [ RunTime:0.002969s ]
INFO: [ app_begin ] --END-- [ RunTime:0.003655s ]
NOTIC: [2048] Declaration of Home\Controller\InformController::show() should be compatible with Think\Controller::show($content, $charset = '', $contentType = '', $prefix = '') D:\wamp\www\XXXX\TC\Home\Controller\InformController.class.php 第 199 行.
SQL: SHOW COLUMNS FROM `tc_user` [ RunTime:0.0134s ]
ERR: 1054:Unknown column '$username' in 'where clause'
 [ SQL语句 ] : SELECT * FROM `tc_user` WHERE ( username=$username and password=$password ) 
ERR: 1054:Unknown column '$username' in 'where clause'
 [ SQL语句 ] : SELECT * FROM `tc_user` WHERE ( username=$username and password=$password ) 

[ 2017-02-23T10:50:44+08:00 ] ::1 /XXXX/TC/index.php/Inform/login.html
INFO: [ app_init ] --START--
INFO: Run Behavior\BuildLiteBehavior [ RunTime:0.000160s ]
INFO: [ app_init ] --END-- [ RunTime:0.003106s ]
INFO: [ app_begin ] --START--
INFO: Run Behavior\ReadHtmlCacheBehavior [ RunTime:0.003649s ]
INFO: [ app_begin ] --END-- [ RunTime:0.004785s ]
NOTIC: [2048] Declaration of Home\Controller\InformController::show() should be compatible with Think\Controller::show($content, $charset = '', $contentType = '', $prefix = '') D:\wamp\www\XXXX\TC\Home\Controller\InformController.class.php 第 199 行.
SQL: SHOW COLUMNS FROM `tc_user` [ RunTime:0.0192s ]
SQL: SELECT * FROM `tc_user` WHERE ( username="$username" and password="$password" )  [ RunTime:0.0011s ]

[ 2017-02-23T10:52:25+08:00 ] ::1 /XXXX/TC/index.php/Inform/login.html
INFO: [ app_init ] --START--
INFO: Run Behavior\BuildLiteBehavior [ RunTime:0.000135s ]
INFO: [ app_init ] --END-- [ RunTime:0.002481s ]
INFO: [ app_begin ] --START--
INFO: Run Behavior\ReadHtmlCacheBehavior [ RunTime:0.002145s ]
INFO: [ app_begin ] --END-- [ RunTime:0.002776s ]
NOTIC: [2048] Declaration of Home\Controller\InformController::show() should be compatible with Think\Controller::show($content, $charset = '', $contentType = '', $prefix = '') D:\wamp\www\XXXX\TC\Home\Controller\InformController.class.php 第 201 行.
SQL: SHOW COLUMNS FROM `tc_user` [ RunTime:0.0175s ]
NOTIC: [8192] mysql_query(): The mysql extension is deprecated and will be removed in the future: use mysqli or PDO instead D:\wamp\www\XXXX\TC\Home\Controller\InformController.class.php 第 170 行.
SQL: SELECT * FROM `tc_user` WHERE ( username="$username" and password="$password" )  [ RunTime:0.0009s ]

[ 2017-02-23T10:52:54+08:00 ] ::1 /XXXX/TC/index.php/Inform/login.html
INFO: [ app_init ] --START--
INFO: Run Behavior\BuildLiteBehavior [ RunTime:0.000083s ]
INFO: [ app_init ] --END-- [ RunTime:0.001517s ]
INFO: [ app_begin ] --START--
INFO: Run Behavior\ReadHtmlCacheBehavior [ RunTime:0.002605s ]
INFO: [ app_begin ] --END-- [ RunTime:0.003076s ]
NOTIC: [2048] Declaration of Home\Controller\InformController::show() should be compatible with Think\Controller::show($content, $charset = '', $contentType = '', $prefix = '') D:\wamp\www\XXXX\TC\Home\Controller\InformController.class.php 第 201 行.
SQL: SHOW COLUMNS FROM `tc_user` [ RunTime:0.0126s ]
NOTIC: [8192] mysql_query(): The mysql extension is deprecated and will be removed in the future: use mysqli or PDO instead D:\wamp\www\XXXX\TC\Home\Controller\InformController.class.php 第 170 行.

[ 2017-02-23T10:53:15+08:00 ] ::1 /XXXX/TC/index.php/Inform/login.html
INFO: [ app_init ] --START--
INFO: Run Behavior\BuildLiteBehavior [ RunTime:0.000137s ]
INFO: [ app_init ] --END-- [ RunTime:0.001634s ]
INFO: [ app_begin ] --START--
INFO: Run Behavior\ReadHtmlCacheBehavior [ RunTime:0.002364s ]
INFO: [ app_begin ] --END-- [ RunTime:0.002923s ]
NOTIC: [2048] Declaration of Home\Controller\InformController::show() should be compatible with Think\Controller::show($content, $charset = '', $contentType = '', $prefix = '') D:\wamp\www\XXXX\TC\Home\Controller\InformController.class.php 第 202 行.
SQL: SHOW COLUMNS FROM `tc_user` [ RunTime:0.0140s ]
NOTIC: [8192] mysql_query(): The mysql extension is deprecated and will be removed in the future: use mysqli or PDO instead D:\wamp\www\XXXX\TC\Home\Controller\InformController.class.php 第 171 行.

[ 2017-02-23T10:55:56+08:00 ] ::1 /XXXX/TC/index.php/Inform/login.html
INFO: [ app_init ] --START--
INFO: Run Behavior\BuildLiteBehavior [ RunTime:0.000105s ]
INFO: [ app_init ] --END-- [ RunTime:0.002493s ]
INFO: [ app_begin ] --START--
INFO: Run Behavior\ReadHtmlCacheBehavior [ RunTime:0.003326s ]
INFO: [ app_begin ] --END-- [ RunTime:0.003790s ]
NOTIC: [2048] Declaration of Home\Controller\InformController::show() should be compatible with Think\Controller::show($content, $charset = '', $contentType = '', $prefix = '') D:\wamp\www\XXXX\TC\Home\Controller\InformController.class.php 第 199 行.
SQL: SHOW COLUMNS FROM `tc_user` [ RunTime:0.0118s ]
NOTIC: [8] Undefined variable: res D:\wamp\www\XXXX\TC\Home\Controller\InformController.class.php 第 169 行.
SQL: SELECT * FROM `tc_user` WHERE ( username="$username" and password="$password" )  [ RunTime:0.0012s ]

[ 2017-02-23T10:56:37+08:00 ] ::1 /XXXX/TC/index.php/Inform/login.html
INFO: [ app_init ] --START--
INFO: Run Behavior\BuildLiteBehavior [ RunTime:0.000080s ]
INFO: [ app_init ] --END-- [ RunTime:0.001377s ]
INFO: [ app_begin ] --START--
INFO: Run Behavior\ReadHtmlCacheBehavior [ RunTime:0.002417s ]
INFO: [ app_begin ] --END-- [ RunTime:0.003032s ]
NOTIC: [2048] Declaration of Home\Controller\InformController::show() should be compatible with Think\Controller::show($content, $charset = '', $contentType = '', $prefix = '') D:\wamp\www\XXXX\TC\Home\Controller\InformController.class.php 第 197 行.
SQL: SHOW COLUMNS FROM `tc_user` [ RunTime:0.0207s ]
SQL: SELECT * FROM `tc_user` WHERE ( username="$username" )  [ RunTime:0.0010s ]

[ 2017-02-23T11:06:37+08:00 ] ::1 /XXXX/TC/index.php/Inform/login.html
INFO: [ app_init ] --START--
INFO: Run Behavior\BuildLiteBehavior [ RunTime:0.000082s ]
INFO: [ app_init ] --END-- [ RunTime:0.001486s ]
INFO: [ app_begin ] --START--
INFO: Run Behavior\ReadHtmlCacheBehavior [ RunTime:0.002318s ]
INFO: [ app_begin ] --END-- [ RunTime:0.002898s ]
NOTIC: [2048] Declaration of Home\Controller\InformController::show() should be compatible with Think\Controller::show($content, $charset = '', $contentType = '', $prefix = '') D:\wamp\www\XXXX\TC\Home\Controller\InformController.class.php 第 199 行.
SQL: SHOW COLUMNS FROM `tc_user` [ RunTime:0.0207s ]
SQL: SELECT * FROM `tc_user` WHERE `username` = '123' LIMIT 1   [ RunTime:0.0009s ]

[ 2017-02-23T11:06:59+08:00 ] ::1 /XXXX/TC/index.php/Inform/login.html
INFO: [ app_init ] --START--
INFO: Run Behavior\BuildLiteBehavior [ RunTime:0.000238s ]
INFO: [ app_init ] --END-- [ RunTime:0.002578s ]
INFO: [ app_begin ] --START--
INFO: Run Behavior\ReadHtmlCacheBehavior [ RunTime:0.002379s ]
INFO: [ app_begin ] --END-- [ RunTime:0.003012s ]
NOTIC: [2048] Declaration of Home\Controller\InformController::show() should be compatible with Think\Controller::show($content, $charset = '', $contentType = '', $prefix = '') D:\wamp\www\XXXX\TC\Home\Controller\InformController.class.php 第 199 行.
SQL: SHOW COLUMNS FROM `tc_user` [ RunTime:0.0121s ]
SQL: SELECT * FROM `tc_user` WHERE `username` = '123' LIMIT 1   [ RunTime:0.0016s ]

[ 2017-02-23T11:07:09+08:00 ] ::1 /XXXX/TC/index.php/Inform/login.html
INFO: [ app_init ] --START--
INFO: Run Behavior\BuildLiteBehavior [ RunTime:0.000134s ]
INFO: [ app_init ] --END-- [ RunTime:0.002208s ]
INFO: [ app_begin ] --START--
INFO: Run Behavior\ReadHtmlCacheBehavior [ RunTime:0.002043s ]
INFO: [ app_begin ] --END-- [ RunTime:0.002476s ]
NOTIC: [2048] Declaration of Home\Controller\InformController::show() should be compatible with Think\Controller::show($content, $charset = '', $contentType = '', $prefix = '') D:\wamp\www\XXXX\TC\Home\Controller\InformController.class.php 第 199 行.
SQL: SHOW COLUMNS FROM `tc_user` [ RunTime:0.0136s ]
SQL: SELECT * FROM `tc_user` WHERE `username` = '123' LIMIT 1   [ RunTime:0.0011s ]

[ 2017-02-23T11:08:52+08:00 ] ::1 /XXXX/TC/index.php/Inform/login.html
INFO: [ app_init ] --START--
INFO: Run Behavior\BuildLiteBehavior [ RunTime:0.000081s ]
INFO: [ app_init ] --END-- [ RunTime:0.001596s ]
INFO: [ app_begin ] --START--
INFO: Run Behavior\ReadHtmlCacheBehavior [ RunTime:0.004265s ]
INFO: [ app_begin ] --END-- [ RunTime:0.006243s ]
NOTIC: [2048] Declaration of Home\Controller\InformController::show() should be compatible with Think\Controller::show($content, $charset = '', $contentType = '', $prefix = '') D:\wamp\www\XXXX\TC\Home\Controller\InformController.class.php 第 199 行.
SQL: SHOW COLUMNS FROM `tc_user` [ RunTime:0.0122s ]
SQL: SELECT * FROM `tc_user` WHERE `username` = '123' LIMIT 1   [ RunTime:0.0022s ]

[ 2017-02-23T11:09:13+08:00 ] ::1 /XXXX/TC/index.php/Inform/login.html
INFO: [ app_init ] --START--
INFO: Run Behavior\BuildLiteBehavior [ RunTime:0.000142s ]
INFO: [ app_init ] --END-- [ RunTime:0.001972s ]
INFO: [ app_begin ] --START--
INFO: Run Behavior\ReadHtmlCacheBehavior [ RunTime:0.003021s ]
INFO: [ app_begin ] --END-- [ RunTime:0.003752s ]
NOTIC: [2048] Declaration of Home\Controller\InformController::show() should be compatible with Think\Controller::show($content, $charset = '', $contentType = '', $prefix = '') D:\wamp\www\XXXX\TC\Home\Controller\InformController.class.php 第 199 行.
SQL: SHOW COLUMNS FROM `tc_user` [ RunTime:0.0208s ]
SQL: SELECT * FROM `tc_user` WHERE `username` = '123' LIMIT 1   [ RunTime:0.0011s ]

[ 2017-02-23T11:09:38+08:00 ] ::1 /XXXX/TC/index.php/Inform/login.html
INFO: [ app_init ] --START--
INFO: Run Behavior\BuildLiteBehavior [ RunTime:0.000109s ]
INFO: [ app_init ] --END-- [ RunTime:0.001694s ]
INFO: [ app_begin ] --START--
INFO: Run Behavior\ReadHtmlCacheBehavior [ RunTime:0.002295s ]
INFO: [ app_begin ] --END-- [ RunTime:0.002753s ]
NOTIC: [2048] Declaration of Home\Controller\InformController::show() should be compatible with Think\Controller::show($content, $charset = '', $contentType = '', $prefix = '') D:\wamp\www\XXXX\TC\Home\Controller\InformController.class.php 第 192 行.
SQL: SHOW COLUMNS FROM `tc_user` [ RunTime:0.0169s ]
SQL: SELECT * FROM `tc_user` WHERE `username` = '123' LIMIT 1   [ RunTime:0.0009s ]
NOTIC: [8] Undefined variable: waitSecond D:\wamp\www\XXXX\ThinkPHP\Library\Think\Controller.class.php 第 287 行.

[ 2017-02-23T11:09:39+08:00 ] ::1 /XXXX/TC/index.php/Inform/add.html
INFO: [ app_init ] --START--
INFO: Run Behavior\BuildLiteBehavior [ RunTime:0.000173s ]
INFO: [ app_init ] --END-- [ RunTime:0.002454s ]
INFO: [ app_begin ] --START--
INFO: Run Behavior\ReadHtmlCacheBehavior [ RunTime:0.002261s ]
INFO: [ app_begin ] --END-- [ RunTime:0.002727s ]
NOTIC: [2048] Declaration of Home\Controller\InformController::show() should be compatible with Think\Controller::show($content, $charset = '', $contentType = '', $prefix = '') D:\wamp\www\XXXX\TC\Home\Controller\InformController.class.php 第 192 行.
NOTIC: [8] Undefined index: drop D:\wamp\www\XXXX\TC\Home\Controller\InformController.class.php 第 63 行.
NOTIC: [8] Undefined index: submit D:\wamp\www\XXXX\TC\Home\Controller\InformController.class.php 第 66 行.
INFO: [ view_parse ] --START--
INFO: Run Behavior\ParseTemplateBehavior [ RunTime:0.047868s ]
INFO: [ view_parse ] --END-- [ RunTime:0.048414s ]
INFO: [ view_filter ] --START--
INFO: Run Behavior\WriteHtmlCacheBehavior [ RunTime:0.002892s ]
INFO: [ view_filter ] --END-- [ RunTime:0.003512s ]
INFO: [ app_end ] --START--
INFO: Run Behavior\ShowPageTraceBehavior [ RunTime:0.003493s ]
INFO: [ app_end ] --END-- [ RunTime:0.004167s ]

[ 2017-02-23T11:09:45+08:00 ] ::1 /XXXX/TC/index.php/Inform/login
INFO: [ app_init ] --START--
INFO: Run Behavior\BuildLiteBehavior [ RunTime:0.000081s ]
INFO: [ app_init ] --END-- [ RunTime:0.001378s ]
INFO: [ app_begin ] --START--
INFO: Run Behavior\ReadHtmlCacheBehavior [ RunTime:0.001936s ]
INFO: [ app_begin ] --END-- [ RunTime:0.002343s ]
NOTIC: [2048] Declaration of Home\Controller\InformController::show() should be compatible with Think\Controller::show($content, $charset = '', $contentType = '', $prefix = '') D:\wamp\www\XXXX\TC\Home\Controller\InformController.class.php 第 192 行.
SQL: SHOW COLUMNS FROM `tc_user` [ RunTime:0.0520s ]
INFO: [ view_parse ] --START--
INFO: Run Behavior\ParseTemplateBehavior [ RunTime:0.038038s ]
INFO: [ view_parse ] --END-- [ RunTime:0.038476s ]
INFO: [ view_filter ] --START--
INFO: Run Behavior\WriteHtmlCacheBehavior [ RunTime:0.002022s ]
INFO: [ view_filter ] --END-- [ RunTime:0.002416s ]
INFO: [ app_end ] --START--
INFO: Run Behavior\ShowPageTraceBehavior [ RunTime:0.003056s ]
INFO: [ app_end ] --END-- [ RunTime:0.003668s ]

[ 2017-02-23T11:09:45+08:00 ] ::1 /XXXX/TC/index.php/Inform/verifyImg
INFO: [ app_init ] --START--
INFO: Run Behavior\BuildLiteBehavior [ RunTime:0.000139s ]
INFO: [ app_init ] --END-- [ RunTime:0.003370s ]
INFO: [ app_begin ] --START--
INFO: Run Behavior\ReadHtmlCacheBehavior [ RunTime:0.007017s ]
INFO: [ app_begin ] --END-- [ RunTime:0.008493s ]
NOTIC: [2048] Declaration of Home\Controller\InformController::show() should be compatible with Think\Controller::show($content, $charset = '', $contentType = '', $prefix = '') D:\wamp\www\XXXX\TC\Home\Controller\InformController.class.php 第 192 行.
INFO: [ app_end ] --START--
INFO: Run Behavior\ShowPageTraceBehavior [ RunTime:0.002483s ]
INFO: [ app_end ] --END-- [ RunTime:0.002991s ]

[ 2017-02-23T11:09:51+08:00 ] ::1 /XXXX/TC/index.php/Inform/login
INFO: [ app_init ] --START--
INFO: Run Behavior\BuildLiteBehavior [ RunTime:0.000086s ]
INFO: [ app_init ] --END-- [ RunTime:0.001638s ]
INFO: [ app_begin ] --START--
INFO: Run Behavior\ReadHtmlCacheBehavior [ RunTime:0.002329s ]
INFO: [ app_begin ] --END-- [ RunTime:0.002808s ]
NOTIC: [2048] Declaration of Home\Controller\InformController::show() should be compatible with Think\Controller::show($content, $charset = '', $contentType = '', $prefix = '') D:\wamp\www\XXXX\TC\Home\Controller\InformController.class.php 第 192 行.
SQL: SHOW COLUMNS FROM `tc_user` [ RunTime:0.0113s ]
SQL: SELECT * FROM `tc_user` WHERE `username` = '159' LIMIT 1   [ RunTime:0.0007s ]
NOTIC: [8] Undefined variable: waitSecond D:\wamp\www\XXXX\ThinkPHP\Library\Think\Controller.class.php 第 287 行.

[ 2017-02-23T11:09:52+08:00 ] ::1 /XXXX/TC/index.php/Inform/add.html
INFO: [ app_init ] --START--
INFO: Run Behavior\BuildLiteBehavior [ RunTime:0.000148s ]
INFO: [ app_init ] --END-- [ RunTime:0.002039s ]
INFO: [ app_begin ] --START--
INFO: Run Behavior\ReadHtmlCacheBehavior [ RunTime:0.002345s ]
INFO: [ app_begin ] --END-- [ RunTime:0.002780s ]
NOTIC: [2048] Declaration of Home\Controller\InformController::show() should be compatible with Think\Controller::show($content, $charset = '', $contentType = '', $prefix = '') D:\wamp\www\XXXX\TC\Home\Controller\InformController.class.php 第 192 行.
NOTIC: [8] Undefined index: drop D:\wamp\www\XXXX\TC\Home\Controller\InformController.class.php 第 63 行.
NOTIC: [8] Undefined index: submit D:\wamp\www\XXXX\TC\Home\Controller\InformController.class.php 第 66 行.
INFO: [ view_parse ] --START--
INFO: Run Behavior\ParseTemplateBehavior [ RunTime:0.043767s ]
INFO: [ view_parse ] --END-- [ RunTime:0.044273s ]
INFO: [ view_filter ] --START--
INFO: Run Behavior\WriteHtmlCacheBehavior [ RunTime:0.003322s ]
INFO: [ view_filter ] --END-- [ RunTime:0.003775s ]
INFO: [ app_end ] --START--
INFO: Run Behavior\ShowPageTraceBehavior [ RunTime:0.003585s ]
INFO: [ app_end ] --END-- [ RunTime:0.004453s ]

[ 2017-02-23T11:16:01+08:00 ] ::1 /XXXX/TC/index.php/Inform/add.html
INFO: [ app_init ] --START--
INFO: Run Behavior\BuildLiteBehavior [ RunTime:0.000085s ]
INFO: [ app_init ] --END-- [ RunTime:0.001552s ]
INFO: [ app_begin ] --START--
INFO: Run Behavior\ReadHtmlCacheBehavior [ RunTime:0.002307s ]
INFO: [ app_begin ] --END-- [ RunTime:0.002747s ]
NOTIC: [2048] Declaration of Home\Controller\InformController::show() should be compatible with Think\Controller::show($content, $charset = '', $contentType = '', $prefix = '') D:\wamp\www\XXXX\TC\Home\Controller\InformController.class.php 第 198 行.
NOTIC: [8] Undefined index: drop D:\wamp\www\XXXX\TC\Home\Controller\InformController.class.php 第 63 行.
NOTIC: [8] Undefined index: submit D:\wamp\www\XXXX\TC\Home\Controller\InformController.class.php 第 66 行.
INFO: [ view_parse ] --START--
INFO: Run Behavior\ParseTemplateBehavior [ RunTime:0.037644s ]
INFO: [ view_parse ] --END-- [ RunTime:0.038326s ]
INFO: [ view_filter ] --START--
INFO: Run Behavior\WriteHtmlCacheBehavior [ RunTime:0.001661s ]
INFO: [ view_filter ] --END-- [ RunTime:0.002066s ]
INFO: [ app_end ] --START--
INFO: Run Behavior\ShowPageTraceBehavior [ RunTime:0.003246s ]
INFO: [ app_end ] --END-- [ RunTime:0.003663s ]

[ 2017-02-23T11:16:05+08:00 ] ::1 /XXXX/TC/index.php/Inform/login
INFO: [ app_init ] --START--
INFO: Run Behavior\BuildLiteBehavior [ RunTime:0.000139s ]
INFO: [ app_init ] --END-- [ RunTime:0.001849s ]
INFO: [ app_begin ] --START--
INFO: Run Behavior\ReadHtmlCacheBehavior [ RunTime:0.002348s ]
INFO: [ app_begin ] --END-- [ RunTime:0.002801s ]
NOTIC: [2048] Declaration of Home\Controller\InformController::show() should be compatible with Think\Controller::show($content, $charset = '', $contentType = '', $prefix = '') D:\wamp\www\XXXX\TC\Home\Controller\InformController.class.php 第 198 行.
SQL: SHOW COLUMNS FROM `tc_user` [ RunTime:0.0158s ]
INFO: [ view_parse ] --START--
INFO: Run Behavior\ParseTemplateBehavior [ RunTime:0.036681s ]
INFO: [ view_parse ] --END-- [ RunTime:0.037164s ]
INFO: [ view_filter ] --START--
INFO: Run Behavior\WriteHtmlCacheBehavior [ RunTime:0.001706s ]
INFO: [ view_filter ] --END-- [ RunTime:0.002081s ]
INFO: [ app_end ] --START--
INFO: Run Behavior\ShowPageTraceBehavior [ RunTime:0.002699s ]
INFO: [ app_end ] --END-- [ RunTime:0.003170s ]

[ 2017-02-23T11:16:06+08:00 ] ::1 /XXXX/TC/index.php/Inform/verifyImg
INFO: [ app_init ] --START--
INFO: Run Behavior\BuildLiteBehavior [ RunTime:0.000265s ]
INFO: [ app_init ] --END-- [ RunTime:0.002243s ]
INFO: [ app_begin ] --START--
INFO: Run Behavior\ReadHtmlCacheBehavior [ RunTime:0.003541s ]
INFO: [ app_begin ] --END-- [ RunTime:0.004169s ]
NOTIC: [2048] Declaration of Home\Controller\InformController::show() should be compatible with Think\Controller::show($content, $charset = '', $contentType = '', $prefix = '') D:\wamp\www\XXXX\TC\Home\Controller\InformController.class.php 第 198 行.
INFO: [ app_end ] --START--
INFO: Run Behavior\ShowPageTraceBehavior [ RunTime:0.002365s ]
INFO: [ app_end ] --END-- [ RunTime:0.002965s ]

[ 2017-02-23T11:16:09+08:00 ] ::1 /XXXX/TC/index.php/Inform/verifyImg?k=0.7942950930832606
INFO: [ app_init ] --START--
INFO: Run Behavior\BuildLiteBehavior [ RunTime:0.000092s ]
INFO: [ app_init ] --END-- [ RunTime:0.001829s ]
INFO: [ app_begin ] --START--
INFO: Run Behavior\ReadHtmlCacheBehavior [ RunTime:0.002312s ]
INFO: [ app_begin ] --END-- [ RunTime:0.002747s ]
NOTIC: [2048] Declaration of Home\Controller\InformController::show() should be compatible with Think\Controller::show($content, $charset = '', $contentType = '', $prefix = '') D:\wamp\www\XXXX\TC\Home\Controller\InformController.class.php 第 198 行.
INFO: [ app_end ] --START--
INFO: Run Behavior\ShowPageTraceBehavior [ RunTime:0.002418s ]
INFO: [ app_end ] --END-- [ RunTime:0.002877s ]

[ 2017-02-23T11:16:16+08:00 ] ::1 /XXXX/TC/index.php/Inform/login
INFO: [ app_init ] --START--
INFO: Run Behavior\BuildLiteBehavior [ RunTime:0.000152s ]
INFO: [ app_init ] --END-- [ RunTime:0.001934s ]
INFO: [ app_begin ] --START--
INFO: Run Behavior\ReadHtmlCacheBehavior [ RunTime:0.002146s ]
INFO: [ app_begin ] --END-- [ RunTime:0.002613s ]
NOTIC: [2048] Declaration of Home\Controller\InformController::show() should be compatible with Think\Controller::show($content, $charset = '', $contentType = '', $prefix = '') D:\wamp\www\XXXX\TC\Home\Controller\InformController.class.php 第 198 行.
SQL: SHOW COLUMNS FROM `tc_user` [ RunTime:0.0113s ]
NOTIC: [8] Undefined index: verfiy D:\wamp\www\XXXX\TC\Home\Controller\InformController.class.php 第 163 行.

