[ 2017-04-26T21:23:42+08:00 ] ::1 /XXXX/TC/index.php/Inform/share
INFO: [ app_init ] --START--
INFO: Run Behavior\BuildLiteBehavior [ RunTime:0.000040s ]
INFO: [ app_init ] --END-- [ RunTime:0.001608s ]
INFO: [ app_begin ] --START--
INFO: Run Behavior\ReadHtmlCacheBehavior [ RunTime:0.000996s ]
INFO: [ app_begin ] --END-- [ RunTime:0.001170s ]
NOTIC: [2048] Declaration of Home\Controller\InformController::show() should be compatible with Think\Controller::show($content, $charset = '', $contentType = '', $prefix = '') D:\wamp\www\XXXX\TC\Home\Controller\InformController.class.php 第 9 行.
INFO: [ view_parse ] --START--
INFO: Run Behavior\ParseTemplateBehavior [ RunTime:0.098674s ]
INFO: [ view_parse ] --END-- [ RunTime:0.098903s ]
INFO: [ view_filter ] --START--
INFO: Run Behavior\WriteHtmlCacheBehavior [ RunTime:0.000865s ]
INFO: [ view_filter ] --END-- [ RunTime:0.001037s ]
INFO: [ app_end ] --START--
INFO: Run Behavior\ShowPageTraceBehavior [ RunTime:0.000913s ]
INFO: [ app_end ] --END-- [ RunTime:0.001043s ]

[ 2017-04-26T21:23:43+08:00 ] ::1 /XXXX/TC/index.php/Inform/detail.html
INFO: [ app_init ] --START--
INFO: Run Behavior\BuildLiteBehavior [ RunTime:0.000025s ]
INFO: [ app_init ] --END-- [ RunTime:0.000712s ]
INFO: [ app_begin ] --START--
INFO: Run Behavior\ReadHtmlCacheBehavior [ RunTime:0.000858s ]
INFO: [ app_begin ] --END-- [ RunTime:0.001022s ]
NOTIC: [2048] Declaration of Home\Controller\InformController::show() should be compatible with Think\Controller::show($content, $charset = '', $contentType = '', $prefix = '') D:\wamp\www\XXXX\TC\Home\Controller\InformController.class.php 第 9 行.
SQL: SHOW COLUMNS FROM `tc_bbs` [ RunTime:0.0521s ]
SQL: SELECT COUNT(*) AS tp_count FROM `tc_bbs` LIMIT 1   [ RunTime:0.0005s ]
NOTIC: [8] Use of undefined constant 尾页 - assumed '尾页' D:\wamp\www\XXXX\ThinkPHP\Library\Think\Page.class.php 第 109 行.
SQL: SELECT * FROM `tc_bbs` ORDER BY id DESC LIMIT 0,2   [ RunTime:0.0005s ]
NOTIC: [2048] Only variables should be passed by reference D:\wamp\www\XXXX\TC\Home\Controller\InformController.class.php 第 247 行.
SQL: SHOW COLUMNS FROM `tc_bbscof` [ RunTime:0.0051s ]
SQL: SELECT * FROM `tc_bbscof` WHERE `pid` = 0 ORDER BY id DESC  [ RunTime:0.0005s ]
NOTIC: [8] Undefined index: conf D:\wamp\www\XXXX\TC\Home\Controller\InformController.class.php 第 291 行.
NOTIC: [8] Undefined index: title D:\wamp\www\XXXX\TC\Home\Controller\InformController.class.php 第 292 行.
SQL: SELECT * FROM `tc_bbscof` WHERE `pid` = 27 ORDER BY id DESC  [ RunTime:0.0004s ]
NOTIC: [8] Undefined index: conf D:\wamp\www\XXXX\TC\Home\Controller\InformController.class.php 第 291 行.
NOTIC: [8] Undefined index: title D:\wamp\www\XXXX\TC\Home\Controller\InformController.class.php 第 292 行.
SQL: SELECT * FROM `tc_bbscof` WHERE `pid` = 26 ORDER BY id DESC  [ RunTime:0.0004s ]
NOTIC: [8] Undefined index: conf D:\wamp\www\XXXX\TC\Home\Controller\InformController.class.php 第 291 行.
NOTIC: [8] Undefined index: title D:\wamp\www\XXXX\TC\Home\Controller\InformController.class.php 第 292 行.
SQL: SELECT * FROM `tc_bbscof` WHERE `pid` = 25 ORDER BY id DESC  [ RunTime:0.0004s ]
NOTIC: [8] Undefined index: conf D:\wamp\www\XXXX\TC\Home\Controller\InformController.class.php 第 291 行.
NOTIC: [8] Undefined index: title D:\wamp\www\XXXX\TC\Home\Controller\InformController.class.php 第 292 行.
SQL: SELECT * FROM `tc_bbscof` WHERE `pid` = 24 ORDER BY id DESC  [ RunTime:0.0003s ]
NOTIC: [8] Undefined index: conf D:\wamp\www\XXXX\TC\Home\Controller\InformController.class.php 第 291 行.
NOTIC: [8] Undefined index: title D:\wamp\www\XXXX\TC\Home\Controller\InformController.class.php 第 292 行.
SQL: SELECT * FROM `tc_bbscof` WHERE `pid` = 23 ORDER BY id DESC  [ RunTime:0.0004s ]
NOTIC: [8] Undefined index: conf D:\wamp\www\XXXX\TC\Home\Controller\InformController.class.php 第 291 行.
NOTIC: [8] Undefined index: title D:\wamp\www\XXXX\TC\Home\Controller\InformController.class.php 第 292 行.
SQL: SELECT * FROM `tc_bbscof` WHERE `pid` = 22 ORDER BY id DESC  [ RunTime:0.0004s ]
NOTIC: [8] Undefined index: conf D:\wamp\www\XXXX\TC\Home\Controller\InformController.class.php 第 291 行.
NOTIC: [8] Undefined index: title D:\wamp\www\XXXX\TC\Home\Controller\InformController.class.php 第 292 行.
SQL: SELECT * FROM `tc_bbscof` WHERE `pid` = 18 ORDER BY id DESC  [ RunTime:0.0004s ]
NOTIC: [8] Undefined index: conf D:\wamp\www\XXXX\TC\Home\Controller\InformController.class.php 第 291 行.
NOTIC: [8] Undefined index: title D:\wamp\www\XXXX\TC\Home\Controller\InformController.class.php 第 292 行.
SQL: SELECT * FROM `tc_bbscof` WHERE `pid` = 19 ORDER BY id DESC  [ RunTime:0.0004s ]
NOTIC: [8] Undefined index: conf D:\wamp\www\XXXX\TC\Home\Controller\InformController.class.php 第 291 行.
NOTIC: [8] Undefined index: title D:\wamp\www\XXXX\TC\Home\Controller\InformController.class.php 第 292 行.
SQL: SELECT * FROM `tc_bbscof` WHERE `pid` = 20 ORDER BY id DESC  [ RunTime:0.0004s ]
NOTIC: [8] Undefined index: conf D:\wamp\www\XXXX\TC\Home\Controller\InformController.class.php 第 291 行.
NOTIC: [8] Undefined index: title D:\wamp\www\XXXX\TC\Home\Controller\InformController.class.php 第 292 行.
SQL: SELECT * FROM `tc_bbscof` WHERE `pid` = 21 ORDER BY id DESC  [ RunTime:0.0003s ]
INFO: [ view_parse ] --START--
INFO: Run Behavior\ParseTemplateBehavior [ RunTime:0.047988s ]
INFO: [ view_parse ] --END-- [ RunTime:0.048167s ]
INFO: [ view_filter ] --START--
INFO: Run Behavior\WriteHtmlCacheBehavior [ RunTime:0.001072s ]
INFO: [ view_filter ] --END-- [ RunTime:0.001202s ]
INFO: [ app_end ] --START--
INFO: Run Behavior\ShowPageTraceBehavior [ RunTime:0.000802s ]
INFO: [ app_end ] --END-- [ RunTime:0.000981s ]

[ 2017-04-26T21:23:50+08:00 ] ::1 /XXXX/TC/index.php/Inform/detail/p/2.html
INFO: [ app_init ] --START--
INFO: Run Behavior\BuildLiteBehavior [ RunTime:0.000023s ]
INFO: [ app_init ] --END-- [ RunTime:0.000632s ]
INFO: [ app_begin ] --START--
INFO: Run Behavior\ReadHtmlCacheBehavior [ RunTime:0.000613s ]
INFO: [ app_begin ] --END-- [ RunTime:0.000725s ]
NOTIC: [2048] Declaration of Home\Controller\InformController::show() should be compatible with Think\Controller::show($content, $charset = '', $contentType = '', $prefix = '') D:\wamp\www\XXXX\TC\Home\Controller\InformController.class.php 第 9 行.
SQL: SHOW COLUMNS FROM `tc_bbs` [ RunTime:0.0063s ]
SQL: SELECT COUNT(*) AS tp_count FROM `tc_bbs` LIMIT 1   [ RunTime:0.0003s ]
NOTIC: [8] Use of undefined constant 尾页 - assumed '尾页' D:\wamp\www\XXXX\ThinkPHP\Library\Think\Page.class.php 第 109 行.
SQL: SELECT * FROM `tc_bbs` ORDER BY id DESC LIMIT 2,2   [ RunTime:0.0004s ]
NOTIC: [2048] Only variables should be passed by reference D:\wamp\www\XXXX\TC\Home\Controller\InformController.class.php 第 247 行.
SQL: SHOW COLUMNS FROM `tc_bbscof` [ RunTime:0.0064s ]
SQL: SELECT * FROM `tc_bbscof` WHERE `pid` = 0 ORDER BY id DESC  [ RunTime:0.0005s ]
NOTIC: [8] Undefined index: conf D:\wamp\www\XXXX\TC\Home\Controller\InformController.class.php 第 291 行.
NOTIC: [8] Undefined index: title D:\wamp\www\XXXX\TC\Home\Controller\InformController.class.php 第 292 行.
SQL: SELECT * FROM `tc_bbscof` WHERE `pid` = 27 ORDER BY id DESC  [ RunTime:0.0006s ]
NOTIC: [8] Undefined index: conf D:\wamp\www\XXXX\TC\Home\Controller\InformController.class.php 第 291 行.
NOTIC: [8] Undefined index: title D:\wamp\www\XXXX\TC\Home\Controller\InformController.class.php 第 292 行.
SQL: SELECT * FROM `tc_bbscof` WHERE `pid` = 26 ORDER BY id DESC  [ RunTime:0.0003s ]
NOTIC: [8] Undefined index: conf D:\wamp\www\XXXX\TC\Home\Controller\InformController.class.php 第 291 行.
NOTIC: [8] Undefined index: title D:\wamp\www\XXXX\TC\Home\Controller\InformController.class.php 第 292 行.
SQL: SELECT * FROM `tc_bbscof` WHERE `pid` = 25 ORDER BY id DESC  [ RunTime:0.0003s ]
NOTIC: [8] Undefined index: conf D:\wamp\www\XXXX\TC\Home\Controller\InformController.class.php 第 291 行.
NOTIC: [8] Undefined index: title D:\wamp\www\XXXX\TC\Home\Controller\InformController.class.php 第 292 行.
SQL: SELECT * FROM `tc_bbscof` WHERE `pid` = 24 ORDER BY id DESC  [ RunTime:0.0003s ]
NOTIC: [8] Undefined index: conf D:\wamp\www\XXXX\TC\Home\Controller\InformController.class.php 第 291 行.
NOTIC: [8] Undefined index: title D:\wamp\www\XXXX\TC\Home\Controller\InformController.class.php 第 292 行.
SQL: SELECT * FROM `tc_bbscof` WHERE `pid` = 23 ORDER BY id DESC  [ RunTime:0.0003s ]
NOTIC: [8] Undefined index: conf D:\wamp\www\XXXX\TC\Home\Controller\InformController.class.php 第 291 行.
NOTIC: [8] Undefined index: title D:\wamp\www\XXXX\TC\Home\Controller\InformController.class.php 第 292 行.
SQL: SELECT * FROM `tc_bbscof` WHERE `pid` = 22 ORDER BY id DESC  [ RunTime:0.0003s ]
NOTIC: [8] Undefined index: conf D:\wamp\www\XXXX\TC\Home\Controller\InformController.class.php 第 291 行.
NOTIC: [8] Undefined index: title D:\wamp\www\XXXX\TC\Home\Controller\InformController.class.php 第 292 行.
SQL: SELECT * FROM `tc_bbscof` WHERE `pid` = 18 ORDER BY id DESC  [ RunTime:0.0003s ]
NOTIC: [8] Undefined index: conf D:\wamp\www\XXXX\TC\Home\Controller\InformController.class.php 第 291 行.
NOTIC: [8] Undefined index: title D:\wamp\www\XXXX\TC\Home\Controller\InformController.class.php 第 292 行.
SQL: SELECT * FROM `tc_bbscof` WHERE `pid` = 19 ORDER BY id DESC  [ RunTime:0.0003s ]
NOTIC: [8] Undefined index: conf D:\wamp\www\XXXX\TC\Home\Controller\InformController.class.php 第 291 行.
NOTIC: [8] Undefined index: title D:\wamp\www\XXXX\TC\Home\Controller\InformController.class.php 第 292 行.
SQL: SELECT * FROM `tc_bbscof` WHERE `pid` = 20 ORDER BY id DESC  [ RunTime:0.0004s ]
NOTIC: [8] Undefined index: conf D:\wamp\www\XXXX\TC\Home\Controller\InformController.class.php 第 291 行.
NOTIC: [8] Undefined index: title D:\wamp\www\XXXX\TC\Home\Controller\InformController.class.php 第 292 行.
SQL: SELECT * FROM `tc_bbscof` WHERE `pid` = 21 ORDER BY id DESC  [ RunTime:0.0003s ]
INFO: [ view_parse ] --START--
INFO: Run Behavior\ParseTemplateBehavior [ RunTime:0.012025s ]
INFO: [ view_parse ] --END-- [ RunTime:0.012139s ]
INFO: [ view_filter ] --START--
INFO: Run Behavior\WriteHtmlCacheBehavior [ RunTime:0.000494s ]
INFO: [ view_filter ] --END-- [ RunTime:0.000598s ]
INFO: [ app_end ] --START--
INFO: Run Behavior\ShowPageTraceBehavior [ RunTime:0.000673s ]
INFO: [ app_end ] --END-- [ RunTime:0.000822s ]

[ 2017-04-26T21:23:53+08:00 ] ::1 /XXXX/TC/index.php/Inform/detail/p/1.html
INFO: [ app_init ] --START--
INFO: Run Behavior\BuildLiteBehavior [ RunTime:0.000025s ]
INFO: [ app_init ] --END-- [ RunTime:0.000606s ]
INFO: [ app_begin ] --START--
INFO: Run Behavior\ReadHtmlCacheBehavior [ RunTime:0.000617s ]
INFO: [ app_begin ] --END-- [ RunTime:0.000726s ]
NOTIC: [2048] Declaration of Home\Controller\InformController::show() should be compatible with Think\Controller::show($content, $charset = '', $contentType = '', $prefix = '') D:\wamp\www\XXXX\TC\Home\Controller\InformController.class.php 第 9 行.
SQL: SHOW COLUMNS FROM `tc_bbs` [ RunTime:0.1540s ]
SQL: SELECT COUNT(*) AS tp_count FROM `tc_bbs` LIMIT 1   [ RunTime:0.0006s ]
NOTIC: [8] Use of undefined constant 尾页 - assumed '尾页' D:\wamp\www\XXXX\ThinkPHP\Library\Think\Page.class.php 第 109 行.
SQL: SELECT * FROM `tc_bbs` ORDER BY id DESC LIMIT 0,2   [ RunTime:0.0008s ]
NOTIC: [2048] Only variables should be passed by reference D:\wamp\www\XXXX\TC\Home\Controller\InformController.class.php 第 247 行.
SQL: SHOW COLUMNS FROM `tc_bbscof` [ RunTime:0.0089s ]
SQL: SELECT * FROM `tc_bbscof` WHERE `pid` = 0 ORDER BY id DESC  [ RunTime:0.0007s ]
NOTIC: [8] Undefined index: conf D:\wamp\www\XXXX\TC\Home\Controller\InformController.class.php 第 291 行.
NOTIC: [8] Undefined index: title D:\wamp\www\XXXX\TC\Home\Controller\InformController.class.php 第 292 行.
SQL: SELECT * FROM `tc_bbscof` WHERE `pid` = 27 ORDER BY id DESC  [ RunTime:0.0004s ]
NOTIC: [8] Undefined index: conf D:\wamp\www\XXXX\TC\Home\Controller\InformController.class.php 第 291 行.
NOTIC: [8] Undefined index: title D:\wamp\www\XXXX\TC\Home\Controller\InformController.class.php 第 292 行.
SQL: SELECT * FROM `tc_bbscof` WHERE `pid` = 26 ORDER BY id DESC  [ RunTime:0.0004s ]
NOTIC: [8] Undefined index: conf D:\wamp\www\XXXX\TC\Home\Controller\InformController.class.php 第 291 行.
NOTIC: [8] Undefined index: title D:\wamp\www\XXXX\TC\Home\Controller\InformController.class.php 第 292 行.
SQL: SELECT * FROM `tc_bbscof` WHERE `pid` = 25 ORDER BY id DESC  [ RunTime:0.0004s ]
NOTIC: [8] Undefined index: conf D:\wamp\www\XXXX\TC\Home\Controller\InformController.class.php 第 291 行.
NOTIC: [8] Undefined index: title D:\wamp\www\XXXX\TC\Home\Controller\InformController.class.php 第 292 行.
SQL: SELECT * FROM `tc_bbscof` WHERE `pid` = 24 ORDER BY id DESC  [ RunTime:0.0004s ]
NOTIC: [8] Undefined index: conf D:\wamp\www\XXXX\TC\Home\Controller\InformController.class.php 第 291 行.
NOTIC: [8] Undefined index: title D:\wamp\www\XXXX\TC\Home\Controller\InformController.class.php 第 292 行.
SQL: SELECT * FROM `tc_bbscof` WHERE `pid` = 23 ORDER BY id DESC  [ RunTime:0.0004s ]
NOTIC: [8] Undefined index: conf D:\wamp\www\XXXX\TC\Home\Controller\InformController.class.php 第 291 行.
NOTIC: [8] Undefined index: title D:\wamp\www\XXXX\TC\Home\Controller\InformController.class.php 第 292 行.
SQL: SELECT * FROM `tc_bbscof` WHERE `pid` = 22 ORDER BY id DESC  [ RunTime:0.0003s ]
NOTIC: [8] Undefined index: conf D:\wamp\www\XXXX\TC\Home\Controller\InformController.class.php 第 291 行.
NOTIC: [8] Undefined index: title D:\wamp\www\XXXX\TC\Home\Controller\InformController.class.php 第 292 行.
SQL: SELECT * FROM `tc_bbscof` WHERE `pid` = 18 ORDER BY id DESC  [ RunTime:0.0004s ]
NOTIC: [8] Undefined index: conf D:\wamp\www\XXXX\TC\Home\Controller\InformController.class.php 第 291 行.
NOTIC: [8] Undefined index: title D:\wamp\www\XXXX\TC\Home\Controller\InformController.class.php 第 292 行.
SQL: SELECT * FROM `tc_bbscof` WHERE `pid` = 19 ORDER BY id DESC  [ RunTime:0.0003s ]
NOTIC: [8] Undefined index: conf D:\wamp\www\XXXX\TC\Home\Controller\InformController.class.php 第 291 行.
NOTIC: [8] Undefined index: title D:\wamp\www\XXXX\TC\Home\Controller\InformController.class.php 第 292 行.
SQL: SELECT * FROM `tc_bbscof` WHERE `pid` = 20 ORDER BY id DESC  [ RunTime:0.0003s ]
NOTIC: [8] Undefined index: conf D:\wamp\www\XXXX\TC\Home\Controller\InformController.class.php 第 291 行.
NOTIC: [8] Undefined index: title D:\wamp\www\XXXX\TC\Home\Controller\InformController.class.php 第 292 行.
SQL: SELECT * FROM `tc_bbscof` WHERE `pid` = 21 ORDER BY id DESC  [ RunTime:0.0004s ]
INFO: [ view_parse ] --START--
INFO: Run Behavior\ParseTemplateBehavior [ RunTime:0.011437s ]
INFO: [ view_parse ] --END-- [ RunTime:0.011586s ]
INFO: [ view_filter ] --START--
INFO: Run Behavior\WriteHtmlCacheBehavior [ RunTime:0.000374s ]
INFO: [ view_filter ] --END-- [ RunTime:0.000491s ]
INFO: [ app_end ] --START--
INFO: Run Behavior\ShowPageTraceBehavior [ RunTime:0.000733s ]
INFO: [ app_end ] --END-- [ RunTime:0.000852s ]

[ 2017-04-26T21:25:01+08:00 ] ::1 /XXXX/TC/index.php/Inform/detail/p/3.html
INFO: [ app_init ] --START--
INFO: Run Behavior\BuildLiteBehavior [ RunTime:0.000029s ]
INFO: [ app_init ] --END-- [ RunTime:0.000706s ]
INFO: [ app_begin ] --START--
INFO: Run Behavior\ReadHtmlCacheBehavior [ RunTime:0.000730s ]
INFO: [ app_begin ] --END-- [ RunTime:0.000861s ]
NOTIC: [2048] Declaration of Home\Controller\InformController::show() should be compatible with Think\Controller::show($content, $charset = '', $contentType = '', $prefix = '') D:\wamp\www\XXXX\TC\Home\Controller\InformController.class.php 第 9 行.
SQL: SHOW COLUMNS FROM `tc_bbs` [ RunTime:0.0166s ]
SQL: SELECT COUNT(*) AS tp_count FROM `tc_bbs` LIMIT 1   [ RunTime:0.0003s ]
NOTIC: [8] Use of undefined constant 尾页 - assumed '尾页' D:\wamp\www\XXXX\ThinkPHP\Library\Think\Page.class.php 第 109 行.
SQL: SELECT * FROM `tc_bbs` ORDER BY id DESC LIMIT 4,2   [ RunTime:0.0004s ]
NOTIC: [2048] Only variables should be passed by reference D:\wamp\www\XXXX\TC\Home\Controller\InformController.class.php 第 247 行.
SQL: SHOW COLUMNS FROM `tc_bbscof` [ RunTime:0.0056s ]
SQL: SELECT * FROM `tc_bbscof` WHERE `pid` = 0 ORDER BY id DESC  [ RunTime:0.0004s ]
NOTIC: [8] Undefined index: conf D:\wamp\www\XXXX\TC\Home\Controller\InformController.class.php 第 291 行.
NOTIC: [8] Undefined index: title D:\wamp\www\XXXX\TC\Home\Controller\InformController.class.php 第 292 行.
SQL: SELECT * FROM `tc_bbscof` WHERE `pid` = 27 ORDER BY id DESC  [ RunTime:0.0004s ]
NOTIC: [8] Undefined index: conf D:\wamp\www\XXXX\TC\Home\Controller\InformController.class.php 第 291 行.
NOTIC: [8] Undefined index: title D:\wamp\www\XXXX\TC\Home\Controller\InformController.class.php 第 292 行.
SQL: SELECT * FROM `tc_bbscof` WHERE `pid` = 26 ORDER BY id DESC  [ RunTime:0.0004s ]
NOTIC: [8] Undefined index: conf D:\wamp\www\XXXX\TC\Home\Controller\InformController.class.php 第 291 行.
NOTIC: [8] Undefined index: title D:\wamp\www\XXXX\TC\Home\Controller\InformController.class.php 第 292 行.
SQL: SELECT * FROM `tc_bbscof` WHERE `pid` = 25 ORDER BY id DESC  [ RunTime:0.0003s ]
NOTIC: [8] Undefined index: conf D:\wamp\www\XXXX\TC\Home\Controller\InformController.class.php 第 291 行.
NOTIC: [8] Undefined index: title D:\wamp\www\XXXX\TC\Home\Controller\InformController.class.php 第 292 行.
SQL: SELECT * FROM `tc_bbscof` WHERE `pid` = 24 ORDER BY id DESC  [ RunTime:0.0003s ]
NOTIC: [8] Undefined index: conf D:\wamp\www\XXXX\TC\Home\Controller\InformController.class.php 第 291 行.
NOTIC: [8] Undefined index: title D:\wamp\www\XXXX\TC\Home\Controller\InformController.class.php 第 292 行.
SQL: SELECT * FROM `tc_bbscof` WHERE `pid` = 23 ORDER BY id DESC  [ RunTime:0.0003s ]
NOTIC: [8] Undefined index: conf D:\wamp\www\XXXX\TC\Home\Controller\InformController.class.php 第 291 行.
NOTIC: [8] Undefined index: title D:\wamp\www\XXXX\TC\Home\Controller\InformController.class.php 第 292 行.
SQL: SELECT * FROM `tc_bbscof` WHERE `pid` = 22 ORDER BY id DESC  [ RunTime:0.0003s ]
NOTIC: [8] Undefined index: conf D:\wamp\www\XXXX\TC\Home\Controller\InformController.class.php 第 291 行.
NOTIC: [8] Undefined index: title D:\wamp\www\XXXX\TC\Home\Controller\InformController.class.php 第 292 行.
SQL: SELECT * FROM `tc_bbscof` WHERE `pid` = 18 ORDER BY id DESC  [ RunTime:0.0003s ]
NOTIC: [8] Undefined index: conf D:\wamp\www\XXXX\TC\Home\Controller\InformController.class.php 第 291 行.
NOTIC: [8] Undefined index: title D:\wamp\www\XXXX\TC\Home\Controller\InformController.class.php 第 292 行.
SQL: SELECT * FROM `tc_bbscof` WHERE `pid` = 19 ORDER BY id DESC  [ RunTime:0.0004s ]
NOTIC: [8] Undefined index: conf D:\wamp\www\XXXX\TC\Home\Controller\InformController.class.php 第 291 行.
NOTIC: [8] Undefined index: title D:\wamp\www\XXXX\TC\Home\Controller\InformController.class.php 第 292 行.
SQL: SELECT * FROM `tc_bbscof` WHERE `pid` = 20 ORDER BY id DESC  [ RunTime:0.0004s ]
NOTIC: [8] Undefined index: conf D:\wamp\www\XXXX\TC\Home\Controller\InformController.class.php 第 291 行.
NOTIC: [8] Undefined index: title D:\wamp\www\XXXX\TC\Home\Controller\InformController.class.php 第 292 行.
SQL: SELECT * FROM `tc_bbscof` WHERE `pid` = 21 ORDER BY id DESC  [ RunTime:0.0003s ]
INFO: [ view_parse ] --START--
INFO: Run Behavior\ParseTemplateBehavior [ RunTime:0.010285s ]
INFO: [ view_parse ] --END-- [ RunTime:0.010399s ]
INFO: [ view_filter ] --START--
INFO: Run Behavior\WriteHtmlCacheBehavior [ RunTime:0.000490s ]
INFO: [ view_filter ] --END-- [ RunTime:0.000590s ]
INFO: [ app_end ] --START--
INFO: Run Behavior\ShowPageTraceBehavior [ RunTime:0.000589s ]
INFO: [ app_end ] --END-- [ RunTime:0.000707s ]

[ 2017-04-26T21:25:05+08:00 ] ::1 /XXXX/TC/index.php/Inform/detail/p/2.html
INFO: [ app_init ] --START--
INFO: Run Behavior\BuildLiteBehavior [ RunTime:0.000025s ]
INFO: [ app_init ] --END-- [ RunTime:0.000606s ]
INFO: [ app_begin ] --START--
INFO: Run Behavior\ReadHtmlCacheBehavior [ RunTime:0.000688s ]
INFO: [ app_begin ] --END-- [ RunTime:0.000826s ]
NOTIC: [2048] Declaration of Home\Controller\InformController::show() should be compatible with Think\Controller::show($content, $charset = '', $contentType = '', $prefix = '') D:\wamp\www\XXXX\TC\Home\Controller\InformController.class.php 第 9 行.
SQL: SHOW COLUMNS FROM `tc_bbs` [ RunTime:0.0051s ]
SQL: SELECT COUNT(*) AS tp_count FROM `tc_bbs` LIMIT 1   [ RunTime:0.0005s ]
NOTIC: [8] Use of undefined constant 尾页 - assumed '尾页' D:\wamp\www\XXXX\ThinkPHP\Library\Think\Page.class.php 第 109 行.
SQL: SELECT * FROM `tc_bbs` ORDER BY id DESC LIMIT 2,2   [ RunTime:0.0004s ]
NOTIC: [2048] Only variables should be passed by reference D:\wamp\www\XXXX\TC\Home\Controller\InformController.class.php 第 247 行.
SQL: SHOW COLUMNS FROM `tc_bbscof` [ RunTime:0.0074s ]
SQL: SELECT * FROM `tc_bbscof` WHERE `pid` = 0 ORDER BY id DESC  [ RunTime:0.0004s ]
NOTIC: [8] Undefined index: conf D:\wamp\www\XXXX\TC\Home\Controller\InformController.class.php 第 291 行.
NOTIC: [8] Undefined index: title D:\wamp\www\XXXX\TC\Home\Controller\InformController.class.php 第 292 行.
SQL: SELECT * FROM `tc_bbscof` WHERE `pid` = 27 ORDER BY id DESC  [ RunTime:0.0004s ]
NOTIC: [8] Undefined index: conf D:\wamp\www\XXXX\TC\Home\Controller\InformController.class.php 第 291 行.
NOTIC: [8] Undefined index: title D:\wamp\www\XXXX\TC\Home\Controller\InformController.class.php 第 292 行.
SQL: SELECT * FROM `tc_bbscof` WHERE `pid` = 26 ORDER BY id DESC  [ RunTime:0.0003s ]
NOTIC: [8] Undefined index: conf D:\wamp\www\XXXX\TC\Home\Controller\InformController.class.php 第 291 行.
NOTIC: [8] Undefined index: title D:\wamp\www\XXXX\TC\Home\Controller\InformController.class.php 第 292 行.
SQL: SELECT * FROM `tc_bbscof` WHERE `pid` = 25 ORDER BY id DESC  [ RunTime:0.0003s ]
NOTIC: [8] Undefined index: conf D:\wamp\www\XXXX\TC\Home\Controller\InformController.class.php 第 291 行.
NOTIC: [8] Undefined index: title D:\wamp\www\XXXX\TC\Home\Controller\InformController.class.php 第 292 行.
SQL: SELECT * FROM `tc_bbscof` WHERE `pid` = 24 ORDER BY id DESC  [ RunTime:0.0003s ]
NOTIC: [8] Undefined index: conf D:\wamp\www\XXXX\TC\Home\Controller\InformController.class.php 第 291 行.
NOTIC: [8] Undefined index: title D:\wamp\www\XXXX\TC\Home\Controller\InformController.class.php 第 292 行.
SQL: SELECT * FROM `tc_bbscof` WHERE `pid` = 23 ORDER BY id DESC  [ RunTime:0.0003s ]
NOTIC: [8] Undefined index: conf D:\wamp\www\XXXX\TC\Home\Controller\InformController.class.php 第 291 行.
NOTIC: [8] Undefined index: title D:\wamp\www\XXXX\TC\Home\Controller\InformController.class.php 第 292 行.
SQL: SELECT * FROM `tc_bbscof` WHERE `pid` = 22 ORDER BY id DESC  [ RunTime:0.0003s ]
NOTIC: [8] Undefined index: conf D:\wamp\www\XXXX\TC\Home\Controller\InformController.class.php 第 291 行.
NOTIC: [8] Undefined index: title D:\wamp\www\XXXX\TC\Home\Controller\InformController.class.php 第 292 行.
SQL: SELECT * FROM `tc_bbscof` WHERE `pid` = 18 ORDER BY id DESC  [ RunTime:0.0004s ]
NOTIC: [8] Undefined index: conf D:\wamp\www\XXXX\TC\Home\Controller\InformController.class.php 第 291 行.
NOTIC: [8] Undefined index: title D:\wamp\www\XXXX\TC\Home\Controller\InformController.class.php 第 292 行.
SQL: SELECT * FROM `tc_bbscof` WHERE `pid` = 19 ORDER BY id DESC  [ RunTime:0.0015s ]
NOTIC: [8] Undefined index: conf D:\wamp\www\XXXX\TC\Home\Controller\InformController.class.php 第 291 行.
NOTIC: [8] Undefined index: title D:\wamp\www\XXXX\TC\Home\Controller\InformController.class.php 第 292 行.
SQL: SELECT * FROM `tc_bbscof` WHERE `pid` = 20 ORDER BY id DESC  [ RunTime:0.0005s ]
NOTIC: [8] Undefined index: conf D:\wamp\www\XXXX\TC\Home\Controller\InformController.class.php 第 291 行.
NOTIC: [8] Undefined index: title D:\wamp\www\XXXX\TC\Home\Controller\InformController.class.php 第 292 行.
SQL: SELECT * FROM `tc_bbscof` WHERE `pid` = 21 ORDER BY id DESC  [ RunTime:0.0003s ]
INFO: [ view_parse ] --START--
INFO: Run Behavior\ParseTemplateBehavior [ RunTime:0.010462s ]
INFO: [ view_parse ] --END-- [ RunTime:0.010575s ]
INFO: [ view_filter ] --START--
INFO: Run Behavior\WriteHtmlCacheBehavior [ RunTime:0.000460s ]
INFO: [ view_filter ] --END-- [ RunTime:0.000560s ]
INFO: [ app_end ] --START--
INFO: Run Behavior\ShowPageTraceBehavior [ RunTime:0.000839s ]
INFO: [ app_end ] --END-- [ RunTime:0.001010s ]

[ 2017-04-26T21:29:56+08:00 ] ::1 /XXXX/TC/index.php/Inform/detail/p/3.html
INFO: [ app_init ] --START--
INFO: Run Behavior\BuildLiteBehavior [ RunTime:0.000025s ]
INFO: [ app_init ] --END-- [ RunTime:0.000619s ]
INFO: [ app_begin ] --START--
INFO: Run Behavior\ReadHtmlCacheBehavior [ RunTime:0.000724s ]
INFO: [ app_begin ] --END-- [ RunTime:0.000848s ]
NOTIC: [2048] Declaration of Home\Controller\InformController::show() should be compatible with Think\Controller::show($content, $charset = '', $contentType = '', $prefix = '') D:\wamp\www\XXXX\TC\Home\Controller\InformController.class.php 第 9 行.
SQL: SHOW COLUMNS FROM `tc_bbs` [ RunTime:0.0218s ]
SQL: SELECT COUNT(*) AS tp_count FROM `tc_bbs` LIMIT 1   [ RunTime:0.0007s ]
NOTIC: [8] Use of undefined constant 尾页 - assumed '尾页' D:\wamp\www\XXXX\ThinkPHP\Library\Think\Page.class.php 第 109 行.
SQL: SELECT * FROM `tc_bbs` ORDER BY id DESC LIMIT 4,2   [ RunTime:0.0004s ]
NOTIC: [2048] Only variables should be passed by reference D:\wamp\www\XXXX\TC\Home\Controller\InformController.class.php 第 247 行.
SQL: SHOW COLUMNS FROM `tc_bbscof` [ RunTime:0.0060s ]
SQL: SELECT * FROM `tc_bbscof` WHERE `pid` = 0 ORDER BY id DESC  [ RunTime:0.0004s ]
NOTIC: [8] Undefined index: conf D:\wamp\www\XXXX\TC\Home\Controller\InformController.class.php 第 291 行.
NOTIC: [8] Undefined index: title D:\wamp\www\XXXX\TC\Home\Controller\InformController.class.php 第 292 行.
SQL: SELECT * FROM `tc_bbscof` WHERE `pid` = 27 ORDER BY id DESC  [ RunTime:0.0003s ]
NOTIC: [8] Undefined index: conf D:\wamp\www\XXXX\TC\Home\Controller\InformController.class.php 第 291 行.
NOTIC: [8] Undefined index: title D:\wamp\www\XXXX\TC\Home\Controller\InformController.class.php 第 292 行.
SQL: SELECT * FROM `tc_bbscof` WHERE `pid` = 26 ORDER BY id DESC  [ RunTime:0.0003s ]
NOTIC: [8] Undefined index: conf D:\wamp\www\XXXX\TC\Home\Controller\InformController.class.php 第 291 行.
NOTIC: [8] Undefined index: title D:\wamp\www\XXXX\TC\Home\Controller\InformController.class.php 第 292 行.
SQL: SELECT * FROM `tc_bbscof` WHERE `pid` = 25 ORDER BY id DESC  [ RunTime:0.0003s ]
NOTIC: [8] Undefined index: conf D:\wamp\www\XXXX\TC\Home\Controller\InformController.class.php 第 291 行.
NOTIC: [8] Undefined index: title D:\wamp\www\XXXX\TC\Home\Controller\InformController.class.php 第 292 行.
SQL: SELECT * FROM `tc_bbscof` WHERE `pid` = 24 ORDER BY id DESC  [ RunTime:0.0003s ]
NOTIC: [8] Undefined index: conf D:\wamp\www\XXXX\TC\Home\Controller\InformController.class.php 第 291 行.
NOTIC: [8] Undefined index: title D:\wamp\www\XXXX\TC\Home\Controller\InformController.class.php 第 292 行.
SQL: SELECT * FROM `tc_bbscof` WHERE `pid` = 23 ORDER BY id DESC  [ RunTime:0.0003s ]
NOTIC: [8] Undefined index: conf D:\wamp\www\XXXX\TC\Home\Controller\InformController.class.php 第 291 行.
NOTIC: [8] Undefined index: title D:\wamp\www\XXXX\TC\Home\Controller\InformController.class.php 第 292 行.
SQL: SELECT * FROM `tc_bbscof` WHERE `pid` = 22 ORDER BY id DESC  [ RunTime:0.0003s ]
NOTIC: [8] Undefined index: conf D:\wamp\www\XXXX\TC\Home\Controller\InformController.class.php 第 291 行.
NOTIC: [8] Undefined index: title D:\wamp\www\XXXX\TC\Home\Controller\InformController.class.php 第 292 行.
SQL: SELECT * FROM `tc_bbscof` WHERE `pid` = 18 ORDER BY id DESC  [ RunTime:0.0003s ]
NOTIC: [8] Undefined index: conf D:\wamp\www\XXXX\TC\Home\Controller\InformController.class.php 第 291 行.
NOTIC: [8] Undefined index: title D:\wamp\www\XXXX\TC\Home\Controller\InformController.class.php 第 292 行.
SQL: SELECT * FROM `tc_bbscof` WHERE `pid` = 19 ORDER BY id DESC  [ RunTime:0.0003s ]
NOTIC: [8] Undefined index: conf D:\wamp\www\XXXX\TC\Home\Controller\InformController.class.php 第 291 行.
NOTIC: [8] Undefined index: title D:\wamp\www\XXXX\TC\Home\Controller\InformController.class.php 第 292 行.
SQL: SELECT * FROM `tc_bbscof` WHERE `pid` = 20 ORDER BY id DESC  [ RunTime:0.0007s ]
NOTIC: [8] Undefined index: conf D:\wamp\www\XXXX\TC\Home\Controller\InformController.class.php 第 291 行.
NOTIC: [8] Undefined index: title D:\wamp\www\XXXX\TC\Home\Controller\InformController.class.php 第 292 行.
SQL: SELECT * FROM `tc_bbscof` WHERE `pid` = 21 ORDER BY id DESC  [ RunTime:0.0005s ]
INFO: [ view_parse ] --START--
INFO: Run Behavior\ParseTemplateBehavior [ RunTime:0.011588s ]
INFO: [ view_parse ] --END-- [ RunTime:0.011708s ]
INFO: [ view_filter ] --START--
INFO: Run Behavior\WriteHtmlCacheBehavior [ RunTime:0.000470s ]
INFO: [ view_filter ] --END-- [ RunTime:0.000570s ]
INFO: [ app_end ] --START--
INFO: Run Behavior\ShowPageTraceBehavior [ RunTime:0.000669s ]
INFO: [ app_end ] --END-- [ RunTime:0.000788s ]

[ 2017-04-26T21:30:18+08:00 ] ::1 /XXXX/TC/index.php/Inform/detail/p/2.html
INFO: [ app_init ] --START--
INFO: Run Behavior\BuildLiteBehavior [ RunTime:0.000058s ]
INFO: [ app_init ] --END-- [ RunTime:0.000698s ]
INFO: [ app_begin ] --START--
INFO: Run Behavior\ReadHtmlCacheBehavior [ RunTime:0.000683s ]
INFO: [ app_begin ] --END-- [ RunTime:0.000800s ]
NOTIC: [2048] Declaration of Home\Controller\InformController::show() should be compatible with Think\Controller::show($content, $charset = '', $contentType = '', $prefix = '') D:\wamp\www\XXXX\TC\Home\Controller\InformController.class.php 第 9 行.
SQL: SHOW COLUMNS FROM `tc_bbs` [ RunTime:0.0324s ]
SQL: SELECT COUNT(*) AS tp_count FROM `tc_bbs` LIMIT 1   [ RunTime:0.0005s ]
NOTIC: [8] Use of undefined constant 尾页 - assumed '尾页' D:\wamp\www\XXXX\ThinkPHP\Library\Think\Page.class.php 第 109 行.
SQL: SELECT * FROM `tc_bbs` ORDER BY id DESC LIMIT 2,2   [ RunTime:0.0006s ]
NOTIC: [2048] Only variables should be passed by reference D:\wamp\www\XXXX\TC\Home\Controller\InformController.class.php 第 247 行.
SQL: SHOW COLUMNS FROM `tc_bbscof` [ RunTime:0.0056s ]
SQL: SELECT * FROM `tc_bbscof` WHERE `pid` = 0 ORDER BY id DESC  [ RunTime:0.0004s ]
NOTIC: [8] Undefined index: conf D:\wamp\www\XXXX\TC\Home\Controller\InformController.class.php 第 291 行.
NOTIC: [8] Undefined index: title D:\wamp\www\XXXX\TC\Home\Controller\InformController.class.php 第 292 行.
SQL: SELECT * FROM `tc_bbscof` WHERE `pid` = 27 ORDER BY id DESC  [ RunTime:0.0003s ]
NOTIC: [8] Undefined index: conf D:\wamp\www\XXXX\TC\Home\Controller\InformController.class.php 第 291 行.
NOTIC: [8] Undefined index: title D:\wamp\www\XXXX\TC\Home\Controller\InformController.class.php 第 292 行.
SQL: SELECT * FROM `tc_bbscof` WHERE `pid` = 26 ORDER BY id DESC  [ RunTime:0.0003s ]
NOTIC: [8] Undefined index: conf D:\wamp\www\XXXX\TC\Home\Controller\InformController.class.php 第 291 行.
NOTIC: [8] Undefined index: title D:\wamp\www\XXXX\TC\Home\Controller\InformController.class.php 第 292 行.
SQL: SELECT * FROM `tc_bbscof` WHERE `pid` = 25 ORDER BY id DESC  [ RunTime:0.0003s ]
NOTIC: [8] Undefined index: conf D:\wamp\www\XXXX\TC\Home\Controller\InformController.class.php 第 291 行.
NOTIC: [8] Undefined index: title D:\wamp\www\XXXX\TC\Home\Controller\InformController.class.php 第 292 行.
SQL: SELECT * FROM `tc_bbscof` WHERE `pid` = 24 ORDER BY id DESC  [ RunTime:0.0003s ]
NOTIC: [8] Undefined index: conf D:\wamp\www\XXXX\TC\Home\Controller\InformController.class.php 第 291 行.
NOTIC: [8] Undefined index: title D:\wamp\www\XXXX\TC\Home\Controller\InformController.class.php 第 292 行.
SQL: SELECT * FROM `tc_bbscof` WHERE `pid` = 23 ORDER BY id DESC  [ RunTime:0.0002s ]
NOTIC: [8] Undefined index: conf D:\wamp\www\XXXX\TC\Home\Controller\InformController.class.php 第 291 行.
NOTIC: [8] Undefined index: title D:\wamp\www\XXXX\TC\Home\Controller\InformController.class.php 第 292 行.
SQL: SELECT * FROM `tc_bbscof` WHERE `pid` = 22 ORDER BY id DESC  [ RunTime:0.0006s ]
NOTIC: [8] Undefined index: conf D:\wamp\www\XXXX\TC\Home\Controller\InformController.class.php 第 291 行.
NOTIC: [8] Undefined index: title D:\wamp\www\XXXX\TC\Home\Controller\InformController.class.php 第 292 行.
SQL: SELECT * FROM `tc_bbscof` WHERE `pid` = 18 ORDER BY id DESC  [ RunTime:0.0004s ]
NOTIC: [8] Undefined index: conf D:\wamp\www\XXXX\TC\Home\Controller\InformController.class.php 第 291 行.
NOTIC: [8] Undefined index: title D:\wamp\www\XXXX\TC\Home\Controller\InformController.class.php 第 292 行.
SQL: SELECT * FROM `tc_bbscof` WHERE `pid` = 19 ORDER BY id DESC  [ RunTime:0.0004s ]
NOTIC: [8] Undefined index: conf D:\wamp\www\XXXX\TC\Home\Controller\InformController.class.php 第 291 行.
NOTIC: [8] Undefined index: title D:\wamp\www\XXXX\TC\Home\Controller\InformController.class.php 第 292 行.
SQL: SELECT * FROM `tc_bbscof` WHERE `pid` = 20 ORDER BY id DESC  [ RunTime:0.0004s ]
NOTIC: [8] Undefined index: conf D:\wamp\www\XXXX\TC\Home\Controller\InformController.class.php 第 291 行.
NOTIC: [8] Undefined index: title D:\wamp\www\XXXX\TC\Home\Controller\InformController.class.php 第 292 行.
SQL: SELECT * FROM `tc_bbscof` WHERE `pid` = 21 ORDER BY id DESC  [ RunTime:0.0003s ]
INFO: [ view_parse ] --START--
INFO: Run Behavior\ParseTemplateBehavior [ RunTime:0.010860s ]
INFO: [ view_parse ] --END-- [ RunTime:0.010975s ]
INFO: [ view_filter ] --START--
INFO: Run Behavior\WriteHtmlCacheBehavior [ RunTime:0.000330s ]
INFO: [ view_filter ] --END-- [ RunTime:0.000432s ]
INFO: [ app_end ] --START--
INFO: Run Behavior\ShowPageTraceBehavior [ RunTime:0.001278s ]
INFO: [ app_end ] --END-- [ RunTime:0.001486s ]

[ 2017-04-26T21:30:22+08:00 ] ::1 /XXXX/TC/index.php/Inform/detail/p/1.html
INFO: [ app_init ] --START--
INFO: Run Behavior\BuildLiteBehavior [ RunTime:0.000044s ]
INFO: [ app_init ] --END-- [ RunTime:0.001074s ]
INFO: [ app_begin ] --START--
INFO: Run Behavior\ReadHtmlCacheBehavior [ RunTime:0.000635s ]
INFO: [ app_begin ] --END-- [ RunTime:0.000802s ]
NOTIC: [2048] Declaration of Home\Controller\InformController::show() should be compatible with Think\Controller::show($content, $charset = '', $contentType = '', $prefix = '') D:\wamp\www\XXXX\TC\Home\Controller\InformController.class.php 第 9 行.
SQL: SHOW COLUMNS FROM `tc_bbs` [ RunTime:0.0438s ]
SQL: SELECT COUNT(*) AS tp_count FROM `tc_bbs` LIMIT 1   [ RunTime:0.0004s ]
NOTIC: [8] Use of undefined constant 尾页 - assumed '尾页' D:\wamp\www\XXXX\ThinkPHP\Library\Think\Page.class.php 第 109 行.
SQL: SELECT * FROM `tc_bbs` ORDER BY id DESC LIMIT 0,2   [ RunTime:0.0011s ]
NOTIC: [2048] Only variables should be passed by reference D:\wamp\www\XXXX\TC\Home\Controller\InformController.class.php 第 247 行.
SQL: SHOW COLUMNS FROM `tc_bbscof` [ RunTime:0.0062s ]
SQL: SELECT * FROM `tc_bbscof` WHERE `pid` = 0 ORDER BY id DESC  [ RunTime:0.0004s ]
NOTIC: [8] Undefined index: conf D:\wamp\www\XXXX\TC\Home\Controller\InformController.class.php 第 291 行.
NOTIC: [8] Undefined index: title D:\wamp\www\XXXX\TC\Home\Controller\InformController.class.php 第 292 行.
SQL: SELECT * FROM `tc_bbscof` WHERE `pid` = 27 ORDER BY id DESC  [ RunTime:0.0003s ]
NOTIC: [8] Undefined index: conf D:\wamp\www\XXXX\TC\Home\Controller\InformController.class.php 第 291 行.
NOTIC: [8] Undefined index: title D:\wamp\www\XXXX\TC\Home\Controller\InformController.class.php 第 292 行.
SQL: SELECT * FROM `tc_bbscof` WHERE `pid` = 26 ORDER BY id DESC  [ RunTime:0.0003s ]
NOTIC: [8] Undefined index: conf D:\wamp\www\XXXX\TC\Home\Controller\InformController.class.php 第 291 行.
NOTIC: [8] Undefined index: title D:\wamp\www\XXXX\TC\Home\Controller\InformController.class.php 第 292 行.
SQL: SELECT * FROM `tc_bbscof` WHERE `pid` = 25 ORDER BY id DESC  [ RunTime:0.0003s ]
NOTIC: [8] Undefined index: conf D:\wamp\www\XXXX\TC\Home\Controller\InformController.class.php 第 291 行.
NOTIC: [8] Undefined index: title D:\wamp\www\XXXX\TC\Home\Controller\InformController.class.php 第 292 行.
SQL: SELECT * FROM `tc_bbscof` WHERE `pid` = 24 ORDER BY id DESC  [ RunTime:0.0003s ]
NOTIC: [8] Undefined index: conf D:\wamp\www\XXXX\TC\Home\Controller\InformController.class.php 第 291 行.
NOTIC: [8] Undefined index: title D:\wamp\www\XXXX\TC\Home\Controller\InformController.class.php 第 292 行.
SQL: SELECT * FROM `tc_bbscof` WHERE `pid` = 23 ORDER BY id DESC  [ RunTime:0.0004s ]
NOTIC: [8] Undefined index: conf D:\wamp\www\XXXX\TC\Home\Controller\InformController.class.php 第 291 行.
NOTIC: [8] Undefined index: title D:\wamp\www\XXXX\TC\Home\Controller\InformController.class.php 第 292 行.
SQL: SELECT * FROM `tc_bbscof` WHERE `pid` = 22 ORDER BY id DESC  [ RunTime:0.0004s ]
NOTIC: [8] Undefined index: conf D:\wamp\www\XXXX\TC\Home\Controller\InformController.class.php 第 291 行.
NOTIC: [8] Undefined index: title D:\wamp\www\XXXX\TC\Home\Controller\InformController.class.php 第 292 行.
SQL: SELECT * FROM `tc_bbscof` WHERE `pid` = 18 ORDER BY id DESC  [ RunTime:0.0004s ]
NOTIC: [8] Undefined index: conf D:\wamp\www\XXXX\TC\Home\Controller\InformController.class.php 第 291 行.
NOTIC: [8] Undefined index: title D:\wamp\www\XXXX\TC\Home\Controller\InformController.class.php 第 292 行.
SQL: SELECT * FROM `tc_bbscof` WHERE `pid` = 19 ORDER BY id DESC  [ RunTime:0.0005s ]
NOTIC: [8] Undefined index: conf D:\wamp\www\XXXX\TC\Home\Controller\InformController.class.php 第 291 行.
NOTIC: [8] Undefined index: title D:\wamp\www\XXXX\TC\Home\Controller\InformController.class.php 第 292 行.
SQL: SELECT * FROM `tc_bbscof` WHERE `pid` = 20 ORDER BY id DESC  [ RunTime:0.0008s ]
NOTIC: [8] Undefined index: conf D:\wamp\www\XXXX\TC\Home\Controller\InformController.class.php 第 291 行.
NOTIC: [8] Undefined index: title D:\wamp\www\XXXX\TC\Home\Controller\InformController.class.php 第 292 行.
SQL: SELECT * FROM `tc_bbscof` WHERE `pid` = 21 ORDER BY id DESC  [ RunTime:0.0006s ]
INFO: [ view_parse ] --START--
INFO: Run Behavior\ParseTemplateBehavior [ RunTime:0.010648s ]
INFO: [ view_parse ] --END-- [ RunTime:0.010834s ]
INFO: [ view_filter ] --START--
INFO: Run Behavior\WriteHtmlCacheBehavior [ RunTime:0.000549s ]
INFO: [ view_filter ] --END-- [ RunTime:0.000662s ]
INFO: [ app_end ] --START--
INFO: Run Behavior\ShowPageTraceBehavior [ RunTime:0.001072s ]
INFO: [ app_end ] --END-- [ RunTime:0.001281s ]

[ 2017-04-26T21:35:14+08:00 ] ::1 /XXXX/TC/index.php/Inform/detail/p/3.html
INFO: [ app_init ] --START--
INFO: Run Behavior\BuildLiteBehavior [ RunTime:0.000039s ]
INFO: [ app_init ] --END-- [ RunTime:0.000787s ]
INFO: [ app_begin ] --START--
INFO: Run Behavior\ReadHtmlCacheBehavior [ RunTime:0.000829s ]
INFO: [ app_begin ] --END-- [ RunTime:0.001004s ]
NOTIC: [2048] Declaration of Home\Controller\InformController::show() should be compatible with Think\Controller::show($content, $charset = '', $contentType = '', $prefix = '') D:\wamp\www\XXXX\TC\Home\Controller\InformController.class.php 第 9 行.
SQL: SHOW COLUMNS FROM `tc_bbs` [ RunTime:0.0084s ]
SQL: SELECT COUNT(*) AS tp_count FROM `tc_bbs` LIMIT 1   [ RunTime:0.0007s ]
NOTIC: [8] Use of undefined constant 尾页 - assumed '尾页' D:\wamp\www\XXXX\ThinkPHP\Library\Think\Page.class.php 第 109 行.
SQL: SELECT * FROM `tc_bbs` ORDER BY id DESC LIMIT 4,2   [ RunTime:0.0007s ]
NOTIC: [2048] Only variables should be passed by reference D:\wamp\www\XXXX\TC\Home\Controller\InformController.class.php 第 247 行.
SQL: SHOW COLUMNS FROM `tc_bbscof` [ RunTime:0.0064s ]
SQL: SELECT * FROM `tc_bbscof` WHERE `pid` = 0 ORDER BY id DESC  [ RunTime:0.0005s ]
NOTIC: [8] Undefined index: conf D:\wamp\www\XXXX\TC\Home\Controller\InformController.class.php 第 291 行.
NOTIC: [8] Undefined index: title D:\wamp\www\XXXX\TC\Home\Controller\InformController.class.php 第 292 行.
SQL: SELECT * FROM `tc_bbscof` WHERE `pid` = 27 ORDER BY id DESC  [ RunTime:0.0003s ]
NOTIC: [8] Undefined index: conf D:\wamp\www\XXXX\TC\Home\Controller\InformController.class.php 第 291 行.
NOTIC: [8] Undefined index: title D:\wamp\www\XXXX\TC\Home\Controller\InformController.class.php 第 292 行.
SQL: SELECT * FROM `tc_bbscof` WHERE `pid` = 26 ORDER BY id DESC  [ RunTime:0.0004s ]
NOTIC: [8] Undefined index: conf D:\wamp\www\XXXX\TC\Home\Controller\InformController.class.php 第 291 行.
NOTIC: [8] Undefined index: title D:\wamp\www\XXXX\TC\Home\Controller\InformController.class.php 第 292 行.
SQL: SELECT * FROM `tc_bbscof` WHERE `pid` = 25 ORDER BY id DESC  [ RunTime:0.0004s ]
NOTIC: [8] Undefined index: conf D:\wamp\www\XXXX\TC\Home\Controller\InformController.class.php 第 291 行.
NOTIC: [8] Undefined index: title D:\wamp\www\XXXX\TC\Home\Controller\InformController.class.php 第 292 行.
SQL: SELECT * FROM `tc_bbscof` WHERE `pid` = 24 ORDER BY id DESC  [ RunTime:0.0004s ]
NOTIC: [8] Undefined index: conf D:\wamp\www\XXXX\TC\Home\Controller\InformController.class.php 第 291 行.
NOTIC: [8] Undefined index: title D:\wamp\www\XXXX\TC\Home\Controller\InformController.class.php 第 292 行.
SQL: SELECT * FROM `tc_bbscof` WHERE `pid` = 23 ORDER BY id DESC  [ RunTime:0.0003s ]
NOTIC: [8] Undefined index: conf D:\wamp\www\XXXX\TC\Home\Controller\InformController.class.php 第 291 行.
NOTIC: [8] Undefined index: title D:\wamp\www\XXXX\TC\Home\Controller\InformController.class.php 第 292 行.
SQL: SELECT * FROM `tc_bbscof` WHERE `pid` = 22 ORDER BY id DESC  [ RunTime:0.0004s ]
NOTIC: [8] Undefined index: conf D:\wamp\www\XXXX\TC\Home\Controller\InformController.class.php 第 291 行.
NOTIC: [8] Undefined index: title D:\wamp\www\XXXX\TC\Home\Controller\InformController.class.php 第 292 行.
SQL: SELECT * FROM `tc_bbscof` WHERE `pid` = 18 ORDER BY id DESC  [ RunTime:0.0009s ]
NOTIC: [8] Undefined index: conf D:\wamp\www\XXXX\TC\Home\Controller\InformController.class.php 第 291 行.
NOTIC: [8] Undefined index: title D:\wamp\www\XXXX\TC\Home\Controller\InformController.class.php 第 292 行.
SQL: SELECT * FROM `tc_bbscof` WHERE `pid` = 19 ORDER BY id DESC  [ RunTime:0.0004s ]
NOTIC: [8] Undefined index: conf D:\wamp\www\XXXX\TC\Home\Controller\InformController.class.php 第 291 行.
NOTIC: [8] Undefined index: title D:\wamp\www\XXXX\TC\Home\Controller\InformController.class.php 第 292 行.
SQL: SELECT * FROM `tc_bbscof` WHERE `pid` = 20 ORDER BY id DESC  [ RunTime:0.0004s ]
NOTIC: [8] Undefined index: conf D:\wamp\www\XXXX\TC\Home\Controller\InformController.class.php 第 291 行.
NOTIC: [8] Undefined index: title D:\wamp\www\XXXX\TC\Home\Controller\InformController.class.php 第 292 行.
SQL: SELECT * FROM `tc_bbscof` WHERE `pid` = 21 ORDER BY id DESC  [ RunTime:0.0003s ]
INFO: [ view_parse ] --START--
INFO: Run Behavior\ParseTemplateBehavior [ RunTime:0.012228s ]
INFO: [ view_parse ] --END-- [ RunTime:0.012382s ]
INFO: [ view_filter ] --START--
INFO: Run Behavior\WriteHtmlCacheBehavior [ RunTime:0.000596s ]
INFO: [ view_filter ] --END-- [ RunTime:0.000760s ]
INFO: [ app_end ] --START--
INFO: Run Behavior\ShowPageTraceBehavior [ RunTime:0.000805s ]
INFO: [ app_end ] --END-- [ RunTime:0.000955s ]

[ 2017-04-26T21:36:58+08:00 ] ::1 /XXXX/TC/index.php/Inform/share
INFO: [ app_init ] --START--
INFO: Run Behavior\BuildLiteBehavior [ RunTime:0.000028s ]
INFO: [ app_init ] --END-- [ RunTime:0.000586s ]
INFO: [ app_begin ] --START--
INFO: Run Behavior\ReadHtmlCacheBehavior [ RunTime:0.001230s ]
INFO: [ app_begin ] --END-- [ RunTime:0.001413s ]
NOTIC: [2048] Declaration of Home\Controller\InformController::show() should be compatible with Think\Controller::show($content, $charset = '', $contentType = '', $prefix = '') D:\wamp\www\XXXX\TC\Home\Controller\InformController.class.php 第 9 行.
INFO: [ view_parse ] --START--
INFO: Run Behavior\ParseTemplateBehavior [ RunTime:0.012146s ]
INFO: [ view_parse ] --END-- [ RunTime:0.012372s ]
INFO: [ view_filter ] --START--
INFO: Run Behavior\WriteHtmlCacheBehavior [ RunTime:0.001098s ]
INFO: [ view_filter ] --END-- [ RunTime:0.001267s ]
INFO: [ app_end ] --START--
INFO: Run Behavior\ShowPageTraceBehavior [ RunTime:0.001167s ]
INFO: [ app_end ] --END-- [ RunTime:0.001454s ]

[ 2017-04-26T21:36:58+08:00 ] ::1 /XXXX/TC/index.php/Inform/detail.html
INFO: [ app_init ] --START--
INFO: Run Behavior\BuildLiteBehavior [ RunTime:0.000042s ]
INFO: [ app_init ] --END-- [ RunTime:0.000989s ]
INFO: [ app_begin ] --START--
INFO: Run Behavior\ReadHtmlCacheBehavior [ RunTime:0.001353s ]
INFO: [ app_begin ] --END-- [ RunTime:0.001533s ]
NOTIC: [2048] Declaration of Home\Controller\InformController::show() should be compatible with Think\Controller::show($content, $charset = '', $contentType = '', $prefix = '') D:\wamp\www\XXXX\TC\Home\Controller\InformController.class.php 第 9 行.
SQL: SHOW COLUMNS FROM `tc_bbs` [ RunTime:0.0103s ]
SQL: SELECT COUNT(*) AS tp_count FROM `tc_bbs` LIMIT 1   [ RunTime:0.0005s ]
NOTIC: [8] Use of undefined constant 尾页 - assumed '尾页' D:\wamp\www\XXXX\ThinkPHP\Library\Think\Page.class.php 第 109 行.
SQL: SELECT * FROM `tc_bbs` ORDER BY id DESC LIMIT 0,2   [ RunTime:0.0005s ]
NOTIC: [2048] Only variables should be passed by reference D:\wamp\www\XXXX\TC\Home\Controller\InformController.class.php 第 247 行.
SQL: SHOW COLUMNS FROM `tc_bbscof` [ RunTime:0.0079s ]
SQL: SELECT * FROM `tc_bbscof` WHERE `pid` = 0 ORDER BY id DESC  [ RunTime:0.0006s ]
NOTIC: [8] Undefined index: conf D:\wamp\www\XXXX\TC\Home\Controller\InformController.class.php 第 291 行.
NOTIC: [8] Undefined index: title D:\wamp\www\XXXX\TC\Home\Controller\InformController.class.php 第 292 行.
SQL: SELECT * FROM `tc_bbscof` WHERE `pid` = 27 ORDER BY id DESC  [ RunTime:0.0009s ]
NOTIC: [8] Undefined index: conf D:\wamp\www\XXXX\TC\Home\Controller\InformController.class.php 第 291 行.
NOTIC: [8] Undefined index: title D:\wamp\www\XXXX\TC\Home\Controller\InformController.class.php 第 292 行.
SQL: SELECT * FROM `tc_bbscof` WHERE `pid` = 26 ORDER BY id DESC  [ RunTime:0.0009s ]
NOTIC: [8] Undefined index: conf D:\wamp\www\XXXX\TC\Home\Controller\InformController.class.php 第 291 行.
NOTIC: [8] Undefined index: title D:\wamp\www\XXXX\TC\Home\Controller\InformController.class.php 第 292 行.
SQL: SELECT * FROM `tc_bbscof` WHERE `pid` = 25 ORDER BY id DESC  [ RunTime:0.0005s ]
NOTIC: [8] Undefined index: conf D:\wamp\www\XXXX\TC\Home\Controller\InformController.class.php 第 291 行.
NOTIC: [8] Undefined index: title D:\wamp\www\XXXX\TC\Home\Controller\InformController.class.php 第 292 行.
SQL: SELECT * FROM `tc_bbscof` WHERE `pid` = 24 ORDER BY id DESC  [ RunTime:0.0006s ]
NOTIC: [8] Undefined index: conf D:\wamp\www\XXXX\TC\Home\Controller\InformController.class.php 第 291 行.
NOTIC: [8] Undefined index: title D:\wamp\www\XXXX\TC\Home\Controller\InformController.class.php 第 292 行.
SQL: SELECT * FROM `tc_bbscof` WHERE `pid` = 23 ORDER BY id DESC  [ RunTime:0.0004s ]
NOTIC: [8] Undefined index: conf D:\wamp\www\XXXX\TC\Home\Controller\InformController.class.php 第 291 行.
NOTIC: [8] Undefined index: title D:\wamp\www\XXXX\TC\Home\Controller\InformController.class.php 第 292 行.
SQL: SELECT * FROM `tc_bbscof` WHERE `pid` = 22 ORDER BY id DESC  [ RunTime:0.0004s ]
NOTIC: [8] Undefined index: conf D:\wamp\www\XXXX\TC\Home\Controller\InformController.class.php 第 291 行.
NOTIC: [8] Undefined index: title D:\wamp\www\XXXX\TC\Home\Controller\InformController.class.php 第 292 行.
SQL: SELECT * FROM `tc_bbscof` WHERE `pid` = 18 ORDER BY id DESC  [ RunTime:0.0005s ]
NOTIC: [8] Undefined index: conf D:\wamp\www\XXXX\TC\Home\Controller\InformController.class.php 第 291 行.
NOTIC: [8] Undefined index: title D:\wamp\www\XXXX\TC\Home\Controller\InformController.class.php 第 292 行.
SQL: SELECT * FROM `tc_bbscof` WHERE `pid` = 19 ORDER BY id DESC  [ RunTime:0.0004s ]
NOTIC: [8] Undefined index: conf D:\wamp\www\XXXX\TC\Home\Controller\InformController.class.php 第 291 行.
NOTIC: [8] Undefined index: title D:\wamp\www\XXXX\TC\Home\Controller\InformController.class.php 第 292 行.
SQL: SELECT * FROM `tc_bbscof` WHERE `pid` = 20 ORDER BY id DESC  [ RunTime:0.0005s ]
NOTIC: [8] Undefined index: conf D:\wamp\www\XXXX\TC\Home\Controller\InformController.class.php 第 291 行.
NOTIC: [8] Undefined index: title D:\wamp\www\XXXX\TC\Home\Controller\InformController.class.php 第 292 行.
SQL: SELECT * FROM `tc_bbscof` WHERE `pid` = 21 ORDER BY id DESC  [ RunTime:0.0006s ]
INFO: [ view_parse ] --START--
INFO: Run Behavior\ParseTemplateBehavior [ RunTime:0.014755s ]
INFO: [ view_parse ] --END-- [ RunTime:0.014905s ]
INFO: [ view_filter ] --START--
INFO: Run Behavior\WriteHtmlCacheBehavior [ RunTime:0.000990s ]
INFO: [ view_filter ] --END-- [ RunTime:0.001160s ]
INFO: [ app_end ] --START--
INFO: Run Behavior\ShowPageTraceBehavior [ RunTime:0.000737s ]
INFO: [ app_end ] --END-- [ RunTime:0.000864s ]

[ 2017-04-26T21:37:05+08:00 ] ::1 /XXXX/TC/index.php/Inform/detail/p/2.html
INFO: [ app_init ] --START--
INFO: Run Behavior\BuildLiteBehavior [ RunTime:0.000031s ]
INFO: [ app_init ] --END-- [ RunTime:0.000721s ]
INFO: [ app_begin ] --START--
INFO: Run Behavior\ReadHtmlCacheBehavior [ RunTime:0.001349s ]
INFO: [ app_begin ] --END-- [ RunTime:0.001653s ]
NOTIC: [2048] Declaration of Home\Controller\InformController::show() should be compatible with Think\Controller::show($content, $charset = '', $contentType = '', $prefix = '') D:\wamp\www\XXXX\TC\Home\Controller\InformController.class.php 第 9 行.
SQL: SHOW COLUMNS FROM `tc_bbs` [ RunTime:0.0416s ]
SQL: SELECT COUNT(*) AS tp_count FROM `tc_bbs` LIMIT 1   [ RunTime:0.0003s ]
NOTIC: [8] Use of undefined constant 尾页 - assumed '尾页' D:\wamp\www\XXXX\ThinkPHP\Library\Think\Page.class.php 第 109 行.
SQL: SELECT * FROM `tc_bbs` ORDER BY id DESC LIMIT 2,2   [ RunTime:0.0004s ]
NOTIC: [2048] Only variables should be passed by reference D:\wamp\www\XXXX\TC\Home\Controller\InformController.class.php 第 247 行.
SQL: SHOW COLUMNS FROM `tc_bbscof` [ RunTime:0.0063s ]
SQL: SELECT * FROM `tc_bbscof` WHERE `pid` = 0 ORDER BY id DESC  [ RunTime:0.0004s ]
NOTIC: [8] Undefined index: conf D:\wamp\www\XXXX\TC\Home\Controller\InformController.class.php 第 291 行.
NOTIC: [8] Undefined index: title D:\wamp\www\XXXX\TC\Home\Controller\InformController.class.php 第 292 行.
SQL: SELECT * FROM `tc_bbscof` WHERE `pid` = 27 ORDER BY id DESC  [ RunTime:0.0003s ]
NOTIC: [8] Undefined index: conf D:\wamp\www\XXXX\TC\Home\Controller\InformController.class.php 第 291 行.
NOTIC: [8] Undefined index: title D:\wamp\www\XXXX\TC\Home\Controller\InformController.class.php 第 292 行.
SQL: SELECT * FROM `tc_bbscof` WHERE `pid` = 26 ORDER BY id DESC  [ RunTime:0.0003s ]
NOTIC: [8] Undefined index: conf D:\wamp\www\XXXX\TC\Home\Controller\InformController.class.php 第 291 行.
NOTIC: [8] Undefined index: title D:\wamp\www\XXXX\TC\Home\Controller\InformController.class.php 第 292 行.
SQL: SELECT * FROM `tc_bbscof` WHERE `pid` = 25 ORDER BY id DESC  [ RunTime:0.0007s ]
NOTIC: [8] Undefined index: conf D:\wamp\www\XXXX\TC\Home\Controller\InformController.class.php 第 291 行.
NOTIC: [8] Undefined index: title D:\wamp\www\XXXX\TC\Home\Controller\InformController.class.php 第 292 行.
SQL: SELECT * FROM `tc_bbscof` WHERE `pid` = 24 ORDER BY id DESC  [ RunTime:0.0004s ]
NOTIC: [8] Undefined index: conf D:\wamp\www\XXXX\TC\Home\Controller\InformController.class.php 第 291 行.
NOTIC: [8] Undefined index: title D:\wamp\www\XXXX\TC\Home\Controller\InformController.class.php 第 292 行.
SQL: SELECT * FROM `tc_bbscof` WHERE `pid` = 23 ORDER BY id DESC  [ RunTime:0.0005s ]
NOTIC: [8] Undefined index: conf D:\wamp\www\XXXX\TC\Home\Controller\InformController.class.php 第 291 行.
NOTIC: [8] Undefined index: title D:\wamp\www\XXXX\TC\Home\Controller\InformController.class.php 第 292 行.
SQL: SELECT * FROM `tc_bbscof` WHERE `pid` = 22 ORDER BY id DESC  [ RunTime:0.0004s ]
NOTIC: [8] Undefined index: conf D:\wamp\www\XXXX\TC\Home\Controller\InformController.class.php 第 291 行.
NOTIC: [8] Undefined index: title D:\wamp\www\XXXX\TC\Home\Controller\InformController.class.php 第 292 行.
SQL: SELECT * FROM `tc_bbscof` WHERE `pid` = 18 ORDER BY id DESC  [ RunTime:0.0003s ]
NOTIC: [8] Undefined index: conf D:\wamp\www\XXXX\TC\Home\Controller\InformController.class.php 第 291 行.
NOTIC: [8] Undefined index: title D:\wamp\www\XXXX\TC\Home\Controller\InformController.class.php 第 292 行.
SQL: SELECT * FROM `tc_bbscof` WHERE `pid` = 19 ORDER BY id DESC  [ RunTime:0.0003s ]
NOTIC: [8] Undefined index: conf D:\wamp\www\XXXX\TC\Home\Controller\InformController.class.php 第 291 行.
NOTIC: [8] Undefined index: title D:\wamp\www\XXXX\TC\Home\Controller\InformController.class.php 第 292 行.
SQL: SELECT * FROM `tc_bbscof` WHERE `pid` = 20 ORDER BY id DESC  [ RunTime:0.0004s ]
NOTIC: [8] Undefined index: conf D:\wamp\www\XXXX\TC\Home\Controller\InformController.class.php 第 291 行.
NOTIC: [8] Undefined index: title D:\wamp\www\XXXX\TC\Home\Controller\InformController.class.php 第 292 行.
SQL: SELECT * FROM `tc_bbscof` WHERE `pid` = 21 ORDER BY id DESC  [ RunTime:0.0003s ]
INFO: [ view_parse ] --START--
INFO: Run Behavior\ParseTemplateBehavior [ RunTime:0.011104s ]
INFO: [ view_parse ] --END-- [ RunTime:0.011241s ]
INFO: [ view_filter ] --START--
INFO: Run Behavior\WriteHtmlCacheBehavior [ RunTime:0.000543s ]
INFO: [ view_filter ] --END-- [ RunTime:0.000648s ]
INFO: [ app_end ] --START--
INFO: Run Behavior\ShowPageTraceBehavior [ RunTime:0.000640s ]
INFO: [ app_end ] --END-- [ RunTime:0.000757s ]

[ 2017-04-26T21:44:57+08:00 ] ::1 /XXXX/TC/index.php/Inform/share
INFO: [ app_init ] --START--
INFO: Run Behavior\BuildLiteBehavior [ RunTime:0.000028s ]
INFO: [ app_init ] --END-- [ RunTime:0.000779s ]
INFO: [ app_begin ] --START--
INFO: Run Behavior\ReadHtmlCacheBehavior [ RunTime:0.000745s ]
INFO: [ app_begin ] --END-- [ RunTime:0.000876s ]
NOTIC: [2048] Declaration of Home\Controller\InformController::show() should be compatible with Think\Controller::show($content, $charset = '', $contentType = '', $prefix = '') D:\wamp\www\XXXX\TC\Home\Controller\InformController.class.php 第 9 行.
INFO: [ view_parse ] --START--
INFO: Run Behavior\ParseTemplateBehavior [ RunTime:0.010891s ]
INFO: [ view_parse ] --END-- [ RunTime:0.011019s ]
INFO: [ view_filter ] --START--
INFO: Run Behavior\WriteHtmlCacheBehavior [ RunTime:0.000505s ]
INFO: [ view_filter ] --END-- [ RunTime:0.000614s ]
INFO: [ app_end ] --START--
INFO: Run Behavior\ShowPageTraceBehavior [ RunTime:0.000760s ]
INFO: [ app_end ] --END-- [ RunTime:0.000874s ]

[ 2017-04-26T21:44:57+08:00 ] ::1 /XXXX/TC/index.php/Inform/detail.html
INFO: [ app_init ] --START--
INFO: Run Behavior\BuildLiteBehavior [ RunTime:0.000047s ]
INFO: [ app_init ] --END-- [ RunTime:0.000965s ]
INFO: [ app_begin ] --START--
INFO: Run Behavior\ReadHtmlCacheBehavior [ RunTime:0.000661s ]
INFO: [ app_begin ] --END-- [ RunTime:0.000797s ]
NOTIC: [2048] Declaration of Home\Controller\InformController::show() should be compatible with Think\Controller::show($content, $charset = '', $contentType = '', $prefix = '') D:\wamp\www\XXXX\TC\Home\Controller\InformController.class.php 第 9 行.
SQL: SHOW COLUMNS FROM `tc_bbs` [ RunTime:0.0068s ]
SQL: SELECT COUNT(*) AS tp_count FROM `tc_bbs` LIMIT 1   [ RunTime:0.0004s ]
NOTIC: [8] Use of undefined constant 尾页 - assumed '尾页' D:\wamp\www\XXXX\ThinkPHP\Library\Think\Page.class.php 第 109 行.
SQL: SELECT * FROM `tc_bbs` ORDER BY id DESC LIMIT 0,2   [ RunTime:0.0004s ]
NOTIC: [2048] Only variables should be passed by reference D:\wamp\www\XXXX\TC\Home\Controller\InformController.class.php 第 247 行.
SQL: SHOW COLUMNS FROM `tc_bbscof` [ RunTime:0.0069s ]
SQL: SELECT * FROM `tc_bbscof` WHERE `pid` = 0 ORDER BY id DESC  [ RunTime:0.0004s ]
NOTIC: [8] Undefined index: conf D:\wamp\www\XXXX\TC\Home\Controller\InformController.class.php 第 291 行.
NOTIC: [8] Undefined index: title D:\wamp\www\XXXX\TC\Home\Controller\InformController.class.php 第 292 行.
SQL: SELECT * FROM `tc_bbscof` WHERE `pid` = 27 ORDER BY id DESC  [ RunTime:0.0003s ]
NOTIC: [8] Undefined index: conf D:\wamp\www\XXXX\TC\Home\Controller\InformController.class.php 第 291 行.
NOTIC: [8] Undefined index: title D:\wamp\www\XXXX\TC\Home\Controller\InformController.class.php 第 292 行.
SQL: SELECT * FROM `tc_bbscof` WHERE `pid` = 26 ORDER BY id DESC  [ RunTime:0.0003s ]
NOTIC: [8] Undefined index: conf D:\wamp\www\XXXX\TC\Home\Controller\InformController.class.php 第 291 行.
NOTIC: [8] Undefined index: title D:\wamp\www\XXXX\TC\Home\Controller\InformController.class.php 第 292 行.
SQL: SELECT * FROM `tc_bbscof` WHERE `pid` = 25 ORDER BY id DESC  [ RunTime:0.0003s ]
NOTIC: [8] Undefined index: conf D:\wamp\www\XXXX\TC\Home\Controller\InformController.class.php 第 291 行.
NOTIC: [8] Undefined index: title D:\wamp\www\XXXX\TC\Home\Controller\InformController.class.php 第 292 行.
SQL: SELECT * FROM `tc_bbscof` WHERE `pid` = 24 ORDER BY id DESC  [ RunTime:0.0003s ]
NOTIC: [8] Undefined index: conf D:\wamp\www\XXXX\TC\Home\Controller\InformController.class.php 第 291 行.
NOTIC: [8] Undefined index: title D:\wamp\www\XXXX\TC\Home\Controller\InformController.class.php 第 292 行.
SQL: SELECT * FROM `tc_bbscof` WHERE `pid` = 23 ORDER BY id DESC  [ RunTime:0.0003s ]
NOTIC: [8] Undefined index: conf D:\wamp\www\XXXX\TC\Home\Controller\InformController.class.php 第 291 行.
NOTIC: [8] Undefined index: title D:\wamp\www\XXXX\TC\Home\Controller\InformController.class.php 第 292 行.
SQL: SELECT * FROM `tc_bbscof` WHERE `pid` = 22 ORDER BY id DESC  [ RunTime:0.0003s ]
NOTIC: [8] Undefined index: conf D:\wamp\www\XXXX\TC\Home\Controller\InformController.class.php 第 291 行.
NOTIC: [8] Undefined index: title D:\wamp\www\XXXX\TC\Home\Controller\InformController.class.php 第 292 行.
SQL: SELECT * FROM `tc_bbscof` WHERE `pid` = 18 ORDER BY id DESC  [ RunTime:0.0005s ]
NOTIC: [8] Undefined index: conf D:\wamp\www\XXXX\TC\Home\Controller\InformController.class.php 第 291 行.
NOTIC: [8] Undefined index: title D:\wamp\www\XXXX\TC\Home\Controller\InformController.class.php 第 292 行.
SQL: SELECT * FROM `tc_bbscof` WHERE `pid` = 19 ORDER BY id DESC  [ RunTime:0.0005s ]
NOTIC: [8] Undefined index: conf D:\wamp\www\XXXX\TC\Home\Controller\InformController.class.php 第 291 行.
NOTIC: [8] Undefined index: title D:\wamp\www\XXXX\TC\Home\Controller\InformController.class.php 第 292 行.
SQL: SELECT * FROM `tc_bbscof` WHERE `pid` = 20 ORDER BY id DESC  [ RunTime:0.0005s ]
NOTIC: [8] Undefined index: conf D:\wamp\www\XXXX\TC\Home\Controller\InformController.class.php 第 291 行.
NOTIC: [8] Undefined index: title D:\wamp\www\XXXX\TC\Home\Controller\InformController.class.php 第 292 行.
SQL: SELECT * FROM `tc_bbscof` WHERE `pid` = 21 ORDER BY id DESC  [ RunTime:0.0004s ]
INFO: [ view_parse ] --START--
INFO: Run Behavior\ParseTemplateBehavior [ RunTime:0.010874s ]
INFO: [ view_parse ] --END-- [ RunTime:0.010991s ]
INFO: [ view_filter ] --START--
INFO: Run Behavior\WriteHtmlCacheBehavior [ RunTime:0.000521s ]
INFO: [ view_filter ] --END-- [ RunTime:0.000629s ]
INFO: [ app_end ] --START--
INFO: Run Behavior\ShowPageTraceBehavior [ RunTime:0.000986s ]
INFO: [ app_end ] --END-- [ RunTime:0.001150s ]

[ 2017-04-26T21:44:58+08:00 ] ::1 /XXXX/TC/index.php/Inform/share
INFO: [ app_init ] --START--
INFO: Run Behavior\BuildLiteBehavior [ RunTime:0.000024s ]
INFO: [ app_init ] --END-- [ RunTime:0.000589s ]
INFO: [ app_begin ] --START--
INFO: Run Behavior\ReadHtmlCacheBehavior [ RunTime:0.000651s ]
INFO: [ app_begin ] --END-- [ RunTime:0.000781s ]
NOTIC: [2048] Declaration of Home\Controller\InformController::show() should be compatible with Think\Controller::show($content, $charset = '', $contentType = '', $prefix = '') D:\wamp\www\XXXX\TC\Home\Controller\InformController.class.php 第 9 行.
INFO: [ view_parse ] --START--
INFO: Run Behavior\ParseTemplateBehavior [ RunTime:0.011214s ]
INFO: [ view_parse ] --END-- [ RunTime:0.011389s ]
INFO: [ view_filter ] --START--
INFO: Run Behavior\WriteHtmlCacheBehavior [ RunTime:0.000429s ]
INFO: [ view_filter ] --END-- [ RunTime:0.000538s ]
INFO: [ app_end ] --START--
INFO: Run Behavior\ShowPageTraceBehavior [ RunTime:0.000659s ]
INFO: [ app_end ] --END-- [ RunTime:0.000772s ]

[ 2017-04-26T21:44:59+08:00 ] ::1 /XXXX/TC/index.php/Inform/detail.html
INFO: [ app_init ] --START--
INFO: Run Behavior\BuildLiteBehavior [ RunTime:0.000039s ]
INFO: [ app_init ] --END-- [ RunTime:0.000851s ]
INFO: [ app_begin ] --START--
INFO: Run Behavior\ReadHtmlCacheBehavior [ RunTime:0.000727s ]
INFO: [ app_begin ] --END-- [ RunTime:0.000841s ]
NOTIC: [2048] Declaration of Home\Controller\InformController::show() should be compatible with Think\Controller::show($content, $charset = '', $contentType = '', $prefix = '') D:\wamp\www\XXXX\TC\Home\Controller\InformController.class.php 第 9 行.
SQL: SHOW COLUMNS FROM `tc_bbs` [ RunTime:0.0070s ]
SQL: SELECT COUNT(*) AS tp_count FROM `tc_bbs` LIMIT 1   [ RunTime:0.0004s ]
NOTIC: [8] Use of undefined constant 尾页 - assumed '尾页' D:\wamp\www\XXXX\ThinkPHP\Library\Think\Page.class.php 第 109 行.
SQL: SELECT * FROM `tc_bbs` ORDER BY id DESC LIMIT 0,2   [ RunTime:0.0004s ]
NOTIC: [2048] Only variables should be passed by reference D:\wamp\www\XXXX\TC\Home\Controller\InformController.class.php 第 247 行.
SQL: SHOW COLUMNS FROM `tc_bbscof` [ RunTime:0.0088s ]
SQL: SELECT * FROM `tc_bbscof` WHERE `pid` = 0 ORDER BY id DESC  [ RunTime:0.0004s ]
NOTIC: [8] Undefined index: conf D:\wamp\www\XXXX\TC\Home\Controller\InformController.class.php 第 291 行.
NOTIC: [8] Undefined index: title D:\wamp\www\XXXX\TC\Home\Controller\InformController.class.php 第 292 行.
SQL: SELECT * FROM `tc_bbscof` WHERE `pid` = 27 ORDER BY id DESC  [ RunTime:0.0003s ]
NOTIC: [8] Undefined index: conf D:\wamp\www\XXXX\TC\Home\Controller\InformController.class.php 第 291 行.
NOTIC: [8] Undefined index: title D:\wamp\www\XXXX\TC\Home\Controller\InformController.class.php 第 292 行.
SQL: SELECT * FROM `tc_bbscof` WHERE `pid` = 26 ORDER BY id DESC  [ RunTime:0.0003s ]
NOTIC: [8] Undefined index: conf D:\wamp\www\XXXX\TC\Home\Controller\InformController.class.php 第 291 行.
NOTIC: [8] Undefined index: title D:\wamp\www\XXXX\TC\Home\Controller\InformController.class.php 第 292 行.
SQL: SELECT * FROM `tc_bbscof` WHERE `pid` = 25 ORDER BY id DESC  [ RunTime:0.0003s ]
NOTIC: [8] Undefined index: conf D:\wamp\www\XXXX\TC\Home\Controller\InformController.class.php 第 291 行.
NOTIC: [8] Undefined index: title D:\wamp\www\XXXX\TC\Home\Controller\InformController.class.php 第 292 行.
SQL: SELECT * FROM `tc_bbscof` WHERE `pid` = 24 ORDER BY id DESC  [ RunTime:0.0004s ]
NOTIC: [8] Undefined index: conf D:\wamp\www\XXXX\TC\Home\Controller\InformController.class.php 第 291 行.
NOTIC: [8] Undefined index: title D:\wamp\www\XXXX\TC\Home\Controller\InformController.class.php 第 292 行.
SQL: SELECT * FROM `tc_bbscof` WHERE `pid` = 23 ORDER BY id DESC  [ RunTime:0.0003s ]
NOTIC: [8] Undefined index: conf D:\wamp\www\XXXX\TC\Home\Controller\InformController.class.php 第 291 行.
NOTIC: [8] Undefined index: title D:\wamp\www\XXXX\TC\Home\Controller\InformController.class.php 第 292 行.
SQL: SELECT * FROM `tc_bbscof` WHERE `pid` = 22 ORDER BY id DESC  [ RunTime:0.0003s ]
NOTIC: [8] Undefined index: conf D:\wamp\www\XXXX\TC\Home\Controller\InformController.class.php 第 291 行.
NOTIC: [8] Undefined index: title D:\wamp\www\XXXX\TC\Home\Controller\InformController.class.php 第 292 行.
SQL: SELECT * FROM `tc_bbscof` WHERE `pid` = 18 ORDER BY id DESC  [ RunTime:0.0004s ]
NOTIC: [8] Undefined index: conf D:\wamp\www\XXXX\TC\Home\Controller\InformController.class.php 第 291 行.
NOTIC: [8] Undefined index: title D:\wamp\www\XXXX\TC\Home\Controller\InformController.class.php 第 292 行.
SQL: SELECT * FROM `tc_bbscof` WHERE `pid` = 19 ORDER BY id DESC  [ RunTime:0.0003s ]
NOTIC: [8] Undefined index: conf D:\wamp\www\XXXX\TC\Home\Controller\InformController.class.php 第 291 行.
NOTIC: [8] Undefined index: title D:\wamp\www\XXXX\TC\Home\Controller\InformController.class.php 第 292 行.
SQL: SELECT * FROM `tc_bbscof` WHERE `pid` = 20 ORDER BY id DESC  [ RunTime:0.0003s ]
NOTIC: [8] Undefined index: conf D:\wamp\www\XXXX\TC\Home\Controller\InformController.class.php 第 291 行.
NOTIC: [8] Undefined index: title D:\wamp\www\XXXX\TC\Home\Controller\InformController.class.php 第 292 行.
SQL: SELECT * FROM `tc_bbscof` WHERE `pid` = 21 ORDER BY id DESC  [ RunTime:0.0004s ]
INFO: [ view_parse ] --START--
INFO: Run Behavior\ParseTemplateBehavior [ RunTime:0.011738s ]
INFO: [ view_parse ] --END-- [ RunTime:0.011877s ]
INFO: [ view_filter ] --START--
INFO: Run Behavior\WriteHtmlCacheBehavior [ RunTime:0.000459s ]
INFO: [ view_filter ] --END-- [ RunTime:0.000559s ]
INFO: [ app_end ] --START--
INFO: Run Behavior\ShowPageTraceBehavior [ RunTime:0.000583s ]
INFO: [ app_end ] --END-- [ RunTime:0.000702s ]

