[ 2017-01-14T08:56:04+08:00 ] ::1 /XXXX/TC/
INFO: [ app_init ] --START--
INFO: Run Behavior\BuildLiteBehavior [ RunTime:0.000055s ]
INFO: [ app_init ] --END-- [ RunTime:0.053551s ]
INFO: [ app_begin ] --START--
INFO: Run Behavior\ReadHtmlCacheBehavior [ RunTime:0.038505s ]
INFO: [ app_begin ] --END-- [ RunTime:0.038784s ]
INFO: [ view_parse ] --START--
INFO: Run Behavior\ParseTemplateBehavior [ RunTime:0.607158s ]
INFO: [ view_parse ] --END-- [ RunTime:0.607395s ]
INFO: [ view_filter ] --START--
INFO: Run Behavior\WriteHtmlCacheBehavior [ RunTime:0.036410s ]
INFO: [ view_filter ] --END-- [ RunTime:0.036553s ]
INFO: [ app_end ] --START--
INFO: Run Behavior\ShowPageTraceBehavior [ RunTime:0.029321s ]
INFO: [ app_end ] --END-- [ RunTime:0.029519s ]

[ 2017-01-14T08:56:22+08:00 ] ::1 /XXXX/TC/index.php/Project/contact.html
INFO: [ app_init ] --START--
INFO: Run Behavior\BuildLiteBehavior [ RunTime:0.000024s ]
INFO: [ app_init ] --END-- [ RunTime:0.000412s ]
INFO: [ app_begin ] --START--
INFO: Run Behavior\ReadHtmlCacheBehavior [ RunTime:0.000431s ]
INFO: [ app_begin ] --END-- [ RunTime:0.000545s ]

[ 2017-01-14T08:57:51+08:00 ] ::1 /XXXX/TC/index.php/Project/contact.html
INFO: [ app_init ] --START--
INFO: Run Behavior\BuildLiteBehavior [ RunTime:0.000047s ]
INFO: [ app_init ] --END-- [ RunTime:0.000586s ]
INFO: [ app_begin ] --START--
INFO: Run Behavior\ReadHtmlCacheBehavior [ RunTime:0.001187s ]
INFO: [ app_begin ] --END-- [ RunTime:0.001529s ]
INFO: [ view_parse ] --START--
INFO: Run Behavior\ParseTemplateBehavior [ RunTime:0.082287s ]
INFO: [ view_parse ] --END-- [ RunTime:0.082462s ]
INFO: [ view_filter ] --START--
INFO: Run Behavior\WriteHtmlCacheBehavior [ RunTime:0.000307s ]
INFO: [ view_filter ] --END-- [ RunTime:0.000414s ]
INFO: [ app_end ] --START--
INFO: Run Behavior\ShowPageTraceBehavior [ RunTime:0.001457s ]
INFO: [ app_end ] --END-- [ RunTime:0.001764s ]

[ 2017-01-14T08:57:56+08:00 ] ::1 /XXXX/TC/index.php/Inform/add
INFO: [ app_init ] --START--
INFO: Run Behavior\BuildLiteBehavior [ RunTime:0.000049s ]
INFO: [ app_init ] --END-- [ RunTime:0.000733s ]
INFO: [ app_begin ] --START--
INFO: Run Behavior\ReadHtmlCacheBehavior [ RunTime:0.000480s ]
INFO: [ app_begin ] --END-- [ RunTime:0.000613s ]
NOTIC: [2048] Declaration of Home\Controller\InformController::show() should be compatible with Think\Controller::show($content, $charset = '', $contentType = '', $prefix = '') D:\wamps\wamp\www\XXXX\TC\Home\Controller\InformController.class.php 第 4 行.
INFO: [ view_parse ] --START--
INFO: Run Behavior\ParseTemplateBehavior [ RunTime:0.061605s ]
INFO: [ view_parse ] --END-- [ RunTime:0.062149s ]
INFO: [ view_filter ] --START--
INFO: Run Behavior\WriteHtmlCacheBehavior [ RunTime:0.000760s ]
INFO: [ view_filter ] --END-- [ RunTime:0.000977s ]
INFO: [ app_end ] --START--
INFO: Run Behavior\ShowPageTraceBehavior [ RunTime:0.000530s ]
INFO: [ app_end ] --END-- [ RunTime:0.000642s ]

[ 2017-01-14T08:58:03+08:00 ] ::1 /XXXX/TC/index.php/Inform/share
INFO: [ app_init ] --START--
INFO: Run Behavior\BuildLiteBehavior [ RunTime:0.000031s ]
INFO: [ app_init ] --END-- [ RunTime:0.000470s ]
INFO: [ app_begin ] --START--
INFO: Run Behavior\ReadHtmlCacheBehavior [ RunTime:0.000491s ]
INFO: [ app_begin ] --END-- [ RunTime:0.000632s ]
NOTIC: [2048] Declaration of Home\Controller\InformController::show() should be compatible with Think\Controller::show($content, $charset = '', $contentType = '', $prefix = '') D:\wamps\wamp\www\XXXX\TC\Home\Controller\InformController.class.php 第 4 行.
SQL: SHOW COLUMNS FROM `tc_bbs` [ RunTime:0.1057s ]
NOTIC: [8] Undefined index: bbs_conf D:\wamps\wamp\www\XXXX\TC\Home\Controller\InformController.class.php 第 23 行.
SQL: INSERT INTO `tc_bbs` (`tc_user`,`bbs_date`) VALUES ('admin','now()') [ RunTime:0.0749s ]
NOTIC: [8] Undefined index: lg D:\wamps\wamp\www\XXXX\TC\Home\Controller\InformController.class.php 第 35 行.
INFO: [ view_parse ] --START--
INFO: Run Behavior\ParseTemplateBehavior [ RunTime:0.117362s ]
INFO: [ view_parse ] --END-- [ RunTime:0.117531s ]
INFO: [ view_filter ] --START--
INFO: Run Behavior\WriteHtmlCacheBehavior [ RunTime:0.000426s ]
INFO: [ view_filter ] --END-- [ RunTime:0.000629s ]
INFO: [ app_end ] --START--
INFO: Run Behavior\ShowPageTraceBehavior [ RunTime:0.000497s ]
INFO: [ app_end ] --END-- [ RunTime:0.000613s ]

[ 2017-01-14T08:58:04+08:00 ] ::1 /XXXX/TC/index.php/Inform/details.html
INFO: [ app_init ] --START--
INFO: Run Behavior\BuildLiteBehavior [ RunTime:0.000027s ]
INFO: [ app_init ] --END-- [ RunTime:0.000458s ]
INFO: [ app_begin ] --START--
INFO: Run Behavior\ReadHtmlCacheBehavior [ RunTime:0.000491s ]
INFO: [ app_begin ] --END-- [ RunTime:0.000625s ]
NOTIC: [2048] Declaration of Home\Controller\InformController::show() should be compatible with Think\Controller::show($content, $charset = '', $contentType = '', $prefix = '') D:\wamps\wamp\www\XXXX\TC\Home\Controller\InformController.class.php 第 4 行.
SQL: SHOW COLUMNS FROM `tc_bbs` [ RunTime:0.0123s ]
SQL: SELECT COUNT(*) AS tp_count FROM `tc_bbs` LIMIT 1   [ RunTime:0.0005s ]
NOTIC: [8] Undefined index: search D:\wamps\wamp\www\XXXX\TC\Home\Controller\InformController.class.php 第 50 行.
SQL: SELECT * FROM `tc_bbs` LIMIT 0,5   [ RunTime:0.0004s ]
NOTIC: [8] Undefined index: fabu D:\wamps\wamp\www\XXXX\TC\Home\Controller\InformController.class.php 第 74 行.
INFO: [ view_parse ] --START--
NOTIC: [8] Undefined index: name D:\wamps\wamp\www\XXXX\TC\Runtime\Cache\a3cf4ede745aa059ce84693e49cf8fb1374e65fa.file.details.html.php 第 74 行.
NOTIC: [8] Trying to get property of non-object D:\wamps\wamp\www\XXXX\TC\Runtime\Cache\a3cf4ede745aa059ce84693e49cf8fb1374e65fa.file.details.html.php 第 74 行.
INFO: Run Behavior\ParseTemplateBehavior [ RunTime:0.333937s ]
INFO: [ view_parse ] --END-- [ RunTime:0.334080s ]
INFO: [ view_filter ] --START--
INFO: Run Behavior\WriteHtmlCacheBehavior [ RunTime:0.000315s ]
INFO: [ view_filter ] --END-- [ RunTime:0.000437s ]
INFO: [ app_end ] --START--
INFO: Run Behavior\ShowPageTraceBehavior [ RunTime:0.000456s ]
INFO: [ app_end ] --END-- [ RunTime:0.000615s ]

[ 2017-01-14T08:58:17+08:00 ] ::1 /XXXX/TC/index.php/Inform/details/p/2.html
INFO: [ app_init ] --START--
INFO: Run Behavior\BuildLiteBehavior [ RunTime:0.000040s ]
INFO: [ app_init ] --END-- [ RunTime:0.000602s ]
INFO: [ app_begin ] --START--
INFO: Run Behavior\ReadHtmlCacheBehavior [ RunTime:0.000561s ]
INFO: [ app_begin ] --END-- [ RunTime:0.000687s ]
NOTIC: [2048] Declaration of Home\Controller\InformController::show() should be compatible with Think\Controller::show($content, $charset = '', $contentType = '', $prefix = '') D:\wamps\wamp\www\XXXX\TC\Home\Controller\InformController.class.php 第 4 行.
SQL: SHOW COLUMNS FROM `tc_bbs` [ RunTime:0.0123s ]
SQL: SELECT COUNT(*) AS tp_count FROM `tc_bbs` LIMIT 1   [ RunTime:0.0003s ]
NOTIC: [8] Undefined index: search D:\wamps\wamp\www\XXXX\TC\Home\Controller\InformController.class.php 第 50 行.
SQL: SELECT * FROM `tc_bbs` LIMIT 5,5   [ RunTime:0.0003s ]
NOTIC: [8] Undefined index: fabu D:\wamps\wamp\www\XXXX\TC\Home\Controller\InformController.class.php 第 74 行.
INFO: [ view_parse ] --START--
NOTIC: [8] Undefined index: name D:\wamps\wamp\www\XXXX\TC\Runtime\Cache\a3cf4ede745aa059ce84693e49cf8fb1374e65fa.file.details.html.php 第 74 行.
NOTIC: [8] Trying to get property of non-object D:\wamps\wamp\www\XXXX\TC\Runtime\Cache\a3cf4ede745aa059ce84693e49cf8fb1374e65fa.file.details.html.php 第 74 行.
INFO: Run Behavior\ParseTemplateBehavior [ RunTime:0.011374s ]
INFO: [ view_parse ] --END-- [ RunTime:0.011505s ]
INFO: [ view_filter ] --START--
INFO: Run Behavior\WriteHtmlCacheBehavior [ RunTime:0.000547s ]
INFO: [ view_filter ] --END-- [ RunTime:0.000693s ]
INFO: [ app_end ] --START--
INFO: Run Behavior\ShowPageTraceBehavior [ RunTime:0.000864s ]
INFO: [ app_end ] --END-- [ RunTime:0.001047s ]

[ 2017-01-14T08:58:19+08:00 ] ::1 /XXXX/TC/index.php/Inform/details/p/3.html
INFO: [ app_init ] --START--
INFO: Run Behavior\BuildLiteBehavior [ RunTime:0.000030s ]
INFO: [ app_init ] --END-- [ RunTime:0.000457s ]
INFO: [ app_begin ] --START--
INFO: Run Behavior\ReadHtmlCacheBehavior [ RunTime:0.000508s ]
INFO: [ app_begin ] --END-- [ RunTime:0.000661s ]
NOTIC: [2048] Declaration of Home\Controller\InformController::show() should be compatible with Think\Controller::show($content, $charset = '', $contentType = '', $prefix = '') D:\wamps\wamp\www\XXXX\TC\Home\Controller\InformController.class.php 第 4 行.
SQL: SHOW COLUMNS FROM `tc_bbs` [ RunTime:0.0125s ]
SQL: SELECT COUNT(*) AS tp_count FROM `tc_bbs` LIMIT 1   [ RunTime:0.0004s ]
NOTIC: [8] Undefined index: search D:\wamps\wamp\www\XXXX\TC\Home\Controller\InformController.class.php 第 50 行.
SQL: SELECT * FROM `tc_bbs` LIMIT 10,5   [ RunTime:0.0003s ]
NOTIC: [8] Undefined index: fabu D:\wamps\wamp\www\XXXX\TC\Home\Controller\InformController.class.php 第 74 行.
INFO: [ view_parse ] --START--
NOTIC: [8] Undefined index: name D:\wamps\wamp\www\XXXX\TC\Runtime\Cache\a3cf4ede745aa059ce84693e49cf8fb1374e65fa.file.details.html.php 第 74 行.
NOTIC: [8] Trying to get property of non-object D:\wamps\wamp\www\XXXX\TC\Runtime\Cache\a3cf4ede745aa059ce84693e49cf8fb1374e65fa.file.details.html.php 第 74 行.
INFO: Run Behavior\ParseTemplateBehavior [ RunTime:0.008873s ]
INFO: [ view_parse ] --END-- [ RunTime:0.009062s ]
INFO: [ view_filter ] --START--
INFO: Run Behavior\WriteHtmlCacheBehavior [ RunTime:0.000365s ]
INFO: [ view_filter ] --END-- [ RunTime:0.000483s ]
INFO: [ app_end ] --START--
INFO: Run Behavior\ShowPageTraceBehavior [ RunTime:0.002186s ]
INFO: [ app_end ] --END-- [ RunTime:0.002328s ]

[ 2017-01-14T08:58:20+08:00 ] ::1 /XXXX/TC/index.php/Inform/details/p/4.html
INFO: [ app_init ] --START--
INFO: Run Behavior\BuildLiteBehavior [ RunTime:0.000031s ]
INFO: [ app_init ] --END-- [ RunTime:0.000489s ]
INFO: [ app_begin ] --START--
INFO: Run Behavior\ReadHtmlCacheBehavior [ RunTime:0.000481s ]
INFO: [ app_begin ] --END-- [ RunTime:0.000618s ]
NOTIC: [2048] Declaration of Home\Controller\InformController::show() should be compatible with Think\Controller::show($content, $charset = '', $contentType = '', $prefix = '') D:\wamps\wamp\www\XXXX\TC\Home\Controller\InformController.class.php 第 4 行.
SQL: SHOW COLUMNS FROM `tc_bbs` [ RunTime:0.0110s ]
SQL: SELECT COUNT(*) AS tp_count FROM `tc_bbs` LIMIT 1   [ RunTime:0.0003s ]
NOTIC: [8] Undefined index: search D:\wamps\wamp\www\XXXX\TC\Home\Controller\InformController.class.php 第 50 行.
SQL: SELECT * FROM `tc_bbs` LIMIT 15,5   [ RunTime:0.0003s ]
NOTIC: [8] Undefined index: fabu D:\wamps\wamp\www\XXXX\TC\Home\Controller\InformController.class.php 第 74 行.
INFO: [ view_parse ] --START--
NOTIC: [8] Undefined index: name D:\wamps\wamp\www\XXXX\TC\Runtime\Cache\a3cf4ede745aa059ce84693e49cf8fb1374e65fa.file.details.html.php 第 74 行.
NOTIC: [8] Trying to get property of non-object D:\wamps\wamp\www\XXXX\TC\Runtime\Cache\a3cf4ede745aa059ce84693e49cf8fb1374e65fa.file.details.html.php 第 74 行.
INFO: Run Behavior\ParseTemplateBehavior [ RunTime:0.013248s ]
INFO: [ view_parse ] --END-- [ RunTime:0.013575s ]
INFO: [ view_filter ] --START--
INFO: Run Behavior\WriteHtmlCacheBehavior [ RunTime:0.000651s ]
INFO: [ view_filter ] --END-- [ RunTime:0.000882s ]
INFO: [ app_end ] --START--
INFO: Run Behavior\ShowPageTraceBehavior [ RunTime:0.001203s ]
INFO: [ app_end ] --END-- [ RunTime:0.001794s ]

[ 2017-01-14T08:58:22+08:00 ] ::1 /XXXX/TC/index.php/Inform/details/p/20.html
INFO: [ app_init ] --START--
INFO: Run Behavior\BuildLiteBehavior [ RunTime:0.000035s ]
INFO: [ app_init ] --END-- [ RunTime:0.000528s ]
INFO: [ app_begin ] --START--
INFO: Run Behavior\ReadHtmlCacheBehavior [ RunTime:0.000764s ]
INFO: [ app_begin ] --END-- [ RunTime:0.001008s ]
NOTIC: [2048] Declaration of Home\Controller\InformController::show() should be compatible with Think\Controller::show($content, $charset = '', $contentType = '', $prefix = '') D:\wamps\wamp\www\XXXX\TC\Home\Controller\InformController.class.php 第 4 行.
SQL: SHOW COLUMNS FROM `tc_bbs` [ RunTime:0.1052s ]
SQL: SELECT COUNT(*) AS tp_count FROM `tc_bbs` LIMIT 1   [ RunTime:0.0005s ]
NOTIC: [8] Undefined index: search D:\wamps\wamp\www\XXXX\TC\Home\Controller\InformController.class.php 第 50 行.
SQL: SELECT * FROM `tc_bbs` LIMIT 95,5   [ RunTime:0.0007s ]
NOTIC: [8] Undefined index: fabu D:\wamps\wamp\www\XXXX\TC\Home\Controller\InformController.class.php 第 74 行.
INFO: [ view_parse ] --START--
NOTIC: [8] Undefined index: name D:\wamps\wamp\www\XXXX\TC\Runtime\Cache\a3cf4ede745aa059ce84693e49cf8fb1374e65fa.file.details.html.php 第 74 行.
NOTIC: [8] Trying to get property of non-object D:\wamps\wamp\www\XXXX\TC\Runtime\Cache\a3cf4ede745aa059ce84693e49cf8fb1374e65fa.file.details.html.php 第 74 行.
INFO: Run Behavior\ParseTemplateBehavior [ RunTime:0.011229s ]
INFO: [ view_parse ] --END-- [ RunTime:0.011401s ]
INFO: [ view_filter ] --START--
INFO: Run Behavior\WriteHtmlCacheBehavior [ RunTime:0.000435s ]
INFO: [ view_filter ] --END-- [ RunTime:0.000551s ]
INFO: [ app_end ] --START--
INFO: Run Behavior\ShowPageTraceBehavior [ RunTime:0.000926s ]
INFO: [ app_end ] --END-- [ RunTime:0.001158s ]

[ 2017-01-14T08:58:26+08:00 ] ::1 /XXXX/TC/index.php/Inform/details/p/19.html
INFO: [ app_init ] --START--
INFO: Run Behavior\BuildLiteBehavior [ RunTime:0.000033s ]
INFO: [ app_init ] --END-- [ RunTime:0.000536s ]
INFO: [ app_begin ] --START--
INFO: Run Behavior\ReadHtmlCacheBehavior [ RunTime:0.000512s ]
INFO: [ app_begin ] --END-- [ RunTime:0.000661s ]
NOTIC: [2048] Declaration of Home\Controller\InformController::show() should be compatible with Think\Controller::show($content, $charset = '', $contentType = '', $prefix = '') D:\wamps\wamp\www\XXXX\TC\Home\Controller\InformController.class.php 第 4 行.
SQL: SHOW COLUMNS FROM `tc_bbs` [ RunTime:0.0146s ]
SQL: SELECT COUNT(*) AS tp_count FROM `tc_bbs` LIMIT 1   [ RunTime:0.0004s ]
NOTIC: [8] Undefined index: search D:\wamps\wamp\www\XXXX\TC\Home\Controller\InformController.class.php 第 50 行.
SQL: SELECT * FROM `tc_bbs` LIMIT 90,5   [ RunTime:0.0003s ]
NOTIC: [8] Undefined index: fabu D:\wamps\wamp\www\XXXX\TC\Home\Controller\InformController.class.php 第 74 行.
INFO: [ view_parse ] --START--
NOTIC: [8] Undefined index: name D:\wamps\wamp\www\XXXX\TC\Runtime\Cache\a3cf4ede745aa059ce84693e49cf8fb1374e65fa.file.details.html.php 第 74 行.
NOTIC: [8] Trying to get property of non-object D:\wamps\wamp\www\XXXX\TC\Runtime\Cache\a3cf4ede745aa059ce84693e49cf8fb1374e65fa.file.details.html.php 第 74 行.
INFO: Run Behavior\ParseTemplateBehavior [ RunTime:0.009114s ]
INFO: [ view_parse ] --END-- [ RunTime:0.009234s ]
INFO: [ view_filter ] --START--
INFO: Run Behavior\WriteHtmlCacheBehavior [ RunTime:0.000362s ]
INFO: [ view_filter ] --END-- [ RunTime:0.000488s ]
INFO: [ app_end ] --START--
INFO: Run Behavior\ShowPageTraceBehavior [ RunTime:0.000964s ]
INFO: [ app_end ] --END-- [ RunTime:0.001177s ]

[ 2017-01-14T08:58:28+08:00 ] ::1 /XXXX/TC/index.php/Inform/details/p/18.html
INFO: [ app_init ] --START--
INFO: Run Behavior\BuildLiteBehavior [ RunTime:0.000049s ]
INFO: [ app_init ] --END-- [ RunTime:0.001575s ]
INFO: [ app_begin ] --START--
INFO: Run Behavior\ReadHtmlCacheBehavior [ RunTime:0.000512s ]
INFO: [ app_begin ] --END-- [ RunTime:0.000638s ]
NOTIC: [2048] Declaration of Home\Controller\InformController::show() should be compatible with Think\Controller::show($content, $charset = '', $contentType = '', $prefix = '') D:\wamps\wamp\www\XXXX\TC\Home\Controller\InformController.class.php 第 4 行.
SQL: SHOW COLUMNS FROM `tc_bbs` [ RunTime:0.0123s ]
SQL: SELECT COUNT(*) AS tp_count FROM `tc_bbs` LIMIT 1   [ RunTime:0.0003s ]
NOTIC: [8] Undefined index: search D:\wamps\wamp\www\XXXX\TC\Home\Controller\InformController.class.php 第 50 行.
SQL: SELECT * FROM `tc_bbs` LIMIT 85,5   [ RunTime:0.0004s ]
NOTIC: [8] Undefined index: fabu D:\wamps\wamp\www\XXXX\TC\Home\Controller\InformController.class.php 第 74 行.
INFO: [ view_parse ] --START--
NOTIC: [8] Undefined index: name D:\wamps\wamp\www\XXXX\TC\Runtime\Cache\a3cf4ede745aa059ce84693e49cf8fb1374e65fa.file.details.html.php 第 74 行.
NOTIC: [8] Trying to get property of non-object D:\wamps\wamp\www\XXXX\TC\Runtime\Cache\a3cf4ede745aa059ce84693e49cf8fb1374e65fa.file.details.html.php 第 74 行.
INFO: Run Behavior\ParseTemplateBehavior [ RunTime:0.010441s ]
INFO: [ view_parse ] --END-- [ RunTime:0.010643s ]
INFO: [ view_filter ] --START--
INFO: Run Behavior\WriteHtmlCacheBehavior [ RunTime:0.000935s ]
INFO: [ view_filter ] --END-- [ RunTime:0.001335s ]
INFO: [ app_end ] --START--
INFO: Run Behavior\ShowPageTraceBehavior [ RunTime:0.001215s ]
INFO: [ app_end ] --END-- [ RunTime:0.001651s ]

[ 2017-01-14T08:58:28+08:00 ] ::1 /XXXX/TC/index.php/Inform/details/p/17.html
INFO: [ app_init ] --START--
INFO: Run Behavior\BuildLiteBehavior [ RunTime:0.000028s ]
INFO: [ app_init ] --END-- [ RunTime:0.000448s ]
INFO: [ app_begin ] --START--
INFO: Run Behavior\ReadHtmlCacheBehavior [ RunTime:0.000595s ]
INFO: [ app_begin ] --END-- [ RunTime:0.000725s ]
NOTIC: [2048] Declaration of Home\Controller\InformController::show() should be compatible with Think\Controller::show($content, $charset = '', $contentType = '', $prefix = '') D:\wamps\wamp\www\XXXX\TC\Home\Controller\InformController.class.php 第 4 行.
SQL: SHOW COLUMNS FROM `tc_bbs` [ RunTime:0.0060s ]
SQL: SELECT COUNT(*) AS tp_count FROM `tc_bbs` LIMIT 1   [ RunTime:0.0003s ]
NOTIC: [8] Undefined index: search D:\wamps\wamp\www\XXXX\TC\Home\Controller\InformController.class.php 第 50 行.
SQL: SELECT * FROM `tc_bbs` LIMIT 80,5   [ RunTime:0.0003s ]
NOTIC: [8] Undefined index: fabu D:\wamps\wamp\www\XXXX\TC\Home\Controller\InformController.class.php 第 74 行.
INFO: [ view_parse ] --START--
NOTIC: [8] Undefined index: name D:\wamps\wamp\www\XXXX\TC\Runtime\Cache\a3cf4ede745aa059ce84693e49cf8fb1374e65fa.file.details.html.php 第 74 行.
NOTIC: [8] Trying to get property of non-object D:\wamps\wamp\www\XXXX\TC\Runtime\Cache\a3cf4ede745aa059ce84693e49cf8fb1374e65fa.file.details.html.php 第 74 行.
INFO: Run Behavior\ParseTemplateBehavior [ RunTime:0.010558s ]
INFO: [ view_parse ] --END-- [ RunTime:0.010679s ]
INFO: [ view_filter ] --START--
INFO: Run Behavior\WriteHtmlCacheBehavior [ RunTime:0.000371s ]
INFO: [ view_filter ] --END-- [ RunTime:0.000479s ]
INFO: [ app_end ] --START--
INFO: Run Behavior\ShowPageTraceBehavior [ RunTime:0.000989s ]
INFO: [ app_end ] --END-- [ RunTime:0.001204s ]

[ 2017-01-14T08:58:37+08:00 ] ::1 /XXXX/TC/index.php/Inform/details/p/17.html
INFO: [ app_init ] --START--
INFO: Run Behavior\BuildLiteBehavior [ RunTime:0.000030s ]
INFO: [ app_init ] --END-- [ RunTime:0.000459s ]
INFO: [ app_begin ] --START--
INFO: Run Behavior\ReadHtmlCacheBehavior [ RunTime:0.000489s ]
INFO: [ app_begin ] --END-- [ RunTime:0.000629s ]
NOTIC: [2048] Declaration of Home\Controller\InformController::show() should be compatible with Think\Controller::show($content, $charset = '', $contentType = '', $prefix = '') D:\wamps\wamp\www\XXXX\TC\Home\Controller\InformController.class.php 第 4 行.
SQL: SHOW COLUMNS FROM `tc_bbs` [ RunTime:0.0160s ]
SQL: SELECT COUNT(*) AS tp_count FROM `tc_bbs` LIMIT 1   [ RunTime:0.0003s ]
NOTIC: [8] Undefined index: search D:\wamps\wamp\www\XXXX\TC\Home\Controller\InformController.class.php 第 50 行.
SQL: SELECT * FROM `tc_bbs` LIMIT 80,5   [ RunTime:0.0005s ]
NOTIC: [8] Undefined index: fabu D:\wamps\wamp\www\XXXX\TC\Home\Controller\InformController.class.php 第 74 行.
INFO: [ view_parse ] --START--
NOTIC: [8] Undefined index: name D:\wamps\wamp\www\XXXX\TC\Runtime\Cache\a3cf4ede745aa059ce84693e49cf8fb1374e65fa.file.details.html.php 第 74 行.
NOTIC: [8] Trying to get property of non-object D:\wamps\wamp\www\XXXX\TC\Runtime\Cache\a3cf4ede745aa059ce84693e49cf8fb1374e65fa.file.details.html.php 第 74 行.
INFO: Run Behavior\ParseTemplateBehavior [ RunTime:0.014041s ]
INFO: [ view_parse ] --END-- [ RunTime:0.014210s ]
INFO: [ view_filter ] --START--
INFO: Run Behavior\WriteHtmlCacheBehavior [ RunTime:0.000408s ]
INFO: [ view_filter ] --END-- [ RunTime:0.000526s ]
INFO: [ app_end ] --START--
INFO: Run Behavior\ShowPageTraceBehavior [ RunTime:0.001326s ]
INFO: [ app_end ] --END-- [ RunTime:0.001673s ]

[ 2017-01-14T08:58:42+08:00 ] ::1 /XXXX/TC/index.php/Inform/details/p/18.html
INFO: [ app_init ] --START--
INFO: Run Behavior\BuildLiteBehavior [ RunTime:0.000038s ]
INFO: [ app_init ] --END-- [ RunTime:0.001092s ]
INFO: [ app_begin ] --START--
INFO: Run Behavior\ReadHtmlCacheBehavior [ RunTime:0.000511s ]
INFO: [ app_begin ] --END-- [ RunTime:0.000653s ]
NOTIC: [2048] Declaration of Home\Controller\InformController::show() should be compatible with Think\Controller::show($content, $charset = '', $contentType = '', $prefix = '') D:\wamps\wamp\www\XXXX\TC\Home\Controller\InformController.class.php 第 4 行.
SQL: SHOW COLUMNS FROM `tc_bbs` [ RunTime:0.0129s ]
SQL: SELECT COUNT(*) AS tp_count FROM `tc_bbs` LIMIT 1   [ RunTime:0.0003s ]
NOTIC: [8] Undefined index: search D:\wamps\wamp\www\XXXX\TC\Home\Controller\InformController.class.php 第 50 行.
SQL: SELECT * FROM `tc_bbs` LIMIT 85,5   [ RunTime:0.0004s ]
NOTIC: [8] Undefined index: fabu D:\wamps\wamp\www\XXXX\TC\Home\Controller\InformController.class.php 第 74 行.
INFO: [ view_parse ] --START--
NOTIC: [8] Undefined index: name D:\wamps\wamp\www\XXXX\TC\Runtime\Cache\a3cf4ede745aa059ce84693e49cf8fb1374e65fa.file.details.html.php 第 74 行.
NOTIC: [8] Trying to get property of non-object D:\wamps\wamp\www\XXXX\TC\Runtime\Cache\a3cf4ede745aa059ce84693e49cf8fb1374e65fa.file.details.html.php 第 74 行.
INFO: Run Behavior\ParseTemplateBehavior [ RunTime:0.010544s ]
INFO: [ view_parse ] --END-- [ RunTime:0.010687s ]
INFO: [ view_filter ] --START--
INFO: Run Behavior\WriteHtmlCacheBehavior [ RunTime:0.000404s ]
INFO: [ view_filter ] --END-- [ RunTime:0.000532s ]
INFO: [ app_end ] --START--
INFO: Run Behavior\ShowPageTraceBehavior [ RunTime:0.001222s ]
INFO: [ app_end ] --END-- [ RunTime:0.001477s ]

[ 2017-01-14T08:58:43+08:00 ] ::1 /XXXX/TC/index.php/Inform/details/p/19.html
INFO: [ app_init ] --START--
INFO: Run Behavior\BuildLiteBehavior [ RunTime:0.000029s ]
INFO: [ app_init ] --END-- [ RunTime:0.000455s ]
INFO: [ app_begin ] --START--
INFO: Run Behavior\ReadHtmlCacheBehavior [ RunTime:0.000516s ]
INFO: [ app_begin ] --END-- [ RunTime:0.000654s ]
NOTIC: [2048] Declaration of Home\Controller\InformController::show() should be compatible with Think\Controller::show($content, $charset = '', $contentType = '', $prefix = '') D:\wamps\wamp\www\XXXX\TC\Home\Controller\InformController.class.php 第 4 行.
SQL: SHOW COLUMNS FROM `tc_bbs` [ RunTime:0.0126s ]
SQL: SELECT COUNT(*) AS tp_count FROM `tc_bbs` LIMIT 1   [ RunTime:0.0004s ]
NOTIC: [8] Undefined index: search D:\wamps\wamp\www\XXXX\TC\Home\Controller\InformController.class.php 第 50 行.
SQL: SELECT * FROM `tc_bbs` LIMIT 90,5   [ RunTime:0.0004s ]
NOTIC: [8] Undefined index: fabu D:\wamps\wamp\www\XXXX\TC\Home\Controller\InformController.class.php 第 74 行.
INFO: [ view_parse ] --START--
NOTIC: [8] Undefined index: name D:\wamps\wamp\www\XXXX\TC\Runtime\Cache\a3cf4ede745aa059ce84693e49cf8fb1374e65fa.file.details.html.php 第 74 行.
NOTIC: [8] Trying to get property of non-object D:\wamps\wamp\www\XXXX\TC\Runtime\Cache\a3cf4ede745aa059ce84693e49cf8fb1374e65fa.file.details.html.php 第 74 行.
INFO: Run Behavior\ParseTemplateBehavior [ RunTime:0.009101s ]
INFO: [ view_parse ] --END-- [ RunTime:0.009226s ]
INFO: [ view_filter ] --START--
INFO: Run Behavior\WriteHtmlCacheBehavior [ RunTime:0.000337s ]
INFO: [ view_filter ] --END-- [ RunTime:0.000442s ]
INFO: [ app_end ] --START--
INFO: Run Behavior\ShowPageTraceBehavior [ RunTime:0.000805s ]
INFO: [ app_end ] --END-- [ RunTime:0.001016s ]

[ 2017-01-14T08:58:43+08:00 ] ::1 /XXXX/TC/index.php/Inform/details/p/20.html
INFO: [ app_init ] --START--
INFO: Run Behavior\BuildLiteBehavior [ RunTime:0.000029s ]
INFO: [ app_init ] --END-- [ RunTime:0.000469s ]
INFO: [ app_begin ] --START--
INFO: Run Behavior\ReadHtmlCacheBehavior [ RunTime:0.000488s ]
INFO: [ app_begin ] --END-- [ RunTime:0.000622s ]
NOTIC: [2048] Declaration of Home\Controller\InformController::show() should be compatible with Think\Controller::show($content, $charset = '', $contentType = '', $prefix = '') D:\wamps\wamp\www\XXXX\TC\Home\Controller\InformController.class.php 第 4 行.
SQL: SHOW COLUMNS FROM `tc_bbs` [ RunTime:0.0074s ]
SQL: SELECT COUNT(*) AS tp_count FROM `tc_bbs` LIMIT 1   [ RunTime:0.0003s ]
NOTIC: [8] Undefined index: search D:\wamps\wamp\www\XXXX\TC\Home\Controller\InformController.class.php 第 50 行.
SQL: SELECT * FROM `tc_bbs` LIMIT 95,5   [ RunTime:0.0004s ]
NOTIC: [8] Undefined index: fabu D:\wamps\wamp\www\XXXX\TC\Home\Controller\InformController.class.php 第 74 行.
INFO: [ view_parse ] --START--
NOTIC: [8] Undefined index: name D:\wamps\wamp\www\XXXX\TC\Runtime\Cache\a3cf4ede745aa059ce84693e49cf8fb1374e65fa.file.details.html.php 第 74 行.
NOTIC: [8] Trying to get property of non-object D:\wamps\wamp\www\XXXX\TC\Runtime\Cache\a3cf4ede745aa059ce84693e49cf8fb1374e65fa.file.details.html.php 第 74 行.
INFO: Run Behavior\ParseTemplateBehavior [ RunTime:0.009986s ]
INFO: [ view_parse ] --END-- [ RunTime:0.010107s ]
INFO: [ view_filter ] --START--
INFO: Run Behavior\WriteHtmlCacheBehavior [ RunTime:0.000337s ]
INFO: [ view_filter ] --END-- [ RunTime:0.000467s ]
INFO: [ app_end ] --START--
INFO: Run Behavior\ShowPageTraceBehavior [ RunTime:0.000972s ]
INFO: [ app_end ] --END-- [ RunTime:0.001163s ]

[ 2017-01-14T08:58:45+08:00 ] ::1 /XXXX/TC/index.php/Inform/details/p/11.html
INFO: [ app_init ] --START--
INFO: Run Behavior\BuildLiteBehavior [ RunTime:0.000034s ]
INFO: [ app_init ] --END-- [ RunTime:0.000505s ]
INFO: [ app_begin ] --START--
INFO: Run Behavior\ReadHtmlCacheBehavior [ RunTime:0.000563s ]
INFO: [ app_begin ] --END-- [ RunTime:0.000702s ]
NOTIC: [2048] Declaration of Home\Controller\InformController::show() should be compatible with Think\Controller::show($content, $charset = '', $contentType = '', $prefix = '') D:\wamps\wamp\www\XXXX\TC\Home\Controller\InformController.class.php 第 4 行.
SQL: SHOW COLUMNS FROM `tc_bbs` [ RunTime:0.0121s ]
SQL: SELECT COUNT(*) AS tp_count FROM `tc_bbs` LIMIT 1   [ RunTime:0.0003s ]
NOTIC: [8] Undefined index: search D:\wamps\wamp\www\XXXX\TC\Home\Controller\InformController.class.php 第 50 行.
SQL: SELECT * FROM `tc_bbs` LIMIT 50,5   [ RunTime:0.0003s ]
NOTIC: [8] Undefined index: fabu D:\wamps\wamp\www\XXXX\TC\Home\Controller\InformController.class.php 第 74 行.
INFO: [ view_parse ] --START--
NOTIC: [8] Undefined index: name D:\wamps\wamp\www\XXXX\TC\Runtime\Cache\a3cf4ede745aa059ce84693e49cf8fb1374e65fa.file.details.html.php 第 74 行.
NOTIC: [8] Trying to get property of non-object D:\wamps\wamp\www\XXXX\TC\Runtime\Cache\a3cf4ede745aa059ce84693e49cf8fb1374e65fa.file.details.html.php 第 74 行.
INFO: Run Behavior\ParseTemplateBehavior [ RunTime:0.009312s ]
INFO: [ view_parse ] --END-- [ RunTime:0.009434s ]
INFO: [ view_filter ] --START--
INFO: Run Behavior\WriteHtmlCacheBehavior [ RunTime:0.000337s ]
INFO: [ view_filter ] --END-- [ RunTime:0.000441s ]
INFO: [ app_end ] --START--
INFO: Run Behavior\ShowPageTraceBehavior [ RunTime:0.000952s ]
INFO: [ app_end ] --END-- [ RunTime:0.001096s ]

[ 2017-01-14T08:58:46+08:00 ] ::1 /XXXX/TC/index.php/Inform/details/p/7.html
INFO: [ app_init ] --START--
INFO: Run Behavior\BuildLiteBehavior [ RunTime:0.000030s ]
INFO: [ app_init ] --END-- [ RunTime:0.000465s ]
INFO: [ app_begin ] --START--
INFO: Run Behavior\ReadHtmlCacheBehavior [ RunTime:0.000488s ]
INFO: [ app_begin ] --END-- [ RunTime:0.000624s ]
NOTIC: [2048] Declaration of Home\Controller\InformController::show() should be compatible with Think\Controller::show($content, $charset = '', $contentType = '', $prefix = '') D:\wamps\wamp\www\XXXX\TC\Home\Controller\InformController.class.php 第 4 行.
SQL: SHOW COLUMNS FROM `tc_bbs` [ RunTime:0.0125s ]
SQL: SELECT COUNT(*) AS tp_count FROM `tc_bbs` LIMIT 1   [ RunTime:0.0003s ]
NOTIC: [8] Undefined index: search D:\wamps\wamp\www\XXXX\TC\Home\Controller\InformController.class.php 第 50 行.
SQL: SELECT * FROM `tc_bbs` LIMIT 30,5   [ RunTime:0.0003s ]
NOTIC: [8] Undefined index: fabu D:\wamps\wamp\www\XXXX\TC\Home\Controller\InformController.class.php 第 74 行.
INFO: [ view_parse ] --START--
NOTIC: [8] Undefined index: name D:\wamps\wamp\www\XXXX\TC\Runtime\Cache\a3cf4ede745aa059ce84693e49cf8fb1374e65fa.file.details.html.php 第 74 行.
NOTIC: [8] Trying to get property of non-object D:\wamps\wamp\www\XXXX\TC\Runtime\Cache\a3cf4ede745aa059ce84693e49cf8fb1374e65fa.file.details.html.php 第 74 行.
INFO: Run Behavior\ParseTemplateBehavior [ RunTime:0.009615s ]
INFO: [ view_parse ] --END-- [ RunTime:0.009736s ]
INFO: [ view_filter ] --START--
INFO: Run Behavior\WriteHtmlCacheBehavior [ RunTime:0.000369s ]
INFO: [ view_filter ] --END-- [ RunTime:0.000472s ]
INFO: [ app_end ] --START--
INFO: Run Behavior\ShowPageTraceBehavior [ RunTime:0.000893s ]
INFO: [ app_end ] --END-- [ RunTime:0.001053s ]

[ 2017-01-14T08:58:47+08:00 ] ::1 /XXXX/TC/index.php/Inform/details/p/2.html
INFO: [ app_init ] --START--
INFO: Run Behavior\BuildLiteBehavior [ RunTime:0.000030s ]
INFO: [ app_init ] --END-- [ RunTime:0.000470s ]
INFO: [ app_begin ] --START--
INFO: Run Behavior\ReadHtmlCacheBehavior [ RunTime:0.000641s ]
INFO: [ app_begin ] --END-- [ RunTime:0.000829s ]
NOTIC: [2048] Declaration of Home\Controller\InformController::show() should be compatible with Think\Controller::show($content, $charset = '', $contentType = '', $prefix = '') D:\wamps\wamp\www\XXXX\TC\Home\Controller\InformController.class.php 第 4 行.
SQL: SHOW COLUMNS FROM `tc_bbs` [ RunTime:0.0130s ]
SQL: SELECT COUNT(*) AS tp_count FROM `tc_bbs` LIMIT 1   [ RunTime:0.0003s ]
NOTIC: [8] Undefined index: search D:\wamps\wamp\www\XXXX\TC\Home\Controller\InformController.class.php 第 50 行.
SQL: SELECT * FROM `tc_bbs` LIMIT 5,5   [ RunTime:0.0003s ]
NOTIC: [8] Undefined index: fabu D:\wamps\wamp\www\XXXX\TC\Home\Controller\InformController.class.php 第 74 行.
INFO: [ view_parse ] --START--
NOTIC: [8] Undefined index: name D:\wamps\wamp\www\XXXX\TC\Runtime\Cache\a3cf4ede745aa059ce84693e49cf8fb1374e65fa.file.details.html.php 第 74 行.
NOTIC: [8] Trying to get property of non-object D:\wamps\wamp\www\XXXX\TC\Runtime\Cache\a3cf4ede745aa059ce84693e49cf8fb1374e65fa.file.details.html.php 第 74 行.
INFO: Run Behavior\ParseTemplateBehavior [ RunTime:0.009841s ]
INFO: [ view_parse ] --END-- [ RunTime:0.009978s ]
INFO: [ view_filter ] --START--
INFO: Run Behavior\WriteHtmlCacheBehavior [ RunTime:0.000411s ]
INFO: [ view_filter ] --END-- [ RunTime:0.000540s ]
INFO: [ app_end ] --START--
INFO: Run Behavior\ShowPageTraceBehavior [ RunTime:0.001319s ]
INFO: [ app_end ] --END-- [ RunTime:0.001704s ]

[ 2017-01-14T08:59:02+08:00 ] ::1 /XXXX/TC/index.php/Inform/details/p/2.html?content=sdfsdfsad&fabu=%E5%8F%91%E5%B8%83
INFO: [ app_init ] --START--
INFO: Run Behavior\BuildLiteBehavior [ RunTime:0.000091s ]
INFO: [ app_init ] --END-- [ RunTime:0.003064s ]
INFO: [ app_begin ] --START--
INFO: Run Behavior\ReadHtmlCacheBehavior [ RunTime:0.000433s ]
INFO: [ app_begin ] --END-- [ RunTime:0.000575s ]
NOTIC: [2048] Declaration of Home\Controller\InformController::show() should be compatible with Think\Controller::show($content, $charset = '', $contentType = '', $prefix = '') D:\wamps\wamp\www\XXXX\TC\Home\Controller\InformController.class.php 第 4 行.
SQL: SHOW COLUMNS FROM `tc_bbs` [ RunTime:0.0131s ]
SQL: SELECT COUNT(*) AS tp_count FROM `tc_bbs` LIMIT 1   [ RunTime:0.0003s ]
NOTIC: [8] Undefined index: search D:\wamps\wamp\www\XXXX\TC\Home\Controller\InformController.class.php 第 50 行.
SQL: SELECT * FROM `tc_bbs` LIMIT 5,5   [ RunTime:0.0003s ]
NOTIC: [8] Undefined index: fabu D:\wamps\wamp\www\XXXX\TC\Home\Controller\InformController.class.php 第 74 行.
INFO: [ view_parse ] --START--
NOTIC: [8] Undefined index: name D:\wamps\wamp\www\XXXX\TC\Runtime\Cache\a3cf4ede745aa059ce84693e49cf8fb1374e65fa.file.details.html.php 第 74 行.
NOTIC: [8] Trying to get property of non-object D:\wamps\wamp\www\XXXX\TC\Runtime\Cache\a3cf4ede745aa059ce84693e49cf8fb1374e65fa.file.details.html.php 第 74 行.
INFO: Run Behavior\ParseTemplateBehavior [ RunTime:0.011612s ]
INFO: [ view_parse ] --END-- [ RunTime:0.011726s ]
INFO: [ view_filter ] --START--
INFO: Run Behavior\WriteHtmlCacheBehavior [ RunTime:0.000358s ]
INFO: [ view_filter ] --END-- [ RunTime:0.000463s ]
INFO: [ app_end ] --START--
INFO: Run Behavior\ShowPageTraceBehavior [ RunTime:0.001014s ]
INFO: [ app_end ] --END-- [ RunTime:0.001150s ]

[ 2017-01-14T09:02:22+08:00 ] ::1 /XXXX/TC/index.php/Inform/details.html
INFO: [ app_init ] --START--
INFO: Run Behavior\BuildLiteBehavior [ RunTime:0.000026s ]
INFO: [ app_init ] --END-- [ RunTime:0.000531s ]
INFO: [ app_begin ] --START--
INFO: Run Behavior\ReadHtmlCacheBehavior [ RunTime:0.000548s ]
INFO: [ app_begin ] --END-- [ RunTime:0.000670s ]
NOTIC: [2048] Declaration of Home\Controller\InformController::show() should be compatible with Think\Controller::show($content, $charset = '', $contentType = '', $prefix = '') D:\wamps\wamp\www\XXXX\TC\Home\Controller\InformController.class.php 第 4 行.
SQL: SHOW COLUMNS FROM `tc_bbs` [ RunTime:0.0108s ]
SQL: SELECT COUNT(*) AS tp_count FROM `tc_bbs` LIMIT 1   [ RunTime:0.0004s ]
NOTIC: [8] Undefined index: search D:\wamps\wamp\www\XXXX\TC\Home\Controller\InformController.class.php 第 50 行.
SQL: SELECT * FROM `tc_bbs` LIMIT 0,5   [ RunTime:0.0004s ]
NOTIC: [8] Undefined index: fabu D:\wamps\wamp\www\XXXX\TC\Home\Controller\InformController.class.php 第 74 行.
INFO: [ view_parse ] --START--
NOTIC: [8] Undefined index: name D:\wamps\wamp\www\XXXX\TC\Runtime\Cache\a3cf4ede745aa059ce84693e49cf8fb1374e65fa.file.details.html.php 第 74 行.
NOTIC: [8] Trying to get property of non-object D:\wamps\wamp\www\XXXX\TC\Runtime\Cache\a3cf4ede745aa059ce84693e49cf8fb1374e65fa.file.details.html.php 第 74 行.
INFO: Run Behavior\ParseTemplateBehavior [ RunTime:0.012606s ]
INFO: [ view_parse ] --END-- [ RunTime:0.012755s ]
INFO: [ view_filter ] --START--
INFO: Run Behavior\WriteHtmlCacheBehavior [ RunTime:0.000414s ]
INFO: [ view_filter ] --END-- [ RunTime:0.000522s ]
INFO: [ app_end ] --START--
INFO: Run Behavior\ShowPageTraceBehavior [ RunTime:0.001215s ]
INFO: [ app_end ] --END-- [ RunTime:0.001479s ]

[ 2017-01-14T09:03:33+08:00 ] ::1 /XXXX/TC/index.php/Inform/details.html?content=sdfsd&fabu=%E5%8F%91%E5%B8%83
INFO: [ app_init ] --START--
INFO: Run Behavior\BuildLiteBehavior [ RunTime:0.000025s ]
INFO: [ app_init ] --END-- [ RunTime:0.000463s ]
INFO: [ app_begin ] --START--
INFO: Run Behavior\ReadHtmlCacheBehavior [ RunTime:0.000844s ]
INFO: [ app_begin ] --END-- [ RunTime:0.000998s ]
NOTIC: [2048] Declaration of Home\Controller\InformController::show() should be compatible with Think\Controller::show($content, $charset = '', $contentType = '', $prefix = '') D:\wamps\wamp\www\XXXX\TC\Home\Controller\InformController.class.php 第 4 行.
SQL: SHOW COLUMNS FROM `tc_bbs` [ RunTime:0.0100s ]
SQL: SELECT COUNT(*) AS tp_count FROM `tc_bbs` LIMIT 1   [ RunTime:0.0008s ]
NOTIC: [8] Undefined index: search D:\wamps\wamp\www\XXXX\TC\Home\Controller\InformController.class.php 第 50 行.
SQL: SELECT * FROM `tc_bbs` LIMIT 0,5   [ RunTime:0.0004s ]
NOTIC: [8] Undefined index: fabu D:\wamps\wamp\www\XXXX\TC\Home\Controller\InformController.class.php 第 74 行.
INFO: [ view_parse ] --START--
NOTIC: [8] Undefined index: name D:\wamps\wamp\www\XXXX\TC\Runtime\Cache\a3cf4ede745aa059ce84693e49cf8fb1374e65fa.file.details.html.php 第 74 行.
NOTIC: [8] Trying to get property of non-object D:\wamps\wamp\www\XXXX\TC\Runtime\Cache\a3cf4ede745aa059ce84693e49cf8fb1374e65fa.file.details.html.php 第 74 行.
INFO: Run Behavior\ParseTemplateBehavior [ RunTime:0.044118s ]
INFO: [ view_parse ] --END-- [ RunTime:0.044278s ]
INFO: [ view_filter ] --START--
INFO: Run Behavior\WriteHtmlCacheBehavior [ RunTime:0.000980s ]
INFO: [ view_filter ] --END-- [ RunTime:0.001179s ]
INFO: [ app_end ] --START--
INFO: Run Behavior\ShowPageTraceBehavior [ RunTime:0.001384s ]
INFO: [ app_end ] --END-- [ RunTime:0.001637s ]

[ 2017-01-14T09:04:46+08:00 ] ::1 /XXXX/TC/index.php/Inform/details.html?content=%3Cu%3Easfsadfsadf%3C%2Fu%3E&fabu=%E5%8F%91%E5%B8%83
INFO: [ app_init ] --START--
INFO: Run Behavior\BuildLiteBehavior [ RunTime:0.000028s ]
INFO: [ app_init ] --END-- [ RunTime:0.000604s ]
INFO: [ app_begin ] --START--
INFO: Run Behavior\ReadHtmlCacheBehavior [ RunTime:0.001857s ]
INFO: [ app_begin ] --END-- [ RunTime:0.002045s ]
NOTIC: [2048] Declaration of Home\Controller\InformController::show() should be compatible with Think\Controller::show($content, $charset = '', $contentType = '', $prefix = '') D:\wamps\wamp\www\XXXX\TC\Home\Controller\InformController.class.php 第 4 行.
SQL: SHOW COLUMNS FROM `tc_bbs` [ RunTime:0.0124s ]
SQL: SELECT COUNT(*) AS tp_count FROM `tc_bbs` LIMIT 1   [ RunTime:0.0004s ]
NOTIC: [8] Undefined index: search D:\wamps\wamp\www\XXXX\TC\Home\Controller\InformController.class.php 第 50 行.
SQL: SELECT * FROM `tc_bbs` LIMIT 0,5   [ RunTime:0.0004s ]
NOTIC: [8] Undefined index: fabu D:\wamps\wamp\www\XXXX\TC\Home\Controller\InformController.class.php 第 74 行.
INFO: [ view_parse ] --START--
NOTIC: [8] Undefined index: name D:\wamps\wamp\www\XXXX\TC\Runtime\Cache\a3cf4ede745aa059ce84693e49cf8fb1374e65fa.file.details.html.php 第 74 行.
NOTIC: [8] Trying to get property of non-object D:\wamps\wamp\www\XXXX\TC\Runtime\Cache\a3cf4ede745aa059ce84693e49cf8fb1374e65fa.file.details.html.php 第 74 行.
INFO: Run Behavior\ParseTemplateBehavior [ RunTime:0.015435s ]
INFO: [ view_parse ] --END-- [ RunTime:0.015586s ]
INFO: [ view_filter ] --START--
INFO: Run Behavior\WriteHtmlCacheBehavior [ RunTime:0.000843s ]
INFO: [ view_filter ] --END-- [ RunTime:0.000951s ]
INFO: [ app_end ] --START--
INFO: Run Behavior\ShowPageTraceBehavior [ RunTime:0.002479s ]
INFO: [ app_end ] --END-- [ RunTime:0.002745s ]

[ 2017-01-14T09:05:52+08:00 ] ::1 /XXXX/TC/index.php/Inform/details.html?content=%3Cu%3Easfsadfsadf%3C%2Fu%3E&fabu=%E5%8F%91%E5%B8%83
INFO: [ app_init ] --START--
INFO: Run Behavior\BuildLiteBehavior [ RunTime:0.000055s ]
INFO: [ app_init ] --END-- [ RunTime:0.001303s ]
INFO: [ app_begin ] --START--
INFO: Run Behavior\ReadHtmlCacheBehavior [ RunTime:0.001100s ]
INFO: [ app_begin ] --END-- [ RunTime:0.001363s ]
NOTIC: [2048] Declaration of Home\Controller\InformController::show() should be compatible with Think\Controller::show($content, $charset = '', $contentType = '', $prefix = '') D:\wamps\wamp\www\XXXX\TC\Home\Controller\InformController.class.php 第 4 行.
SQL: SHOW COLUMNS FROM `tc_bbs` [ RunTime:0.0183s ]
SQL: SELECT COUNT(*) AS tp_count FROM `tc_bbs` LIMIT 1   [ RunTime:0.0007s ]
NOTIC: [8] Undefined index: search D:\wamps\wamp\www\XXXX\TC\Home\Controller\InformController.class.php 第 50 行.
SQL: SELECT * FROM `tc_bbs` LIMIT 0,5   [ RunTime:0.0007s ]
NOTIC: [8] Undefined index: fabu D:\wamps\wamp\www\XXXX\TC\Home\Controller\InformController.class.php 第 74 行.
INFO: [ view_parse ] --START--
NOTIC: [8] Undefined index: name D:\wamps\wamp\www\XXXX\TC\Runtime\Cache\a3cf4ede745aa059ce84693e49cf8fb1374e65fa.file.details.html.php 第 74 行.
NOTIC: [8] Trying to get property of non-object D:\wamps\wamp\www\XXXX\TC\Runtime\Cache\a3cf4ede745aa059ce84693e49cf8fb1374e65fa.file.details.html.php 第 74 行.
INFO: Run Behavior\ParseTemplateBehavior [ RunTime:0.079483s ]
INFO: [ view_parse ] --END-- [ RunTime:0.079867s ]
INFO: [ view_filter ] --START--
INFO: Run Behavior\WriteHtmlCacheBehavior [ RunTime:0.000838s ]
INFO: [ view_filter ] --END-- [ RunTime:0.001042s ]
INFO: [ app_end ] --START--
INFO: Run Behavior\ShowPageTraceBehavior [ RunTime:0.003539s ]
INFO: [ app_end ] --END-- [ RunTime:0.004010s ]

[ 2017-01-14T09:06:19+08:00 ] ::1 /XXXX/TC/index.php/Inform/details/p/2.html?content=sdfsdfsad&fabu=%E5%8F%91%E5%B8%83
INFO: [ app_init ] --START--
INFO: Run Behavior\BuildLiteBehavior [ RunTime:0.000053s ]
INFO: [ app_init ] --END-- [ RunTime:0.000697s ]
INFO: [ app_begin ] --START--
INFO: Run Behavior\ReadHtmlCacheBehavior [ RunTime:0.000657s ]
INFO: [ app_begin ] --END-- [ RunTime:0.000808s ]
NOTIC: [2048] Declaration of Home\Controller\InformController::show() should be compatible with Think\Controller::show($content, $charset = '', $contentType = '', $prefix = '') D:\wamps\wamp\www\XXXX\TC\Home\Controller\InformController.class.php 第 4 行.
SQL: SHOW COLUMNS FROM `tc_bbs` [ RunTime:0.1027s ]
SQL: SELECT COUNT(*) AS tp_count FROM `tc_bbs` LIMIT 1   [ RunTime:0.0007s ]
SQL: SELECT * FROM `tc_bbs` LIMIT 5,5   [ RunTime:0.0007s ]
NOTIC: [8] Undefined index: fabu D:\wamps\wamp\www\XXXX\TC\Home\Controller\InformController.class.php 第 74 行.
INFO: [ view_parse ] --START--
NOTIC: [8] Undefined index: name D:\wamps\wamp\www\XXXX\TC\Runtime\Cache\a3cf4ede745aa059ce84693e49cf8fb1374e65fa.file.details.html.php 第 74 行.
NOTIC: [8] Trying to get property of non-object D:\wamps\wamp\www\XXXX\TC\Runtime\Cache\a3cf4ede745aa059ce84693e49cf8fb1374e65fa.file.details.html.php 第 74 行.
INFO: Run Behavior\ParseTemplateBehavior [ RunTime:0.071924s ]
INFO: [ view_parse ] --END-- [ RunTime:0.072510s ]
INFO: [ view_filter ] --START--
INFO: Run Behavior\WriteHtmlCacheBehavior [ RunTime:0.001355s ]
INFO: [ view_filter ] --END-- [ RunTime:0.001749s ]
INFO: [ app_end ] --START--
INFO: Run Behavior\ShowPageTraceBehavior [ RunTime:0.003595s ]
INFO: [ app_end ] --END-- [ RunTime:0.004421s ]

[ 2017-01-14T09:06:30+08:00 ] ::1 /XXXX/TC/index.php/Inform/details/p/2.html?content=sdfsdf&fabu=%E5%8F%91%E5%B8%83
INFO: [ app_init ] --START--
INFO: Run Behavior\BuildLiteBehavior [ RunTime:0.000060s ]
INFO: [ app_init ] --END-- [ RunTime:0.000988s ]
INFO: [ app_begin ] --START--
INFO: Run Behavior\ReadHtmlCacheBehavior [ RunTime:0.000604s ]
INFO: [ app_begin ] --END-- [ RunTime:0.000745s ]
NOTIC: [2048] Declaration of Home\Controller\InformController::show() should be compatible with Think\Controller::show($content, $charset = '', $contentType = '', $prefix = '') D:\wamps\wamp\www\XXXX\TC\Home\Controller\InformController.class.php 第 4 行.
SQL: SHOW COLUMNS FROM `tc_bbs` [ RunTime:0.0842s ]
SQL: SELECT COUNT(*) AS tp_count FROM `tc_bbs` LIMIT 1   [ RunTime:0.0006s ]
NOTIC: [8] Undefined index: search D:\wamps\wamp\www\XXXX\TC\Home\Controller\InformController.class.php 第 50 行.
SQL: SELECT * FROM `tc_bbs` LIMIT 5,5   [ RunTime:0.0009s ]
NOTIC: [8] Undefined index: fabu D:\wamps\wamp\www\XXXX\TC\Home\Controller\InformController.class.php 第 74 行.
INFO: [ view_parse ] --START--
NOTIC: [8] Undefined index: name D:\wamps\wamp\www\XXXX\TC\Runtime\Cache\a3cf4ede745aa059ce84693e49cf8fb1374e65fa.file.details.html.php 第 74 行.
NOTIC: [8] Trying to get property of non-object D:\wamps\wamp\www\XXXX\TC\Runtime\Cache\a3cf4ede745aa059ce84693e49cf8fb1374e65fa.file.details.html.php 第 74 行.
INFO: Run Behavior\ParseTemplateBehavior [ RunTime:0.034805s ]
INFO: [ view_parse ] --END-- [ RunTime:0.035186s ]
INFO: [ view_filter ] --START--
INFO: Run Behavior\WriteHtmlCacheBehavior [ RunTime:0.001693s ]
INFO: [ view_filter ] --END-- [ RunTime:0.002190s ]
INFO: [ app_end ] --START--
INFO: Run Behavior\ShowPageTraceBehavior [ RunTime:0.003113s ]
INFO: [ app_end ] --END-- [ RunTime:0.003761s ]

[ 2017-01-14T09:06:43+08:00 ] ::1 /XXXX/TC/index.php/Inform/details.html?content=sdfasfad&fabu=%E5%8F%91%E5%B8%83
INFO: [ app_init ] --START--
INFO: Run Behavior\BuildLiteBehavior [ RunTime:0.000037s ]
INFO: [ app_init ] --END-- [ RunTime:0.000461s ]
INFO: [ app_begin ] --START--
INFO: Run Behavior\ReadHtmlCacheBehavior [ RunTime:0.000578s ]
INFO: [ app_begin ] --END-- [ RunTime:0.000702s ]
NOTIC: [2048] Declaration of Home\Controller\InformController::show() should be compatible with Think\Controller::show($content, $charset = '', $contentType = '', $prefix = '') D:\wamps\wamp\www\XXXX\TC\Home\Controller\InformController.class.php 第 4 行.
SQL: SHOW COLUMNS FROM `tc_bbs` [ RunTime:0.0131s ]
SQL: SELECT COUNT(*) AS tp_count FROM `tc_bbs` LIMIT 1   [ RunTime:0.0005s ]
NOTIC: [8] Undefined index: search D:\wamps\wamp\www\XXXX\TC\Home\Controller\InformController.class.php 第 50 行.
SQL: SELECT * FROM `tc_bbs` LIMIT 0,5   [ RunTime:0.0004s ]
NOTIC: [8] Undefined index: fabu D:\wamps\wamp\www\XXXX\TC\Home\Controller\InformController.class.php 第 74 行.
INFO: [ view_parse ] --START--
NOTIC: [8] Undefined index: name D:\wamps\wamp\www\XXXX\TC\Runtime\Cache\a3cf4ede745aa059ce84693e49cf8fb1374e65fa.file.details.html.php 第 74 行.
NOTIC: [8] Trying to get property of non-object D:\wamps\wamp\www\XXXX\TC\Runtime\Cache\a3cf4ede745aa059ce84693e49cf8fb1374e65fa.file.details.html.php 第 74 行.
INFO: Run Behavior\ParseTemplateBehavior [ RunTime:0.013812s ]
INFO: [ view_parse ] --END-- [ RunTime:0.013955s ]
INFO: [ view_filter ] --START--
INFO: Run Behavior\WriteHtmlCacheBehavior [ RunTime:0.000379s ]
INFO: [ view_filter ] --END-- [ RunTime:0.000501s ]
INFO: [ app_end ] --START--
INFO: Run Behavior\ShowPageTraceBehavior [ RunTime:0.001283s ]
INFO: [ app_end ] --END-- [ RunTime:0.001559s ]

[ 2017-01-14T09:09:42+08:00 ] ::1 /XXXX/TC/index.php/Inform/details.html?content=sdfasfad&fabu=%E5%8F%91%E5%B8%83
INFO: [ app_init ] --START--
INFO: Run Behavior\BuildLiteBehavior [ RunTime:0.000044s ]
INFO: [ app_init ] --END-- [ RunTime:0.000857s ]
INFO: [ app_begin ] --START--
INFO: Run Behavior\ReadHtmlCacheBehavior [ RunTime:0.001088s ]
INFO: [ app_begin ] --END-- [ RunTime:0.001279s ]
NOTIC: [2048] Declaration of Home\Controller\InformController::show() should be compatible with Think\Controller::show($content, $charset = '', $contentType = '', $prefix = '') D:\wamps\wamp\www\XXXX\TC\Home\Controller\InformController.class.php 第 4 行.
SQL: SHOW COLUMNS FROM `tc_bbs` [ RunTime:0.0333s ]
SQL: SELECT COUNT(*) AS tp_count FROM `tc_bbs` LIMIT 1   [ RunTime:0.0004s ]
NOTIC: [8] Undefined index: search D:\wamps\wamp\www\XXXX\TC\Home\Controller\InformController.class.php 第 50 行.
SQL: SELECT * FROM `tc_bbs` LIMIT 0,5   [ RunTime:0.0004s ]
NOTIC: [8] Undefined index: fabu D:\wamps\wamp\www\XXXX\TC\Home\Controller\InformController.class.php 第 74 行.
INFO: [ view_parse ] --START--
NOTIC: [8] Undefined index: name D:\wamps\wamp\www\XXXX\TC\Runtime\Cache\a3cf4ede745aa059ce84693e49cf8fb1374e65fa.file.details.html.php 第 74 行.
NOTIC: [8] Trying to get property of non-object D:\wamps\wamp\www\XXXX\TC\Runtime\Cache\a3cf4ede745aa059ce84693e49cf8fb1374e65fa.file.details.html.php 第 74 行.
INFO: Run Behavior\ParseTemplateBehavior [ RunTime:1.120129s ]
INFO: [ view_parse ] --END-- [ RunTime:1.120431s ]
INFO: [ view_filter ] --START--
INFO: Run Behavior\WriteHtmlCacheBehavior [ RunTime:0.000513s ]
INFO: [ view_filter ] --END-- [ RunTime:0.000659s ]
INFO: [ app_end ] --START--
INFO: Run Behavior\ShowPageTraceBehavior [ RunTime:0.003429s ]
INFO: [ app_end ] --END-- [ RunTime:0.003905s ]

[ 2017-01-14T09:09:44+08:00 ] ::1 /XXXX/TC/index.php/Inform/details.html?content=sdfasfad&fabu=%E5%8F%91%E5%B8%83
INFO: [ app_init ] --START--
INFO: Run Behavior\BuildLiteBehavior [ RunTime:0.000050s ]
INFO: [ app_init ] --END-- [ RunTime:0.000642s ]
INFO: [ app_begin ] --START--
INFO: Run Behavior\ReadHtmlCacheBehavior [ RunTime:0.001145s ]
INFO: [ app_begin ] --END-- [ RunTime:0.001466s ]
NOTIC: [2048] Declaration of Home\Controller\InformController::show() should be compatible with Think\Controller::show($content, $charset = '', $contentType = '', $prefix = '') D:\wamps\wamp\www\XXXX\TC\Home\Controller\InformController.class.php 第 4 行.
SQL: SHOW COLUMNS FROM `tc_bbs` [ RunTime:0.0399s ]
SQL: SELECT COUNT(*) AS tp_count FROM `tc_bbs` LIMIT 1   [ RunTime:0.0004s ]
SQL: SELECT * FROM `tc_bbs` LIMIT 0,5   [ RunTime:0.0007s ]
NOTIC: [8] Undefined index: fabu D:\wamps\wamp\www\XXXX\TC\Home\Controller\InformController.class.php 第 74 行.
INFO: [ view_parse ] --START--
NOTIC: [8] Undefined index: name D:\wamps\wamp\www\XXXX\TC\Runtime\Cache\a3cf4ede745aa059ce84693e49cf8fb1374e65fa.file.details.html.php 第 74 行.
NOTIC: [8] Trying to get property of non-object D:\wamps\wamp\www\XXXX\TC\Runtime\Cache\a3cf4ede745aa059ce84693e49cf8fb1374e65fa.file.details.html.php 第 74 行.
INFO: Run Behavior\ParseTemplateBehavior [ RunTime:0.017088s ]
INFO: [ view_parse ] --END-- [ RunTime:0.017326s ]
INFO: [ view_filter ] --START--
INFO: Run Behavior\WriteHtmlCacheBehavior [ RunTime:0.000320s ]
INFO: [ view_filter ] --END-- [ RunTime:0.000450s ]
INFO: [ app_end ] --START--
INFO: Run Behavior\ShowPageTraceBehavior [ RunTime:0.000724s ]
INFO: [ app_end ] --END-- [ RunTime:0.000945s ]

[ 2017-01-14T09:09:46+08:00 ] ::1 /XXXX/TC/index.php/Inform/details.html?content=sdfasfad&fabu=%E5%8F%91%E5%B8%83
INFO: [ app_init ] --START--
INFO: Run Behavior\BuildLiteBehavior [ RunTime:0.000045s ]
INFO: [ app_init ] --END-- [ RunTime:0.000826s ]
INFO: [ app_begin ] --START--
INFO: Run Behavior\ReadHtmlCacheBehavior [ RunTime:0.000534s ]
INFO: [ app_begin ] --END-- [ RunTime:0.000680s ]
NOTIC: [2048] Declaration of Home\Controller\InformController::show() should be compatible with Think\Controller::show($content, $charset = '', $contentType = '', $prefix = '') D:\wamps\wamp\www\XXXX\TC\Home\Controller\InformController.class.php 第 4 行.
SQL: SHOW COLUMNS FROM `tc_bbs` [ RunTime:0.0137s ]
SQL: SELECT COUNT(*) AS tp_count FROM `tc_bbs` LIMIT 1   [ RunTime:0.0003s ]
SQL: SELECT * FROM `tc_bbs` LIMIT 0,5   [ RunTime:0.0003s ]
NOTIC: [8] Undefined index: fabu D:\wamps\wamp\www\XXXX\TC\Home\Controller\InformController.class.php 第 74 行.
INFO: [ view_parse ] --START--
NOTIC: [8] Undefined index: name D:\wamps\wamp\www\XXXX\TC\Runtime\Cache\a3cf4ede745aa059ce84693e49cf8fb1374e65fa.file.details.html.php 第 74 行.
NOTIC: [8] Trying to get property of non-object D:\wamps\wamp\www\XXXX\TC\Runtime\Cache\a3cf4ede745aa059ce84693e49cf8fb1374e65fa.file.details.html.php 第 74 行.
INFO: Run Behavior\ParseTemplateBehavior [ RunTime:0.012999s ]
INFO: [ view_parse ] --END-- [ RunTime:0.013136s ]
INFO: [ view_filter ] --START--
INFO: Run Behavior\WriteHtmlCacheBehavior [ RunTime:0.000287s ]
INFO: [ view_filter ] --END-- [ RunTime:0.000419s ]
INFO: [ app_end ] --START--
INFO: Run Behavior\ShowPageTraceBehavior [ RunTime:0.000672s ]
INFO: [ app_end ] --END-- [ RunTime:0.001055s ]

[ 2017-01-14T09:15:55+08:00 ] ::1 /XXXX/TC/index.php/Inform/details.html?content=sdfasfad&fabu=%E5%8F%91%E5%B8%83
INFO: [ app_init ] --START--
INFO: Run Behavior\BuildLiteBehavior [ RunTime:0.000029s ]
INFO: [ app_init ] --END-- [ RunTime:0.000533s ]
INFO: [ app_begin ] --START--
INFO: Run Behavior\ReadHtmlCacheBehavior [ RunTime:0.000669s ]
INFO: [ app_begin ] --END-- [ RunTime:0.000816s ]
NOTIC: [2048] Declaration of Home\Controller\InformController::show() should be compatible with Think\Controller::show($content, $charset = '', $contentType = '', $prefix = '') D:\wamps\wamp\www\XXXX\TC\Home\Controller\InformController.class.php 第 4 行.
SQL: SHOW COLUMNS FROM `tc_bbs` [ RunTime:0.0144s ]
SQL: SELECT COUNT(*) AS tp_count FROM `tc_bbs` LIMIT 1   [ RunTime:0.0003s ]
SQL: SELECT * FROM `tc_bbs` LIMIT 0,5   [ RunTime:0.0003s ]
NOTIC: [8] Undefined index: fabu D:\wamps\wamp\www\XXXX\TC\Home\Controller\InformController.class.php 第 74 行.
INFO: [ view_parse ] --START--
NOTIC: [8] Undefined index: name D:\wamps\wamp\www\XXXX\TC\Runtime\Cache\a3cf4ede745aa059ce84693e49cf8fb1374e65fa.file.details.html.php 第 74 行.
NOTIC: [8] Trying to get property of non-object D:\wamps\wamp\www\XXXX\TC\Runtime\Cache\a3cf4ede745aa059ce84693e49cf8fb1374e65fa.file.details.html.php 第 74 行.
INFO: Run Behavior\ParseTemplateBehavior [ RunTime:0.282661s ]
INFO: [ view_parse ] --END-- [ RunTime:0.282802s ]
INFO: [ view_filter ] --START--
INFO: Run Behavior\WriteHtmlCacheBehavior [ RunTime:0.000700s ]
INFO: [ view_filter ] --END-- [ RunTime:0.000891s ]
INFO: [ app_end ] --START--
INFO: Run Behavior\ShowPageTraceBehavior [ RunTime:0.001990s ]
INFO: [ app_end ] --END-- [ RunTime:0.002490s ]

[ 2017-01-14T09:16:00+08:00 ] ::1 /XXXX/TC/index.php/Inform/details.html?ids=
INFO: [ app_init ] --START--
INFO: Run Behavior\BuildLiteBehavior [ RunTime:0.000055s ]
INFO: [ app_init ] --END-- [ RunTime:0.000906s ]
INFO: [ app_begin ] --START--
INFO: Run Behavior\ReadHtmlCacheBehavior [ RunTime:0.001226s ]
INFO: [ app_begin ] --END-- [ RunTime:0.001488s ]
NOTIC: [2048] Declaration of Home\Controller\InformController::show() should be compatible with Think\Controller::show($content, $charset = '', $contentType = '', $prefix = '') D:\wamps\wamp\www\XXXX\TC\Home\Controller\InformController.class.php 第 4 行.
SQL: SHOW COLUMNS FROM `tc_bbs` [ RunTime:0.0246s ]
SQL: SELECT COUNT(*) AS tp_count FROM `tc_bbs` LIMIT 1   [ RunTime:0.0003s ]
NOTIC: [8] Undefined index: search D:\wamps\wamp\www\XXXX\TC\Home\Controller\InformController.class.php 第 50 行.
SQL: SELECT * FROM `tc_bbs` LIMIT 0,5   [ RunTime:0.0016s ]
NOTIC: [8] Undefined index: fabu D:\wamps\wamp\www\XXXX\TC\Home\Controller\InformController.class.php 第 74 行.
INFO: [ view_parse ] --START--
NOTIC: [8] Undefined index: name D:\wamps\wamp\www\XXXX\TC\Runtime\Cache\a3cf4ede745aa059ce84693e49cf8fb1374e65fa.file.details.html.php 第 74 行.
NOTIC: [8] Trying to get property of non-object D:\wamps\wamp\www\XXXX\TC\Runtime\Cache\a3cf4ede745aa059ce84693e49cf8fb1374e65fa.file.details.html.php 第 74 行.
INFO: Run Behavior\ParseTemplateBehavior [ RunTime:0.009988s ]
INFO: [ view_parse ] --END-- [ RunTime:0.010134s ]
INFO: [ view_filter ] --START--
INFO: Run Behavior\WriteHtmlCacheBehavior [ RunTime:0.000252s ]
INFO: [ view_filter ] --END-- [ RunTime:0.000341s ]
INFO: [ app_end ] --START--
INFO: Run Behavior\ShowPageTraceBehavior [ RunTime:0.000630s ]
INFO: [ app_end ] --END-- [ RunTime:0.000792s ]

[ 2017-01-14T09:16:39+08:00 ] ::1 /XXXX/TC/index.php/Inform/details.html?ids=
INFO: [ app_init ] --START--
INFO: Run Behavior\BuildLiteBehavior [ RunTime:0.000061s ]
INFO: [ app_init ] --END-- [ RunTime:0.001014s ]
INFO: [ app_begin ] --START--
INFO: Run Behavior\ReadHtmlCacheBehavior [ RunTime:0.001855s ]
INFO: [ app_begin ] --END-- [ RunTime:0.002794s ]
NOTIC: [2048] Declaration of Home\Controller\InformController::show() should be compatible with Think\Controller::show($content, $charset = '', $contentType = '', $prefix = '') D:\wamps\wamp\www\XXXX\TC\Home\Controller\InformController.class.php 第 4 行.
SQL: SHOW COLUMNS FROM `tc_bbs` [ RunTime:0.0230s ]
SQL: SELECT COUNT(*) AS tp_count FROM `tc_bbs` LIMIT 1   [ RunTime:0.0024s ]
NOTIC: [8] Undefined index: search D:\wamps\wamp\www\XXXX\TC\Home\Controller\InformController.class.php 第 50 行.
SQL: SELECT * FROM `tc_bbs` LIMIT 0,5   [ RunTime:0.0005s ]
NOTIC: [8] Undefined index: fabu D:\wamps\wamp\www\XXXX\TC\Home\Controller\InformController.class.php 第 74 行.
INFO: [ view_parse ] --START--
NOTIC: [8] Undefined index: name D:\wamps\wamp\www\XXXX\TC\Runtime\Cache\a3cf4ede745aa059ce84693e49cf8fb1374e65fa.file.details.html.php 第 74 行.
NOTIC: [8] Trying to get property of non-object D:\wamps\wamp\www\XXXX\TC\Runtime\Cache\a3cf4ede745aa059ce84693e49cf8fb1374e65fa.file.details.html.php 第 74 行.
INFO: Run Behavior\ParseTemplateBehavior [ RunTime:0.019008s ]
INFO: [ view_parse ] --END-- [ RunTime:0.019272s ]
INFO: [ view_filter ] --START--
INFO: Run Behavior\WriteHtmlCacheBehavior [ RunTime:0.000669s ]
INFO: [ view_filter ] --END-- [ RunTime:0.000831s ]
INFO: [ app_end ] --START--
INFO: Run Behavior\ShowPageTraceBehavior [ RunTime:0.001277s ]
INFO: [ app_end ] --END-- [ RunTime:0.001560s ]

[ 2017-01-14T09:17:54+08:00 ] ::1 /XXXX/TC/index.php/Inform/details.html?content=sdfasfad&fabu=%E5%8F%91%E5%B8%83
INFO: [ app_init ] --START--
INFO: Run Behavior\BuildLiteBehavior [ RunTime:0.000030s ]
INFO: [ app_init ] --END-- [ RunTime:0.000476s ]
INFO: [ app_begin ] --START--
INFO: Run Behavior\ReadHtmlCacheBehavior [ RunTime:0.004385s ]
INFO: [ app_begin ] --END-- [ RunTime:0.004912s ]
NOTIC: [2048] Declaration of Home\Controller\InformController::show() should be compatible with Think\Controller::show($content, $charset = '', $contentType = '', $prefix = '') D:\wamps\wamp\www\XXXX\TC\Home\Controller\InformController.class.php 第 4 行.
SQL: SHOW COLUMNS FROM `tc_bbs` [ RunTime:0.0291s ]
SQL: SELECT COUNT(*) AS tp_count FROM `tc_bbs` LIMIT 1   [ RunTime:0.0003s ]
SQL: SELECT * FROM `tc_bbs` LIMIT 0,5   [ RunTime:0.0003s ]
NOTIC: [8] Undefined index: fabu D:\wamps\wamp\www\XXXX\TC\Home\Controller\InformController.class.php 第 74 行.
INFO: [ view_parse ] --START--
NOTIC: [8] Undefined index: name D:\wamps\wamp\www\XXXX\TC\Runtime\Cache\a3cf4ede745aa059ce84693e49cf8fb1374e65fa.file.details.html.php 第 74 行.
NOTIC: [8] Trying to get property of non-object D:\wamps\wamp\www\XXXX\TC\Runtime\Cache\a3cf4ede745aa059ce84693e49cf8fb1374e65fa.file.details.html.php 第 74 行.
INFO: Run Behavior\ParseTemplateBehavior [ RunTime:0.270583s ]
INFO: [ view_parse ] --END-- [ RunTime:0.270743s ]
INFO: [ view_filter ] --START--
INFO: Run Behavior\WriteHtmlCacheBehavior [ RunTime:0.000484s ]
INFO: [ view_filter ] --END-- [ RunTime:0.000617s ]
INFO: [ app_end ] --START--
INFO: Run Behavior\ShowPageTraceBehavior [ RunTime:0.001189s ]
INFO: [ app_end ] --END-- [ RunTime:0.001464s ]

[ 2017-01-14T09:17:57+08:00 ] ::1 /XXXX/TC/index.php/Inform/details.html?ids=
INFO: [ app_init ] --START--
INFO: Run Behavior\BuildLiteBehavior [ RunTime:0.000068s ]
INFO: [ app_init ] --END-- [ RunTime:0.000933s ]
INFO: [ app_begin ] --START--
INFO: Run Behavior\ReadHtmlCacheBehavior [ RunTime:0.001215s ]
INFO: [ app_begin ] --END-- [ RunTime:0.001472s ]
NOTIC: [2048] Declaration of Home\Controller\InformController::show() should be compatible with Think\Controller::show($content, $charset = '', $contentType = '', $prefix = '') D:\wamps\wamp\www\XXXX\TC\Home\Controller\InformController.class.php 第 4 行.
SQL: SHOW COLUMNS FROM `tc_bbs` [ RunTime:0.0409s ]
SQL: SELECT COUNT(*) AS tp_count FROM `tc_bbs` LIMIT 1   [ RunTime:0.0003s ]
NOTIC: [8] Undefined index: search D:\wamps\wamp\www\XXXX\TC\Home\Controller\InformController.class.php 第 50 行.
SQL: SELECT * FROM `tc_bbs` LIMIT 0,5   [ RunTime:0.0003s ]
NOTIC: [8] Undefined index: fabu D:\wamps\wamp\www\XXXX\TC\Home\Controller\InformController.class.php 第 74 行.
INFO: [ view_parse ] --START--
NOTIC: [8] Undefined index: name D:\wamps\wamp\www\XXXX\TC\Runtime\Cache\a3cf4ede745aa059ce84693e49cf8fb1374e65fa.file.details.html.php 第 74 行.
NOTIC: [8] Trying to get property of non-object D:\wamps\wamp\www\XXXX\TC\Runtime\Cache\a3cf4ede745aa059ce84693e49cf8fb1374e65fa.file.details.html.php 第 74 行.
INFO: Run Behavior\ParseTemplateBehavior [ RunTime:0.013809s ]
INFO: [ view_parse ] --END-- [ RunTime:0.013931s ]
INFO: [ view_filter ] --START--
INFO: Run Behavior\WriteHtmlCacheBehavior [ RunTime:0.000255s ]
INFO: [ view_filter ] --END-- [ RunTime:0.000352s ]
INFO: [ app_end ] --START--
INFO: Run Behavior\ShowPageTraceBehavior [ RunTime:0.000751s ]
INFO: [ app_end ] --END-- [ RunTime:0.000976s ]

[ 2017-01-14T09:18:32+08:00 ] ::1 /XXXX/TC/index.php/Inform/details.html?content=sdfasfad&fabu=%E5%8F%91%E5%B8%83
INFO: [ app_init ] --START--
INFO: Run Behavior\BuildLiteBehavior [ RunTime:0.000034s ]
INFO: [ app_init ] --END-- [ RunTime:0.000559s ]
INFO: [ app_begin ] --START--
INFO: Run Behavior\ReadHtmlCacheBehavior [ RunTime:0.001021s ]
INFO: [ app_begin ] --END-- [ RunTime:0.001273s ]
NOTIC: [2048] Declaration of Home\Controller\InformController::show() should be compatible with Think\Controller::show($content, $charset = '', $contentType = '', $prefix = '') D:\wamps\wamp\www\XXXX\TC\Home\Controller\InformController.class.php 第 4 行.
SQL: SHOW COLUMNS FROM `tc_bbs` [ RunTime:0.0149s ]
SQL: SELECT COUNT(*) AS tp_count FROM `tc_bbs` LIMIT 1   [ RunTime:0.0003s ]
SQL: SELECT * FROM `tc_bbs` LIMIT 0,5   [ RunTime:0.0006s ]
NOTIC: [8] Undefined index: fabu D:\wamps\wamp\www\XXXX\TC\Home\Controller\InformController.class.php 第 74 行.
INFO: [ view_parse ] --START--
NOTIC: [8] Undefined index: name D:\wamps\wamp\www\XXXX\TC\Runtime\Cache\a3cf4ede745aa059ce84693e49cf8fb1374e65fa.file.details.html.php 第 74 行.
NOTIC: [8] Trying to get property of non-object D:\wamps\wamp\www\XXXX\TC\Runtime\Cache\a3cf4ede745aa059ce84693e49cf8fb1374e65fa.file.details.html.php 第 74 行.
INFO: Run Behavior\ParseTemplateBehavior [ RunTime:0.299912s ]
INFO: [ view_parse ] --END-- [ RunTime:0.300056s ]
INFO: [ view_filter ] --START--
INFO: Run Behavior\WriteHtmlCacheBehavior [ RunTime:0.000470s ]
INFO: [ view_filter ] --END-- [ RunTime:0.000601s ]
INFO: [ app_end ] --START--
INFO: Run Behavior\ShowPageTraceBehavior [ RunTime:0.001306s ]
INFO: [ app_end ] --END-- [ RunTime:0.001615s ]

[ 2017-01-14T09:18:37+08:00 ] ::1 /XXXX/TC/index.php/Inform/details.html?ids=
INFO: [ app_init ] --START--
INFO: Run Behavior\BuildLiteBehavior [ RunTime:0.000055s ]
INFO: [ app_init ] --END-- [ RunTime:0.000868s ]
INFO: [ app_begin ] --START--
INFO: Run Behavior\ReadHtmlCacheBehavior [ RunTime:0.001300s ]
INFO: [ app_begin ] --END-- [ RunTime:0.001620s ]
NOTIC: [2048] Declaration of Home\Controller\InformController::show() should be compatible with Think\Controller::show($content, $charset = '', $contentType = '', $prefix = '') D:\wamps\wamp\www\XXXX\TC\Home\Controller\InformController.class.php 第 4 行.
SQL: SHOW COLUMNS FROM `tc_bbs` [ RunTime:0.0181s ]
SQL: SELECT COUNT(*) AS tp_count FROM `tc_bbs` LIMIT 1   [ RunTime:0.0006s ]
NOTIC: [8] Undefined index: search D:\wamps\wamp\www\XXXX\TC\Home\Controller\InformController.class.php 第 50 行.
SQL: SELECT * FROM `tc_bbs` LIMIT 0,5   [ RunTime:0.0007s ]
NOTIC: [8] Undefined index: fabu D:\wamps\wamp\www\XXXX\TC\Home\Controller\InformController.class.php 第 74 行.
INFO: [ view_parse ] --START--
NOTIC: [8] Undefined index: name D:\wamps\wamp\www\XXXX\TC\Runtime\Cache\a3cf4ede745aa059ce84693e49cf8fb1374e65fa.file.details.html.php 第 74 行.
NOTIC: [8] Trying to get property of non-object D:\wamps\wamp\www\XXXX\TC\Runtime\Cache\a3cf4ede745aa059ce84693e49cf8fb1374e65fa.file.details.html.php 第 74 行.
INFO: Run Behavior\ParseTemplateBehavior [ RunTime:0.020676s ]
INFO: [ view_parse ] --END-- [ RunTime:0.020795s ]
INFO: [ view_filter ] --START--
INFO: Run Behavior\WriteHtmlCacheBehavior [ RunTime:0.000257s ]
INFO: [ view_filter ] --END-- [ RunTime:0.000345s ]
INFO: [ app_end ] --START--
INFO: Run Behavior\ShowPageTraceBehavior [ RunTime:0.000561s ]
INFO: [ app_end ] --END-- [ RunTime:0.000722s ]

[ 2017-01-14T09:43:35+08:00 ] ::1 /XXXX/TC/index.php/Inform/login
INFO: [ app_init ] --START--
INFO: Run Behavior\BuildLiteBehavior [ RunTime:0.000031s ]
INFO: [ app_init ] --END-- [ RunTime:0.000571s ]
INFO: [ app_begin ] --START--
INFO: Run Behavior\ReadHtmlCacheBehavior [ RunTime:0.000667s ]
INFO: [ app_begin ] --END-- [ RunTime:0.000822s ]
NOTIC: [2048] Declaration of Home\Controller\InformController::show() should be compatible with Think\Controller::show($content, $charset = '', $contentType = '', $prefix = '') D:\wamps\wamp\www\XXXX\TC\Home\Controller\InformController.class.php 第 4 行.
INFO: [ view_parse ] --START--
INFO: Run Behavior\ParseTemplateBehavior [ RunTime:0.097437s ]
INFO: [ view_parse ] --END-- [ RunTime:0.097734s ]
INFO: [ view_filter ] --START--
INFO: Run Behavior\WriteHtmlCacheBehavior [ RunTime:0.000976s ]
INFO: [ view_filter ] --END-- [ RunTime:0.001231s ]
INFO: [ app_end ] --START--
INFO: Run Behavior\ShowPageTraceBehavior [ RunTime:0.002305s ]
INFO: [ app_end ] --END-- [ RunTime:0.002876s ]

