[ 2017-03-30T20:55:09+08:00 ] ::1 /XXXX/TC/
INFO: [ app_init ] --START--
INFO: Run Behavior\BuildLiteBehavior [ RunTime:0.000165s ]
INFO: [ app_init ] --END-- [ RunTime:0.039411s ]
INFO: [ app_begin ] --START--
INFO: Run Behavior\ReadHtmlCacheBehavior [ RunTime:0.012509s ]
INFO: [ app_begin ] --END-- [ RunTime:0.013150s ]
INFO: [ view_parse ] --START--
INFO: Run Behavior\ParseTemplateBehavior [ RunTime:0.264990s ]
INFO: [ view_parse ] --END-- [ RunTime:0.265404s ]
INFO: [ view_filter ] --START--
INFO: Run Behavior\WriteHtmlCacheBehavior [ RunTime:0.044514s ]
INFO: [ view_filter ] --END-- [ RunTime:0.045055s ]
INFO: [ app_end ] --START--
INFO: Run Behavior\ShowPageTraceBehavior [ RunTime:0.013613s ]
INFO: [ app_end ] --END-- [ RunTime:0.014373s ]

[ 2017-03-30T20:55:13+08:00 ] ::1 /XXXX/TC/
INFO: [ app_init ] --START--
INFO: Run Behavior\BuildLiteBehavior [ RunTime:0.000139s ]
INFO: [ app_init ] --END-- [ RunTime:0.003082s ]
INFO: [ app_begin ] --START--
INFO: Run Behavior\ReadHtmlCacheBehavior [ RunTime:0.002583s ]
INFO: [ app_begin ] --END-- [ RunTime:0.003401s ]
INFO: [ view_parse ] --START--
INFO: Run Behavior\ParseTemplateBehavior [ RunTime:0.137384s ]
INFO: [ view_parse ] --END-- [ RunTime:0.137980s ]
INFO: [ view_filter ] --START--
INFO: Run Behavior\WriteHtmlCacheBehavior [ RunTime:0.001431s ]
INFO: [ view_filter ] --END-- [ RunTime:0.008813s ]
INFO: [ app_end ] --START--
INFO: Run Behavior\ShowPageTraceBehavior [ RunTime:0.004068s ]
INFO: [ app_end ] --END-- [ RunTime:0.006413s ]

[ 2017-03-30T20:55:13+08:00 ] ::1 /XXXX/TC/
INFO: [ app_init ] --START--
INFO: Run Behavior\BuildLiteBehavior [ RunTime:0.000133s ]
INFO: [ app_init ] --END-- [ RunTime:0.008743s ]
INFO: [ app_begin ] --START--
INFO: Run Behavior\ReadHtmlCacheBehavior [ RunTime:0.003731s ]
INFO: [ app_begin ] --END-- [ RunTime:0.004568s ]
INFO: [ view_parse ] --START--
INFO: Run Behavior\ParseTemplateBehavior [ RunTime:0.076961s ]
INFO: [ view_parse ] --END-- [ RunTime:0.077708s ]
INFO: [ view_filter ] --START--
INFO: Run Behavior\WriteHtmlCacheBehavior [ RunTime:0.003021s ]
INFO: [ view_filter ] --END-- [ RunTime:0.006178s ]
INFO: [ app_end ] --START--
INFO: Run Behavior\ShowPageTraceBehavior [ RunTime:0.002837s ]
INFO: [ app_end ] --END-- [ RunTime:0.003520s ]

[ 2017-03-30T20:55:13+08:00 ] ::1 /XXXX/TC/
INFO: [ app_init ] --START--
INFO: Run Behavior\BuildLiteBehavior [ RunTime:0.000143s ]
INFO: [ app_init ] --END-- [ RunTime:0.002254s ]
INFO: [ app_begin ] --START--
INFO: Run Behavior\ReadHtmlCacheBehavior [ RunTime:0.001855s ]
INFO: [ app_begin ] --END-- [ RunTime:0.002398s ]
INFO: [ view_parse ] --START--
INFO: Run Behavior\ParseTemplateBehavior [ RunTime:0.080923s ]
INFO: [ view_parse ] --END-- [ RunTime:0.081659s ]
INFO: [ view_filter ] --START--
INFO: Run Behavior\WriteHtmlCacheBehavior [ RunTime:0.004512s ]
INFO: [ view_filter ] --END-- [ RunTime:0.005275s ]
INFO: [ app_end ] --START--
INFO: Run Behavior\ShowPageTraceBehavior [ RunTime:0.003116s ]
INFO: [ app_end ] --END-- [ RunTime:0.003798s ]

[ 2017-03-30T20:55:13+08:00 ] ::1 /XXXX/TC/
INFO: [ app_init ] --START--
INFO: Run Behavior\BuildLiteBehavior [ RunTime:0.000141s ]
INFO: [ app_init ] --END-- [ RunTime:0.003062s ]
INFO: [ app_begin ] --START--
INFO: Run Behavior\ReadHtmlCacheBehavior [ RunTime:0.003627s ]
INFO: [ app_begin ] --END-- [ RunTime:0.004607s ]
INFO: [ view_parse ] --START--
INFO: Run Behavior\ParseTemplateBehavior [ RunTime:0.042240s ]
INFO: [ view_parse ] --END-- [ RunTime:0.042955s ]
INFO: [ view_filter ] --START--
INFO: Run Behavior\WriteHtmlCacheBehavior [ RunTime:0.001348s ]
INFO: [ view_filter ] --END-- [ RunTime:0.002117s ]
INFO: [ app_end ] --START--
INFO: Run Behavior\ShowPageTraceBehavior [ RunTime:0.004778s ]
INFO: [ app_end ] --END-- [ RunTime:0.005660s ]

[ 2017-03-30T20:55:14+08:00 ] ::1 /XXXX/TC/
INFO: [ app_init ] --START--
INFO: Run Behavior\BuildLiteBehavior [ RunTime:0.000141s ]
INFO: [ app_init ] --END-- [ RunTime:0.002191s ]
INFO: [ app_begin ] --START--
INFO: Run Behavior\ReadHtmlCacheBehavior [ RunTime:0.013089s ]
INFO: [ app_begin ] --END-- [ RunTime:0.014250s ]
INFO: [ view_parse ] --START--
INFO: Run Behavior\ParseTemplateBehavior [ RunTime:0.101580s ]
INFO: [ view_parse ] --END-- [ RunTime:0.102326s ]
INFO: [ view_filter ] --START--
INFO: Run Behavior\WriteHtmlCacheBehavior [ RunTime:0.001473s ]
INFO: [ view_filter ] --END-- [ RunTime:0.002460s ]
INFO: [ app_end ] --START--
INFO: Run Behavior\ShowPageTraceBehavior [ RunTime:0.002457s ]
INFO: [ app_end ] --END-- [ RunTime:0.003599s ]

[ 2017-03-30T20:55:14+08:00 ] ::1 /XXXX/TC/
INFO: [ app_init ] --START--
INFO: Run Behavior\BuildLiteBehavior [ RunTime:0.000258s ]
INFO: [ app_init ] --END-- [ RunTime:0.003737s ]
INFO: [ app_begin ] --START--
INFO: Run Behavior\ReadHtmlCacheBehavior [ RunTime:0.002633s ]
INFO: [ app_begin ] --END-- [ RunTime:0.003511s ]
INFO: [ view_parse ] --START--
INFO: Run Behavior\ParseTemplateBehavior [ RunTime:0.074553s ]
INFO: [ view_parse ] --END-- [ RunTime:0.075138s ]
INFO: [ view_filter ] --START--
INFO: Run Behavior\WriteHtmlCacheBehavior [ RunTime:0.001037s ]
INFO: [ view_filter ] --END-- [ RunTime:0.001396s ]
INFO: [ app_end ] --START--
INFO: Run Behavior\ShowPageTraceBehavior [ RunTime:0.001676s ]
INFO: [ app_end ] --END-- [ RunTime:0.002206s ]

[ 2017-03-30T20:55:14+08:00 ] ::1 /XXXX/TC/
INFO: [ app_init ] --START--
INFO: Run Behavior\BuildLiteBehavior [ RunTime:0.000133s ]
INFO: [ app_init ] --END-- [ RunTime:0.002034s ]
INFO: [ app_begin ] --START--
INFO: Run Behavior\ReadHtmlCacheBehavior [ RunTime:0.007575s ]
INFO: [ app_begin ] --END-- [ RunTime:0.008295s ]
INFO: [ view_parse ] --START--
INFO: Run Behavior\ParseTemplateBehavior [ RunTime:0.052452s ]
INFO: [ view_parse ] --END-- [ RunTime:0.053044s ]
INFO: [ view_filter ] --START--
INFO: Run Behavior\WriteHtmlCacheBehavior [ RunTime:0.002231s ]
INFO: [ view_filter ] --END-- [ RunTime:0.003078s ]
INFO: [ app_end ] --START--
INFO: Run Behavior\ShowPageTraceBehavior [ RunTime:0.006739s ]
INFO: [ app_end ] --END-- [ RunTime:0.007926s ]

[ 2017-03-30T21:03:25+08:00 ] ::1 /XXXX/TC/index.php/Project/contact.html
INFO: [ app_init ] --START--
INFO: Run Behavior\BuildLiteBehavior [ RunTime:0.000139s ]
INFO: [ app_init ] --END-- [ RunTime:0.002808s ]
INFO: [ app_begin ] --START--
INFO: Run Behavior\ReadHtmlCacheBehavior [ RunTime:0.009363s ]
INFO: [ app_begin ] --END-- [ RunTime:0.010116s ]
NOTIC: [2048] Declaration of Home\Controller\ProjectController::show() should be compatible with Think\Controller::show($content, $charset = '', $contentType = '', $prefix = '') D:\wamp\www\XXXX\TC\Home\Controller\ProjectController.class.php 第 6 行.
SQL: SHOW COLUMNS FROM `tc_newstudent` [ RunTime:0.1086s ]
INFO: [ view_parse ] --START--
INFO: Run Behavior\ParseTemplateBehavior [ RunTime:0.067267s ]
INFO: [ view_parse ] --END-- [ RunTime:0.068024s ]
INFO: [ view_filter ] --START--
INFO: Run Behavior\WriteHtmlCacheBehavior [ RunTime:0.002549s ]
INFO: [ view_filter ] --END-- [ RunTime:0.003194s ]
INFO: [ app_end ] --START--
INFO: Run Behavior\ShowPageTraceBehavior [ RunTime:0.003233s ]
INFO: [ app_end ] --END-- [ RunTime:0.003935s ]

[ 2017-03-30T21:03:41+08:00 ] ::1 /XXXX/TC/index.php/Project/contact.html
INFO: [ app_init ] --START--
INFO: Run Behavior\BuildLiteBehavior [ RunTime:0.000081s ]
INFO: [ app_init ] --END-- [ RunTime:0.001715s ]
INFO: [ app_begin ] --START--
INFO: Run Behavior\ReadHtmlCacheBehavior [ RunTime:0.004605s ]
INFO: [ app_begin ] --END-- [ RunTime:0.005064s ]
NOTIC: [2048] Declaration of Home\Controller\ProjectController::show() should be compatible with Think\Controller::show($content, $charset = '', $contentType = '', $prefix = '') D:\wamp\www\XXXX\TC\Home\Controller\ProjectController.class.php 第 6 行.
SQL: SHOW COLUMNS FROM `tc_newstudent` [ RunTime:0.0136s ]
NOTIC: [8] Undefined index: validate D:\wamp\www\XXXX\ThinkPHP\Library\Think\Model.class.php 第 1185 行.
NOTIC: [8] Undefined variable: waitSecond D:\wamp\www\XXXX\ThinkPHP\Library\Think\Controller.class.php 第 229 行.

[ 2017-03-30T21:03:42+08:00 ] ::1 /XXXX/TC/index.php/Inform/login.html
INFO: [ app_init ] --START--
INFO: Run Behavior\BuildLiteBehavior [ RunTime:0.000143s ]
INFO: [ app_init ] --END-- [ RunTime:0.002149s ]
INFO: [ app_begin ] --START--
INFO: Run Behavior\ReadHtmlCacheBehavior [ RunTime:0.007581s ]
INFO: [ app_begin ] --END-- [ RunTime:0.008153s ]
NOTIC: [2048] Declaration of Home\Controller\InformController::show() should be compatible with Think\Controller::show($content, $charset = '', $contentType = '', $prefix = '') D:\wamp\www\XXXX\TC\Home\Controller\InformController.class.php 第 195 行.
SQL: SHOW COLUMNS FROM `tc_user` [ RunTime:0.0315s ]
INFO: [ view_parse ] --START--
INFO: Run Behavior\ParseTemplateBehavior [ RunTime:0.077507s ]
INFO: [ view_parse ] --END-- [ RunTime:0.077937s ]
INFO: [ view_filter ] --START--
INFO: Run Behavior\WriteHtmlCacheBehavior [ RunTime:0.001403s ]
INFO: [ view_filter ] --END-- [ RunTime:0.001784s ]
INFO: [ app_end ] --START--
INFO: Run Behavior\ShowPageTraceBehavior [ RunTime:0.001703s ]
INFO: [ app_end ] --END-- [ RunTime:0.002081s ]

[ 2017-03-30T21:03:43+08:00 ] ::1 /XXXX/TC/index.php/Inform/verifyImg
INFO: [ app_init ] --START--
INFO: Run Behavior\BuildLiteBehavior [ RunTime:0.000142s ]
INFO: [ app_init ] --END-- [ RunTime:0.001893s ]
INFO: [ app_begin ] --START--
INFO: Run Behavior\ReadHtmlCacheBehavior [ RunTime:0.003520s ]
INFO: [ app_begin ] --END-- [ RunTime:0.004145s ]
NOTIC: [2048] Declaration of Home\Controller\InformController::show() should be compatible with Think\Controller::show($content, $charset = '', $contentType = '', $prefix = '') D:\wamp\www\XXXX\TC\Home\Controller\InformController.class.php 第 195 行.
INFO: [ app_end ] --START--
INFO: Run Behavior\ShowPageTraceBehavior [ RunTime:0.002948s ]
INFO: [ app_end ] --END-- [ RunTime:0.003734s ]

[ 2017-03-30T21:04:36+08:00 ] ::1 /XXXX/TC/index.php/Inform/verifyImg?k=0.8642965949007206
INFO: [ app_init ] --START--
INFO: Run Behavior\BuildLiteBehavior [ RunTime:0.000084s ]
INFO: [ app_init ] --END-- [ RunTime:0.001338s ]
INFO: [ app_begin ] --START--
INFO: Run Behavior\ReadHtmlCacheBehavior [ RunTime:0.001388s ]
INFO: [ app_begin ] --END-- [ RunTime:0.001781s ]
NOTIC: [2048] Declaration of Home\Controller\InformController::show() should be compatible with Think\Controller::show($content, $charset = '', $contentType = '', $prefix = '') D:\wamp\www\XXXX\TC\Home\Controller\InformController.class.php 第 195 行.
INFO: [ app_end ] --START--
INFO: Run Behavior\ShowPageTraceBehavior [ RunTime:0.001816s ]
INFO: [ app_end ] --END-- [ RunTime:0.002265s ]

[ 2017-03-30T21:04:37+08:00 ] ::1 /XXXX/TC/index.php/Inform/verifyImg?k=0.8651896103768997
INFO: [ app_init ] --START--
INFO: Run Behavior\BuildLiteBehavior [ RunTime:0.000092s ]
INFO: [ app_init ] --END-- [ RunTime:0.001360s ]
INFO: [ app_begin ] --START--
INFO: Run Behavior\ReadHtmlCacheBehavior [ RunTime:0.001434s ]
INFO: [ app_begin ] --END-- [ RunTime:0.001830s ]
NOTIC: [2048] Declaration of Home\Controller\InformController::show() should be compatible with Think\Controller::show($content, $charset = '', $contentType = '', $prefix = '') D:\wamp\www\XXXX\TC\Home\Controller\InformController.class.php 第 195 行.
INFO: [ app_end ] --START--
INFO: Run Behavior\ShowPageTraceBehavior [ RunTime:0.001496s ]
INFO: [ app_end ] --END-- [ RunTime:0.002000s ]

[ 2017-03-30T21:30:01+08:00 ] ::1 /XXXX/TC/index.php/Inform/register.html
INFO: [ app_init ] --START--
INFO: Run Behavior\BuildLiteBehavior [ RunTime:0.000146s ]
INFO: [ app_init ] --END-- [ RunTime:0.005193s ]
INFO: [ app_begin ] --START--
INFO: Run Behavior\ReadHtmlCacheBehavior [ RunTime:0.002118s ]
INFO: [ app_begin ] --END-- [ RunTime:0.002748s ]
NOTIC: [2048] Declaration of Home\Controller\InformController::show() should be compatible with Think\Controller::show($content, $charset = '', $contentType = '', $prefix = '') D:\wamp\www\XXXX\TC\Home\Controller\InformController.class.php 第 195 行.
SQL: SHOW COLUMNS FROM `tc_user` [ RunTime:0.0298s ]
INFO: [ view_parse ] --START--
INFO: Run Behavior\ParseTemplateBehavior [ RunTime:0.070258s ]
INFO: [ view_parse ] --END-- [ RunTime:0.070965s ]
INFO: [ view_filter ] --START--
INFO: Run Behavior\WriteHtmlCacheBehavior [ RunTime:0.001643s ]
INFO: [ view_filter ] --END-- [ RunTime:0.002347s ]
INFO: [ app_end ] --START--
INFO: Run Behavior\ShowPageTraceBehavior [ RunTime:0.002584s ]
INFO: [ app_end ] --END-- [ RunTime:0.003139s ]

[ 2017-03-30T21:30:16+08:00 ] ::1 /XXXX/TC/index.php/Inform/login.html
INFO: [ app_init ] --START--
INFO: Run Behavior\BuildLiteBehavior [ RunTime:0.000083s ]
INFO: [ app_init ] --END-- [ RunTime:0.001963s ]
INFO: [ app_begin ] --START--
INFO: Run Behavior\ReadHtmlCacheBehavior [ RunTime:0.002442s ]
INFO: [ app_begin ] --END-- [ RunTime:0.003134s ]
NOTIC: [2048] Declaration of Home\Controller\InformController::show() should be compatible with Think\Controller::show($content, $charset = '', $contentType = '', $prefix = '') D:\wamp\www\XXXX\TC\Home\Controller\InformController.class.php 第 195 行.
SQL: SHOW COLUMNS FROM `tc_user` [ RunTime:0.0120s ]
INFO: [ view_parse ] --START--
INFO: Run Behavior\ParseTemplateBehavior [ RunTime:0.029452s ]
INFO: [ view_parse ] --END-- [ RunTime:0.030431s ]
INFO: [ view_filter ] --START--
INFO: Run Behavior\WriteHtmlCacheBehavior [ RunTime:0.001581s ]
INFO: [ view_filter ] --END-- [ RunTime:0.002094s ]
INFO: [ app_end ] --START--
INFO: Run Behavior\ShowPageTraceBehavior [ RunTime:0.005708s ]
INFO: [ app_end ] --END-- [ RunTime:0.007056s ]

[ 2017-03-30T21:30:16+08:00 ] ::1 /XXXX/TC/index.php/Inform/verifyImg
INFO: [ app_init ] --START--
INFO: Run Behavior\BuildLiteBehavior [ RunTime:0.000212s ]
INFO: [ app_init ] --END-- [ RunTime:0.002483s ]
INFO: [ app_begin ] --START--
INFO: Run Behavior\ReadHtmlCacheBehavior [ RunTime:0.010008s ]
INFO: [ app_begin ] --END-- [ RunTime:0.011354s ]
NOTIC: [2048] Declaration of Home\Controller\InformController::show() should be compatible with Think\Controller::show($content, $charset = '', $contentType = '', $prefix = '') D:\wamp\www\XXXX\TC\Home\Controller\InformController.class.php 第 195 行.
INFO: [ app_end ] --START--
INFO: Run Behavior\ShowPageTraceBehavior [ RunTime:0.005029s ]
INFO: [ app_end ] --END-- [ RunTime:0.006075s ]

[ 2017-03-30T21:32:22+08:00 ] ::1 /XXXX/TC/index.php/Inform/register.html
INFO: [ app_init ] --START--
INFO: Run Behavior\BuildLiteBehavior [ RunTime:0.000132s ]
INFO: [ app_init ] --END-- [ RunTime:0.002925s ]
INFO: [ app_begin ] --START--
INFO: Run Behavior\ReadHtmlCacheBehavior [ RunTime:0.003925s ]
INFO: [ app_begin ] --END-- [ RunTime:0.004552s ]
NOTIC: [2048] Declaration of Home\Controller\InformController::show() should be compatible with Think\Controller::show($content, $charset = '', $contentType = '', $prefix = '') D:\wamp\www\XXXX\TC\Home\Controller\InformController.class.php 第 195 行.
SQL: SHOW COLUMNS FROM `tc_user` [ RunTime:0.0130s ]
INFO: [ view_parse ] --START--
INFO: Run Behavior\ParseTemplateBehavior [ RunTime:0.097778s ]
INFO: [ view_parse ] --END-- [ RunTime:0.098244s ]
INFO: [ view_filter ] --START--
INFO: Run Behavior\WriteHtmlCacheBehavior [ RunTime:0.004464s ]
INFO: [ view_filter ] --END-- [ RunTime:0.005364s ]
INFO: [ app_end ] --START--
INFO: Run Behavior\ShowPageTraceBehavior [ RunTime:0.004577s ]
INFO: [ app_end ] --END-- [ RunTime:0.005028s ]

[ 2017-03-30T21:32:47+08:00 ] ::1 /XXXX/TC/index.php/Inform/register.html
INFO: [ app_init ] --START--
INFO: Run Behavior\BuildLiteBehavior [ RunTime:0.000088s ]
INFO: [ app_init ] --END-- [ RunTime:0.002223s ]
INFO: [ app_begin ] --START--
INFO: Run Behavior\ReadHtmlCacheBehavior [ RunTime:0.004842s ]
INFO: [ app_begin ] --END-- [ RunTime:0.007700s ]
NOTIC: [2048] Declaration of Home\Controller\InformController::show() should be compatible with Think\Controller::show($content, $charset = '', $contentType = '', $prefix = '') D:\wamp\www\XXXX\TC\Home\Controller\InformController.class.php 第 195 行.
SQL: SHOW COLUMNS FROM `tc_user` [ RunTime:0.0125s ]
NOTIC: [8] Undefined index: validate D:\wamp\www\XXXX\ThinkPHP\Library\Think\Model.class.php 第 1185 行.
NOTIC: [8] Undefined index: auto D:\wamp\www\XXXX\ThinkPHP\Library\Think\Model.class.php 第 1128 行.
SQL: INSERT INTO `tc_user` (`username`,`password`,`email`) VALUES ('gui','gui','gui@qq.com') [ RunTime:0.1064s ]
NOTIC: [8] Undefined variable: waitSecond D:\wamp\www\XXXX\ThinkPHP\Library\Think\Controller.class.php 第 287 行.

[ 2017-03-30T21:32:49+08:00 ] ::1 /XXXX/TC/index.php/Inform/login.html
INFO: [ app_init ] --START--
INFO: Run Behavior\BuildLiteBehavior [ RunTime:0.000118s ]
INFO: [ app_init ] --END-- [ RunTime:0.002602s ]
INFO: [ app_begin ] --START--
INFO: Run Behavior\ReadHtmlCacheBehavior [ RunTime:0.004340s ]
INFO: [ app_begin ] --END-- [ RunTime:0.004775s ]
NOTIC: [2048] Declaration of Home\Controller\InformController::show() should be compatible with Think\Controller::show($content, $charset = '', $contentType = '', $prefix = '') D:\wamp\www\XXXX\TC\Home\Controller\InformController.class.php 第 195 行.
SQL: SHOW COLUMNS FROM `tc_user` [ RunTime:0.0088s ]
INFO: [ view_parse ] --START--
INFO: Run Behavior\ParseTemplateBehavior [ RunTime:0.064561s ]
INFO: [ view_parse ] --END-- [ RunTime:0.065358s ]
INFO: [ view_filter ] --START--
INFO: Run Behavior\WriteHtmlCacheBehavior [ RunTime:0.003900s ]
INFO: [ view_filter ] --END-- [ RunTime:0.004413s ]
INFO: [ app_end ] --START--
INFO: Run Behavior\ShowPageTraceBehavior [ RunTime:0.003599s ]
INFO: [ app_end ] --END-- [ RunTime:0.003980s ]

[ 2017-03-30T21:32:49+08:00 ] ::1 /XXXX/TC/index.php/Inform/verifyImg
INFO: [ app_init ] --START--
INFO: Run Behavior\BuildLiteBehavior [ RunTime:0.000145s ]
INFO: [ app_init ] --END-- [ RunTime:0.006462s ]
INFO: [ app_begin ] --START--
INFO: Run Behavior\ReadHtmlCacheBehavior [ RunTime:0.006797s ]
INFO: [ app_begin ] --END-- [ RunTime:0.007214s ]
NOTIC: [2048] Declaration of Home\Controller\InformController::show() should be compatible with Think\Controller::show($content, $charset = '', $contentType = '', $prefix = '') D:\wamp\www\XXXX\TC\Home\Controller\InformController.class.php 第 195 行.
INFO: [ app_end ] --START--
INFO: Run Behavior\ShowPageTraceBehavior [ RunTime:0.013747s ]
INFO: [ app_end ] --END-- [ RunTime:0.014444s ]

[ 2017-03-30T21:32:56+08:00 ] ::1 /XXXX/TC/index.php/Inform/login.html
INFO: [ app_init ] --START--
INFO: Run Behavior\BuildLiteBehavior [ RunTime:0.000084s ]
INFO: [ app_init ] --END-- [ RunTime:0.002000s ]
INFO: [ app_begin ] --START--
INFO: Run Behavior\ReadHtmlCacheBehavior [ RunTime:0.003828s ]
INFO: [ app_begin ] --END-- [ RunTime:0.004393s ]
NOTIC: [2048] Declaration of Home\Controller\InformController::show() should be compatible with Think\Controller::show($content, $charset = '', $contentType = '', $prefix = '') D:\wamp\www\XXXX\TC\Home\Controller\InformController.class.php 第 195 行.
SQL: SHOW COLUMNS FROM `tc_user` [ RunTime:0.0124s ]
SQL: SELECT * FROM `tc_user` WHERE `username` = 'gui' LIMIT 1   [ RunTime:0.0010s ]
NOTIC: [8] Undefined variable: waitSecond D:\wamp\www\XXXX\ThinkPHP\Library\Think\Controller.class.php 第 287 行.

[ 2017-03-30T21:32:58+08:00 ] ::1 /XXXX/TC/index.php/Inform/add.html
INFO: [ app_init ] --START--
INFO: Run Behavior\BuildLiteBehavior [ RunTime:0.000162s ]
INFO: [ app_init ] --END-- [ RunTime:0.007017s ]
INFO: [ app_begin ] --START--
INFO: Run Behavior\ReadHtmlCacheBehavior [ RunTime:0.005833s ]
INFO: [ app_begin ] --END-- [ RunTime:0.006654s ]
NOTIC: [2048] Declaration of Home\Controller\InformController::show() should be compatible with Think\Controller::show($content, $charset = '', $contentType = '', $prefix = '') D:\wamp\www\XXXX\TC\Home\Controller\InformController.class.php 第 195 行.
NOTIC: [8] Undefined index: drop D:\wamp\www\XXXX\TC\Home\Controller\InformController.class.php 第 63 行.
NOTIC: [8] Undefined index: submit D:\wamp\www\XXXX\TC\Home\Controller\InformController.class.php 第 66 行.
INFO: [ view_parse ] --START--
INFO: Run Behavior\ParseTemplateBehavior [ RunTime:0.101546s ]
INFO: [ view_parse ] --END-- [ RunTime:0.101959s ]
INFO: [ view_filter ] --START--
INFO: Run Behavior\WriteHtmlCacheBehavior [ RunTime:0.004692s ]
INFO: [ view_filter ] --END-- [ RunTime:0.005097s ]
INFO: [ app_end ] --START--
INFO: Run Behavior\ShowPageTraceBehavior [ RunTime:0.019245s ]
INFO: [ app_end ] --END-- [ RunTime:0.022199s ]

[ 2017-03-30T21:34:06+08:00 ] ::1 /XXXX/TC/index.php/Inform/add.html
INFO: [ app_init ] --START--
INFO: Run Behavior\BuildLiteBehavior [ RunTime:0.000081s ]
INFO: [ app_init ] --END-- [ RunTime:0.001655s ]
INFO: [ app_begin ] --START--
INFO: Run Behavior\ReadHtmlCacheBehavior [ RunTime:0.002008s ]
INFO: [ app_begin ] --END-- [ RunTime:0.002524s ]
NOTIC: [2048] Declaration of Home\Controller\InformController::show() should be compatible with Think\Controller::show($content, $charset = '', $contentType = '', $prefix = '') D:\wamp\www\XXXX\TC\Home\Controller\InformController.class.php 第 195 行.
NOTIC: [8] Undefined index: drop D:\wamp\www\XXXX\TC\Home\Controller\InformController.class.php 第 63 行.
SQL: SHOW COLUMNS FROM `tc_greatest` [ RunTime:0.0110s ]
NOTIC: [8] Undefined index: validate D:\wamp\www\XXXX\ThinkPHP\Library\Think\Model.class.php 第 1185 行.
INFO: [ view_parse ] --START--
INFO: Run Behavior\ParseTemplateBehavior [ RunTime:0.045959s ]
INFO: [ view_parse ] --END-- [ RunTime:0.046402s ]
INFO: [ view_filter ] --START--
INFO: Run Behavior\WriteHtmlCacheBehavior [ RunTime:0.001817s ]
INFO: [ view_filter ] --END-- [ RunTime:0.002361s ]
INFO: [ app_end ] --START--
INFO: Run Behavior\ShowPageTraceBehavior [ RunTime:0.009193s ]
INFO: [ app_end ] --END-- [ RunTime:0.009997s ]

[ 2017-03-30T21:34:20+08:00 ] ::1 /XXXX/TC/index.php/Inform/add.html
INFO: [ app_init ] --START--
INFO: Run Behavior\BuildLiteBehavior [ RunTime:0.000134s ]
INFO: [ app_init ] --END-- [ RunTime:0.001756s ]
INFO: [ app_begin ] --START--
INFO: Run Behavior\ReadHtmlCacheBehavior [ RunTime:0.003523s ]
INFO: [ app_begin ] --END-- [ RunTime:0.008341s ]
NOTIC: [2048] Declaration of Home\Controller\InformController::show() should be compatible with Think\Controller::show($content, $charset = '', $contentType = '', $prefix = '') D:\wamp\www\XXXX\TC\Home\Controller\InformController.class.php 第 195 行.
NOTIC: [8] Undefined index: drop D:\wamp\www\XXXX\TC\Home\Controller\InformController.class.php 第 63 行.
SQL: SHOW COLUMNS FROM `tc_greatest` [ RunTime:0.0130s ]
NOTIC: [8] Undefined index: validate D:\wamp\www\XXXX\ThinkPHP\Library\Think\Model.class.php 第 1185 行.
INFO: [ view_parse ] --START--
INFO: Run Behavior\ParseTemplateBehavior [ RunTime:0.038591s ]
INFO: [ view_parse ] --END-- [ RunTime:0.039148s ]
INFO: [ view_filter ] --START--
INFO: Run Behavior\WriteHtmlCacheBehavior [ RunTime:0.001610s ]
INFO: [ view_filter ] --END-- [ RunTime:0.001977s ]
INFO: [ app_end ] --START--
INFO: Run Behavior\ShowPageTraceBehavior [ RunTime:0.002383s ]
INFO: [ app_end ] --END-- [ RunTime:0.002763s ]

