[ 2017-03-23T13:49:02+08:00 ] ::1 /XXXX/TC/
INFO: [ app_init ] --START--
INFO: Run Behavior\BuildLiteBehavior [ RunTime:0.000154s ]
INFO: [ app_init ] --END-- [ RunTime:0.031560s ]
INFO: [ app_begin ] --START--
INFO: Run Behavior\ReadHtmlCacheBehavior [ RunTime:0.013044s ]
INFO: [ app_begin ] --END-- [ RunTime:0.013968s ]
INFO: [ view_parse ] --START--
INFO: Run Behavior\ParseTemplateBehavior [ RunTime:0.241670s ]
INFO: [ view_parse ] --END-- [ RunTime:0.242468s ]
INFO: [ view_filter ] --START--
INFO: Run Behavior\WriteHtmlCacheBehavior [ RunTime:0.007781s ]
INFO: [ view_filter ] --END-- [ RunTime:0.008706s ]
INFO: [ app_end ] --START--
INFO: Run Behavior\ShowPageTraceBehavior [ RunTime:0.032693s ]
INFO: [ app_end ] --END-- [ RunTime:0.036077s ]

[ 2017-03-23T13:49:46+08:00 ] ::1 /XXXX/TC/index.php/Project/suanfa.html
INFO: [ app_init ] --START--
INFO: Run Behavior\BuildLiteBehavior [ RunTime:0.000117s ]
INFO: [ app_init ] --END-- [ RunTime:0.001602s ]
INFO: [ app_begin ] --START--
INFO: Run Behavior\ReadHtmlCacheBehavior [ RunTime:0.002535s ]
INFO: [ app_begin ] --END-- [ RunTime:0.003183s ]
NOTIC: [2048] Declaration of Home\Controller\ProjectController::show() should be compatible with Think\Controller::show($content, $charset = '', $contentType = '', $prefix = '') D:\wamp\www\XXXX\TC\Home\Controller\ProjectController.class.php 第 6 行.
INFO: [ view_parse ] --START--
INFO: Run Behavior\ParseTemplateBehavior [ RunTime:0.071094s ]
INFO: [ view_parse ] --END-- [ RunTime:0.071727s ]
INFO: [ view_filter ] --START--
INFO: Run Behavior\WriteHtmlCacheBehavior [ RunTime:0.001765s ]
INFO: [ view_filter ] --END-- [ RunTime:0.002696s ]
INFO: [ app_end ] --START--
INFO: Run Behavior\ShowPageTraceBehavior [ RunTime:0.002680s ]
INFO: [ app_end ] --END-- [ RunTime:0.003872s ]

[ 2017-03-23T13:49:54+08:00 ] ::1 /XXXX/TC/
INFO: [ app_init ] --START--
INFO: Run Behavior\BuildLiteBehavior [ RunTime:0.000155s ]
INFO: [ app_init ] --END-- [ RunTime:0.002761s ]
INFO: [ app_begin ] --START--
INFO: Run Behavior\ReadHtmlCacheBehavior [ RunTime:0.002514s ]
INFO: [ app_begin ] --END-- [ RunTime:0.003574s ]
INFO: [ view_parse ] --START--
INFO: Run Behavior\ParseTemplateBehavior [ RunTime:0.037124s ]
INFO: [ view_parse ] --END-- [ RunTime:0.037639s ]
INFO: [ view_filter ] --START--
INFO: Run Behavior\WriteHtmlCacheBehavior [ RunTime:0.001134s ]
INFO: [ view_filter ] --END-- [ RunTime:0.001670s ]
INFO: [ app_end ] --START--
INFO: Run Behavior\ShowPageTraceBehavior [ RunTime:0.001656s ]
INFO: [ app_end ] --END-- [ RunTime:0.002083s ]

[ 2017-03-23T13:50:04+08:00 ] ::1 /XXXX/TC/
INFO: [ app_init ] --START--
INFO: Run Behavior\BuildLiteBehavior [ RunTime:0.000088s ]
INFO: [ app_init ] --END-- [ RunTime:0.001502s ]
INFO: [ app_begin ] --START--
INFO: Run Behavior\ReadHtmlCacheBehavior [ RunTime:0.004755s ]
INFO: [ app_begin ] --END-- [ RunTime:0.006750s ]
INFO: [ view_parse ] --START--
INFO: Run Behavior\ParseTemplateBehavior [ RunTime:0.040714s ]
INFO: [ view_parse ] --END-- [ RunTime:0.041197s ]
INFO: [ view_filter ] --START--
INFO: Run Behavior\WriteHtmlCacheBehavior [ RunTime:0.001066s ]
INFO: [ view_filter ] --END-- [ RunTime:0.001482s ]
INFO: [ app_end ] --START--
INFO: Run Behavior\ShowPageTraceBehavior [ RunTime:0.003737s ]
INFO: [ app_end ] --END-- [ RunTime:0.004230s ]

