[ 2017-03-10T12:06:37+08:00 ] ::1 /XXXX/TC/
INFO: [ app_init ] --START--
INFO: Run Behavior\BuildLiteBehavior [ RunTime:0.000060s ]
INFO: [ app_init ] --END-- [ RunTime:0.001769s ]
INFO: [ app_begin ] --START--
INFO: Run Behavior\ReadHtmlCacheBehavior [ RunTime:0.012764s ]
INFO: [ app_begin ] --END-- [ RunTime:0.013410s ]
INFO: [ view_parse ] --START--
INFO: Run Behavior\ParseTemplateBehavior [ RunTime:0.256945s ]
INFO: [ view_parse ] --END-- [ RunTime:0.257251s ]
INFO: [ view_filter ] --START--
INFO: Run Behavior\WriteHtmlCacheBehavior [ RunTime:0.036108s ]
INFO: [ view_filter ] --END-- [ RunTime:0.036399s ]
INFO: [ app_end ] --START--
INFO: Run Behavior\ShowPageTraceBehavior [ RunTime:0.019113s ]
INFO: [ app_end ] --END-- [ RunTime:0.020741s ]

[ 2017-03-10T12:06:58+08:00 ] ::1 /XXXX/TC/
INFO: [ app_init ] --START--
INFO: Run Behavior\BuildLiteBehavior [ RunTime:0.000048s ]
INFO: [ app_init ] --END-- [ RunTime:0.001178s ]
INFO: [ app_begin ] --START--
INFO: Run Behavior\ReadHtmlCacheBehavior [ RunTime:0.001406s ]
INFO: [ app_begin ] --END-- [ RunTime:0.001704s ]
INFO: [ view_parse ] --START--
INFO: Run Behavior\ParseTemplateBehavior [ RunTime:0.044163s ]
INFO: [ view_parse ] --END-- [ RunTime:0.044845s ]
INFO: [ view_filter ] --START--
INFO: Run Behavior\WriteHtmlCacheBehavior [ RunTime:0.000856s ]
INFO: [ view_filter ] --END-- [ RunTime:0.001090s ]
INFO: [ app_end ] --START--
INFO: Run Behavior\ShowPageTraceBehavior [ RunTime:0.001241s ]
INFO: [ app_end ] --END-- [ RunTime:0.001738s ]

[ 2017-03-10T12:08:01+08:00 ] ::1 /XXXX/TC/index.php/Project/about
INFO: [ app_init ] --START--
INFO: Run Behavior\BuildLiteBehavior [ RunTime:0.000049s ]
INFO: [ app_init ] --END-- [ RunTime:0.000946s ]
INFO: [ app_begin ] --START--
INFO: Run Behavior\ReadHtmlCacheBehavior [ RunTime:0.001434s ]
INFO: [ app_begin ] --END-- [ RunTime:0.001734s ]
NOTIC: [2048] Declaration of Home\Controller\ProjectController::show() should be compatible with Think\Controller::show($content, $charset = '', $contentType = '', $prefix = '') D:\wamps\wamp\www\XXXX\TC\Home\Controller\ProjectController.class.php 第 6 行.
INFO: [ view_parse ] --START--
INFO: Run Behavior\ParseTemplateBehavior [ RunTime:0.046403s ]
INFO: [ view_parse ] --END-- [ RunTime:0.046584s ]
INFO: [ view_filter ] --START--
INFO: Run Behavior\WriteHtmlCacheBehavior [ RunTime:0.000587s ]
INFO: [ view_filter ] --END-- [ RunTime:0.000705s ]
INFO: [ app_end ] --START--
INFO: Run Behavior\ShowPageTraceBehavior [ RunTime:0.001298s ]
INFO: [ app_end ] --END-- [ RunTime:0.001558s ]

[ 2017-03-10T12:08:11+08:00 ] ::1 /XXXX/TC/index.php/Project/single.html
INFO: [ app_init ] --START--
INFO: Run Behavior\BuildLiteBehavior [ RunTime:0.000089s ]
INFO: [ app_init ] --END-- [ RunTime:0.001614s ]
INFO: [ app_begin ] --START--
INFO: Run Behavior\ReadHtmlCacheBehavior [ RunTime:0.001957s ]
INFO: [ app_begin ] --END-- [ RunTime:0.002256s ]
NOTIC: [2048] Declaration of Home\Controller\ProjectController::show() should be compatible with Think\Controller::show($content, $charset = '', $contentType = '', $prefix = '') D:\wamps\wamp\www\XXXX\TC\Home\Controller\ProjectController.class.php 第 6 行.
INFO: [ view_parse ] --START--
INFO: Run Behavior\ParseTemplateBehavior [ RunTime:0.068888s ]
INFO: [ view_parse ] --END-- [ RunTime:0.069165s ]
INFO: [ view_filter ] --START--
INFO: Run Behavior\WriteHtmlCacheBehavior [ RunTime:0.001075s ]
INFO: [ view_filter ] --END-- [ RunTime:0.001315s ]
INFO: [ app_end ] --START--
INFO: Run Behavior\ShowPageTraceBehavior [ RunTime:0.006629s ]
INFO: [ app_end ] --END-- [ RunTime:0.006927s ]

[ 2017-03-10T12:09:04+08:00 ] ::1 /XXXX/TC/index.php/Project/project.html
INFO: [ app_init ] --START--
INFO: Run Behavior\BuildLiteBehavior [ RunTime:0.000062s ]
INFO: [ app_init ] --END-- [ RunTime:0.000756s ]
INFO: [ app_begin ] --START--
INFO: Run Behavior\ReadHtmlCacheBehavior [ RunTime:0.000785s ]
INFO: [ app_begin ] --END-- [ RunTime:0.000953s ]
NOTIC: [2048] Declaration of Home\Controller\ProjectController::show() should be compatible with Think\Controller::show($content, $charset = '', $contentType = '', $prefix = '') D:\wamps\wamp\www\XXXX\TC\Home\Controller\ProjectController.class.php 第 6 行.
NOTIC: [8] Undefined index: submit D:\wamps\wamp\www\XXXX\TC\Home\Controller\ProjectController.class.php 第 55 行.
INFO: [ view_parse ] --START--
INFO: Run Behavior\ParseTemplateBehavior [ RunTime:0.030114s ]
INFO: [ view_parse ] --END-- [ RunTime:0.030277s ]
INFO: [ view_filter ] --START--
INFO: Run Behavior\WriteHtmlCacheBehavior [ RunTime:0.000788s ]
INFO: [ view_filter ] --END-- [ RunTime:0.000943s ]
INFO: [ app_end ] --START--
INFO: Run Behavior\ShowPageTraceBehavior [ RunTime:0.001554s ]
INFO: [ app_end ] --END-- [ RunTime:0.001711s ]

[ 2017-03-10T12:09:08+08:00 ] ::1 /XXXX/TC/index.php/Project/xiangce?im=1
INFO: [ app_init ] --START--
INFO: Run Behavior\BuildLiteBehavior [ RunTime:0.000120s ]
INFO: [ app_init ] --END-- [ RunTime:0.001748s ]
INFO: [ app_begin ] --START--
INFO: Run Behavior\ReadHtmlCacheBehavior [ RunTime:0.002084s ]
INFO: [ app_begin ] --END-- [ RunTime:0.002473s ]
NOTIC: [2048] Declaration of Home\Controller\ProjectController::show() should be compatible with Think\Controller::show($content, $charset = '', $contentType = '', $prefix = '') D:\wamps\wamp\www\XXXX\TC\Home\Controller\ProjectController.class.php 第 6 行.
SQL: SHOW COLUMNS FROM `tc_image` [ RunTime:0.3502s ]
NOTIC: [8] Undefined index: de D:\wamps\wamp\www\XXXX\TC\Home\Controller\ProjectController.class.php 第 74 行.
NOTIC: [8] Undefined index: de D:\wamps\wamp\www\XXXX\TC\Home\Controller\ProjectController.class.php 第 128 行.
SQL: SELECT COUNT(*) AS tp_count FROM `tc_image` LIMIT 1   [ RunTime:0.0833s ]
SQL: select * from tc_image where path='pic1' order by id desc  limit 0,5 [ RunTime:0.0587s ]
INFO: [ view_parse ] --START--
NOTIC: [8] Undefined index: v D:\wamps\wamp\www\XXXX\TC\Runtime\Cache\264740a394ad77165ebc0c141a078c7f339c5fb3.file.xiangce.html.php 第 197 行.
NOTIC: [8] Trying to get property of non-object D:\wamps\wamp\www\XXXX\TC\Runtime\Cache\264740a394ad77165ebc0c141a078c7f339c5fb3.file.xiangce.html.php 第 197 行.
NOTIC: [2] Illegal string offset 'small_image' D:\wamps\wamp\www\XXXX\TC\Runtime\Cache\264740a394ad77165ebc0c141a078c7f339c5fb3.file.xiangce.html.php 第 252 行.
NOTIC: [2] Illegal string offset 'src_image' D:\wamps\wamp\www\XXXX\TC\Runtime\Cache\264740a394ad77165ebc0c141a078c7f339c5fb3.file.xiangce.html.php 第 255 行.
INFO: Run Behavior\ParseTemplateBehavior [ RunTime:0.068647s ]
INFO: [ view_parse ] --END-- [ RunTime:0.068820s ]
INFO: [ view_filter ] --START--
INFO: Run Behavior\WriteHtmlCacheBehavior [ RunTime:0.000615s ]
INFO: [ view_filter ] --END-- [ RunTime:0.000747s ]
INFO: [ app_end ] --START--
INFO: Run Behavior\ShowPageTraceBehavior [ RunTime:0.001130s ]
INFO: [ app_end ] --END-- [ RunTime:0.001387s ]

[ 2017-03-10T12:09:15+08:00 ] ::1 /XXXX/TC/index.php/Project/project.html
INFO: [ app_init ] --START--
INFO: Run Behavior\BuildLiteBehavior [ RunTime:0.000094s ]
INFO: [ app_init ] --END-- [ RunTime:0.001596s ]
INFO: [ app_begin ] --START--
INFO: Run Behavior\ReadHtmlCacheBehavior [ RunTime:0.001640s ]
INFO: [ app_begin ] --END-- [ RunTime:0.002644s ]
NOTIC: [2048] Declaration of Home\Controller\ProjectController::show() should be compatible with Think\Controller::show($content, $charset = '', $contentType = '', $prefix = '') D:\wamps\wamp\www\XXXX\TC\Home\Controller\ProjectController.class.php 第 6 行.
NOTIC: [8] Undefined index: submit D:\wamps\wamp\www\XXXX\TC\Home\Controller\ProjectController.class.php 第 55 行.
INFO: [ view_parse ] --START--
INFO: Run Behavior\ParseTemplateBehavior [ RunTime:0.047953s ]
INFO: [ view_parse ] --END-- [ RunTime:0.049542s ]
INFO: [ view_filter ] --START--
INFO: Run Behavior\WriteHtmlCacheBehavior [ RunTime:0.001358s ]
INFO: [ view_filter ] --END-- [ RunTime:0.001692s ]
INFO: [ app_end ] --START--
INFO: Run Behavior\ShowPageTraceBehavior [ RunTime:0.018285s ]
INFO: [ app_end ] --END-- [ RunTime:0.018870s ]

[ 2017-03-10T12:09:17+08:00 ] ::1 /XXXX/TC/index.php/Project/xiangce?im=3
INFO: [ app_init ] --START--
INFO: Run Behavior\BuildLiteBehavior [ RunTime:0.000028s ]
INFO: [ app_init ] --END-- [ RunTime:0.000627s ]
INFO: [ app_begin ] --START--
INFO: Run Behavior\ReadHtmlCacheBehavior [ RunTime:0.000678s ]
INFO: [ app_begin ] --END-- [ RunTime:0.000812s ]
NOTIC: [2048] Declaration of Home\Controller\ProjectController::show() should be compatible with Think\Controller::show($content, $charset = '', $contentType = '', $prefix = '') D:\wamps\wamp\www\XXXX\TC\Home\Controller\ProjectController.class.php 第 6 行.
SQL: SHOW COLUMNS FROM `tc_image` [ RunTime:0.0162s ]
NOTIC: [8] Undefined index: de D:\wamps\wamp\www\XXXX\TC\Home\Controller\ProjectController.class.php 第 74 行.
NOTIC: [8] Undefined index: de D:\wamps\wamp\www\XXXX\TC\Home\Controller\ProjectController.class.php 第 128 行.
SQL: SELECT COUNT(*) AS tp_count FROM `tc_image` LIMIT 1   [ RunTime:0.0004s ]
SQL: select * from tc_image where path='pic3' order by id desc  limit 0,5 [ RunTime:0.0004s ]
INFO: [ view_parse ] --START--
NOTIC: [8] Undefined index: v D:\wamps\wamp\www\XXXX\TC\Runtime\Cache\264740a394ad77165ebc0c141a078c7f339c5fb3.file.xiangce.html.php 第 197 行.
NOTIC: [8] Trying to get property of non-object D:\wamps\wamp\www\XXXX\TC\Runtime\Cache\264740a394ad77165ebc0c141a078c7f339c5fb3.file.xiangce.html.php 第 197 行.
NOTIC: [2] Illegal string offset 'small_image' D:\wamps\wamp\www\XXXX\TC\Runtime\Cache\264740a394ad77165ebc0c141a078c7f339c5fb3.file.xiangce.html.php 第 252 行.
NOTIC: [2] Illegal string offset 'src_image' D:\wamps\wamp\www\XXXX\TC\Runtime\Cache\264740a394ad77165ebc0c141a078c7f339c5fb3.file.xiangce.html.php 第 255 行.
INFO: Run Behavior\ParseTemplateBehavior [ RunTime:0.013105s ]
INFO: [ view_parse ] --END-- [ RunTime:0.013223s ]
INFO: [ view_filter ] --START--
INFO: Run Behavior\WriteHtmlCacheBehavior [ RunTime:0.000384s ]
INFO: [ view_filter ] --END-- [ RunTime:0.000490s ]
INFO: [ app_end ] --START--
INFO: Run Behavior\ShowPageTraceBehavior [ RunTime:0.000761s ]
INFO: [ app_end ] --END-- [ RunTime:0.000906s ]

[ 2017-03-10T12:09:20+08:00 ] ::1 /XXXX/TC/index.php/Project/contact.html
INFO: [ app_init ] --START--
INFO: Run Behavior\BuildLiteBehavior [ RunTime:0.000041s ]
INFO: [ app_init ] --END-- [ RunTime:0.000840s ]
INFO: [ app_begin ] --START--
INFO: Run Behavior\ReadHtmlCacheBehavior [ RunTime:0.000984s ]
INFO: [ app_begin ] --END-- [ RunTime:0.001176s ]
NOTIC: [2048] Declaration of Home\Controller\ProjectController::show() should be compatible with Think\Controller::show($content, $charset = '', $contentType = '', $prefix = '') D:\wamps\wamp\www\XXXX\TC\Home\Controller\ProjectController.class.php 第 6 行.
SQL: SHOW COLUMNS FROM `tc_newstudent` [ RunTime:0.0613s ]
INFO: [ view_parse ] --START--
INFO: Run Behavior\ParseTemplateBehavior [ RunTime:0.642627s ]
INFO: [ view_parse ] --END-- [ RunTime:0.642953s ]
INFO: [ view_filter ] --START--
INFO: Run Behavior\WriteHtmlCacheBehavior [ RunTime:0.002069s ]
INFO: [ view_filter ] --END-- [ RunTime:0.002371s ]
INFO: [ app_end ] --START--
INFO: Run Behavior\ShowPageTraceBehavior [ RunTime:0.002106s ]
INFO: [ app_end ] --END-- [ RunTime:0.002538s ]

[ 2017-03-10T12:09:23+08:00 ] ::1 /XXXX/TC/index.php/Project/contact.html
INFO: [ app_init ] --START--
INFO: Run Behavior\BuildLiteBehavior [ RunTime:0.000035s ]
INFO: [ app_init ] --END-- [ RunTime:0.000869s ]
INFO: [ app_begin ] --START--
INFO: Run Behavior\ReadHtmlCacheBehavior [ RunTime:0.000707s ]
INFO: [ app_begin ] --END-- [ RunTime:0.000854s ]
NOTIC: [2048] Declaration of Home\Controller\ProjectController::show() should be compatible with Think\Controller::show($content, $charset = '', $contentType = '', $prefix = '') D:\wamps\wamp\www\XXXX\TC\Home\Controller\ProjectController.class.php 第 6 行.
SQL: SHOW COLUMNS FROM `tc_newstudent` [ RunTime:0.0194s ]
NOTIC: [8] Undefined index: validate D:\wamps\wamp\www\XXXX\ThinkPHP\Library\Think\Model.class.php 第 1185 行.
NOTIC: [8] Undefined index: auto D:\wamps\wamp\www\XXXX\ThinkPHP\Library\Think\Model.class.php 第 1128 行.
INFO: [ view_parse ] --START--
NOTIC: [8] Use of undefined constant THEME_PATH - assumed 'THEME_PATH' D:\wamps\wamp\www\XXXX\ThinkPHP\Library\Think\Template\Driver\Smarty.class.php 第 25 行.
NOTIC: [8] Use of undefined constant THEME_PATH - assumed 'THEME_PATH' D:\wamps\wamp\www\XXXX\ThinkPHP\Library\Think\Template\Driver\Smarty.class.php 第 29 行.
NOTIC: [2] filemtime(): stat failed for THEME_PATH\amp\www\XXXX\ThinkPHP\Tpl\dispatch_jump.tpl D:\wamps\wamp\www\XXXX\ThinkPHP\Library\Vendor\Smarty\sysplugins\smarty_resource.php 第 315 行.
NOTIC: [2] filemtime(): stat failed for amp\www\XXXX\ThinkPHP\Tpl\dispatch_jump.tpl D:\wamps\wamp\www\XXXX\ThinkPHP\Library\Vendor\Smarty\sysplugins\smarty_resource.php 第 315 行.
ERR: Unable to load template file 'amp\www\XXXX\ThinkPHP/Tpl/dispatch_jump.tpl'

[ 2017-03-10T12:09:29+08:00 ] ::1 /XXXX/TC/index.php/Project/contact.html
INFO: [ app_init ] --START--
INFO: Run Behavior\BuildLiteBehavior [ RunTime:0.000033s ]
INFO: [ app_init ] --END-- [ RunTime:0.000706s ]
INFO: [ app_begin ] --START--
INFO: Run Behavior\ReadHtmlCacheBehavior [ RunTime:0.001188s ]
INFO: [ app_begin ] --END-- [ RunTime:0.001365s ]
NOTIC: [2048] Declaration of Home\Controller\ProjectController::show() should be compatible with Think\Controller::show($content, $charset = '', $contentType = '', $prefix = '') D:\wamps\wamp\www\XXXX\TC\Home\Controller\ProjectController.class.php 第 6 行.
SQL: SHOW COLUMNS FROM `tc_newstudent` [ RunTime:0.0229s ]
INFO: [ view_parse ] --START--
INFO: Run Behavior\ParseTemplateBehavior [ RunTime:0.017937s ]
INFO: [ view_parse ] --END-- [ RunTime:0.018133s ]
INFO: [ view_filter ] --START--
INFO: Run Behavior\WriteHtmlCacheBehavior [ RunTime:0.000491s ]
INFO: [ view_filter ] --END-- [ RunTime:0.000653s ]
INFO: [ app_end ] --START--
INFO: Run Behavior\ShowPageTraceBehavior [ RunTime:0.001274s ]
INFO: [ app_end ] --END-- [ RunTime:0.001547s ]

