[ 2017-01-16T13:12:23+08:00 ] ::1 /XXXX/TC/
INFO: [ app_init ] --START--
INFO: Run Behavior\BuildLiteBehavior [ RunTime:0.000090s ]
INFO: [ app_init ] --END-- [ RunTime:0.040672s ]
INFO: [ app_begin ] --START--
INFO: Run Behavior\ReadHtmlCacheBehavior [ RunTime:0.027320s ]
INFO: [ app_begin ] --END-- [ RunTime:0.027912s ]
INFO: [ view_parse ] --START--
INFO: Run Behavior\ParseTemplateBehavior [ RunTime:0.407749s ]
INFO: [ view_parse ] --END-- [ RunTime:0.408187s ]
INFO: [ view_filter ] --START--
INFO: Run Behavior\WriteHtmlCacheBehavior [ RunTime:0.042905s ]
INFO: [ view_filter ] --END-- [ RunTime:0.043514s ]
INFO: [ app_end ] --START--
INFO: Run Behavior\ShowPageTraceBehavior [ RunTime:0.035754s ]
INFO: [ app_end ] --END-- [ RunTime:0.039352s ]

[ 2017-01-16T13:12:51+08:00 ] ::1 /XXXX/TC/index.php/Project/contact.html
INFO: [ app_init ] --START--
INFO: Run Behavior\BuildLiteBehavior [ RunTime:0.000153s ]
INFO: [ app_init ] --END-- [ RunTime:0.003395s ]
INFO: [ app_begin ] --START--
INFO: Run Behavior\ReadHtmlCacheBehavior [ RunTime:0.002524s ]
INFO: [ app_begin ] --END-- [ RunTime:0.003355s ]
NOTIC: [2048] Declaration of Home\Controller\ProjectController::show() should be compatible with Think\Controller::show($content, $charset = '', $contentType = '', $prefix = '') D:\wamp\www\XXXX\TC\Home\Controller\ProjectController.class.php 第 6 行.
SQL: SHOW COLUMNS FROM `tc_newstudent` [ RunTime:0.2170s ]
INFO: [ view_parse ] --START--
INFO: Run Behavior\ParseTemplateBehavior [ RunTime:0.046913s ]
INFO: [ view_parse ] --END-- [ RunTime:0.047522s ]
INFO: [ view_filter ] --START--
INFO: Run Behavior\WriteHtmlCacheBehavior [ RunTime:0.001287s ]
INFO: [ view_filter ] --END-- [ RunTime:0.001819s ]
INFO: [ app_end ] --START--
INFO: Run Behavior\ShowPageTraceBehavior [ RunTime:0.002937s ]
INFO: [ app_end ] --END-- [ RunTime:0.003646s ]

[ 2017-01-16T13:13:08+08:00 ] ::1 /XXXX/TC/index.php/Project/show
INFO: [ app_init ] --START--
INFO: Run Behavior\BuildLiteBehavior [ RunTime:0.000136s ]
INFO: [ app_init ] --END-- [ RunTime:0.002152s ]
INFO: [ app_begin ] --START--
INFO: Run Behavior\ReadHtmlCacheBehavior [ RunTime:0.001506s ]
INFO: [ app_begin ] --END-- [ RunTime:0.001996s ]
NOTIC: [2048] Declaration of Home\Controller\ProjectController::show() should be compatible with Think\Controller::show($content, $charset = '', $contentType = '', $prefix = '') D:\wamp\www\XXXX\TC\Home\Controller\ProjectController.class.php 第 6 行.
SQL: SHOW COLUMNS FROM `tc_newstudent` [ RunTime:0.0336s ]
SQL: SELECT COUNT(*) AS tp_count FROM `tc_newstudent` LIMIT 1   [ RunTime:0.0603s ]
SQL: select * from tc_newstudent limit 0,3 [ RunTime:0.0009s ]
INFO: [ view_parse ] --START--
NOTIC: [2] Illegal string offset 'n_name' D:\wamp\www\XXXX\TC\Runtime\Cache\fc3291d6033ecb8ce31c870830e8fe11759f897b.file.show.html.php 第 164 行.
NOTIC: [2] Illegal string offset 'grade' D:\wamp\www\XXXX\TC\Runtime\Cache\fc3291d6033ecb8ce31c870830e8fe11759f897b.file.show.html.php 第 166 行.
NOTIC: [2] Illegal string offset 'sno' D:\wamp\www\XXXX\TC\Runtime\Cache\fc3291d6033ecb8ce31c870830e8fe11759f897b.file.show.html.php 第 168 行.
NOTIC: [2] Illegal string offset 'qq' D:\wamp\www\XXXX\TC\Runtime\Cache\fc3291d6033ecb8ce31c870830e8fe11759f897b.file.show.html.php 第 170 行.
NOTIC: [2] Illegal string offset 'phone' D:\wamp\www\XXXX\TC\Runtime\Cache\fc3291d6033ecb8ce31c870830e8fe11759f897b.file.show.html.php 第 172 行.
NOTIC: [2] Illegal string offset 'n_why' D:\wamp\www\XXXX\TC\Runtime\Cache\fc3291d6033ecb8ce31c870830e8fe11759f897b.file.show.html.php 第 176 行.
NOTIC: [2] Illegal string offset 'n_name' D:\wamp\www\XXXX\TC\Runtime\Cache\fc3291d6033ecb8ce31c870830e8fe11759f897b.file.show.html.php 第 164 行.
NOTIC: [2] Illegal string offset 'grade' D:\wamp\www\XXXX\TC\Runtime\Cache\fc3291d6033ecb8ce31c870830e8fe11759f897b.file.show.html.php 第 166 行.
NOTIC: [2] Illegal string offset 'sno' D:\wamp\www\XXXX\TC\Runtime\Cache\fc3291d6033ecb8ce31c870830e8fe11759f897b.file.show.html.php 第 168 行.
NOTIC: [2] Illegal string offset 'qq' D:\wamp\www\XXXX\TC\Runtime\Cache\fc3291d6033ecb8ce31c870830e8fe11759f897b.file.show.html.php 第 170 行.
NOTIC: [2] Illegal string offset 'phone' D:\wamp\www\XXXX\TC\Runtime\Cache\fc3291d6033ecb8ce31c870830e8fe11759f897b.file.show.html.php 第 172 行.
NOTIC: [2] Illegal string offset 'n_why' D:\wamp\www\XXXX\TC\Runtime\Cache\fc3291d6033ecb8ce31c870830e8fe11759f897b.file.show.html.php 第 176 行.
NOTIC: [2] Illegal string offset 'n_name' D:\wamp\www\XXXX\TC\Runtime\Cache\fc3291d6033ecb8ce31c870830e8fe11759f897b.file.show.html.php 第 164 行.
NOTIC: [2] Illegal string offset 'grade' D:\wamp\www\XXXX\TC\Runtime\Cache\fc3291d6033ecb8ce31c870830e8fe11759f897b.file.show.html.php 第 166 行.
NOTIC: [2] Illegal string offset 'sno' D:\wamp\www\XXXX\TC\Runtime\Cache\fc3291d6033ecb8ce31c870830e8fe11759f897b.file.show.html.php 第 168 行.
NOTIC: [2] Illegal string offset 'qq' D:\wamp\www\XXXX\TC\Runtime\Cache\fc3291d6033ecb8ce31c870830e8fe11759f897b.file.show.html.php 第 170 行.
NOTIC: [2] Illegal string offset 'phone' D:\wamp\www\XXXX\TC\Runtime\Cache\fc3291d6033ecb8ce31c870830e8fe11759f897b.file.show.html.php 第 172 行.
NOTIC: [2] Illegal string offset 'n_why' D:\wamp\www\XXXX\TC\Runtime\Cache\fc3291d6033ecb8ce31c870830e8fe11759f897b.file.show.html.php 第 176 行.
NOTIC: [2] Illegal string offset 'n_name' D:\wamp\www\XXXX\TC\Runtime\Cache\fc3291d6033ecb8ce31c870830e8fe11759f897b.file.show.html.php 第 164 行.
NOTIC: [2] Illegal string offset 'grade' D:\wamp\www\XXXX\TC\Runtime\Cache\fc3291d6033ecb8ce31c870830e8fe11759f897b.file.show.html.php 第 166 行.
NOTIC: [2] Illegal string offset 'sno' D:\wamp\www\XXXX\TC\Runtime\Cache\fc3291d6033ecb8ce31c870830e8fe11759f897b.file.show.html.php 第 168 行.
NOTIC: [2] Illegal string offset 'qq' D:\wamp\www\XXXX\TC\Runtime\Cache\fc3291d6033ecb8ce31c870830e8fe11759f897b.file.show.html.php 第 170 行.
NOTIC: [2] Illegal string offset 'phone' D:\wamp\www\XXXX\TC\Runtime\Cache\fc3291d6033ecb8ce31c870830e8fe11759f897b.file.show.html.php 第 172 行.
NOTIC: [2] Illegal string offset 'n_why' D:\wamp\www\XXXX\TC\Runtime\Cache\fc3291d6033ecb8ce31c870830e8fe11759f897b.file.show.html.php 第 176 行.
NOTIC: [2] Illegal string offset 'n_name' D:\wamp\www\XXXX\TC\Runtime\Cache\fc3291d6033ecb8ce31c870830e8fe11759f897b.file.show.html.php 第 164 行.
NOTIC: [2] Illegal string offset 'grade' D:\wamp\www\XXXX\TC\Runtime\Cache\fc3291d6033ecb8ce31c870830e8fe11759f897b.file.show.html.php 第 166 行.
NOTIC: [2] Illegal string offset 'sno' D:\wamp\www\XXXX\TC\Runtime\Cache\fc3291d6033ecb8ce31c870830e8fe11759f897b.file.show.html.php 第 168 行.
NOTIC: [2] Illegal string offset 'qq' D:\wamp\www\XXXX\TC\Runtime\Cache\fc3291d6033ecb8ce31c870830e8fe11759f897b.file.show.html.php 第 170 行.
NOTIC: [2] Illegal string offset 'phone' D:\wamp\www\XXXX\TC\Runtime\Cache\fc3291d6033ecb8ce31c870830e8fe11759f897b.file.show.html.php 第 172 行.
NOTIC: [2] Illegal string offset 'n_why' D:\wamp\www\XXXX\TC\Runtime\Cache\fc3291d6033ecb8ce31c870830e8fe11759f897b.file.show.html.php 第 176 行.
NOTIC: [2] Illegal string offset 'n_name' D:\wamp\www\XXXX\TC\Runtime\Cache\fc3291d6033ecb8ce31c870830e8fe11759f897b.file.show.html.php 第 164 行.
NOTIC: [2] Illegal string offset 'grade' D:\wamp\www\XXXX\TC\Runtime\Cache\fc3291d6033ecb8ce31c870830e8fe11759f897b.file.show.html.php 第 166 行.
NOTIC: [2] Illegal string offset 'sno' D:\wamp\www\XXXX\TC\Runtime\Cache\fc3291d6033ecb8ce31c870830e8fe11759f897b.file.show.html.php 第 168 行.
NOTIC: [2] Illegal string offset 'qq' D:\wamp\www\XXXX\TC\Runtime\Cache\fc3291d6033ecb8ce31c870830e8fe11759f897b.file.show.html.php 第 170 行.
NOTIC: [2] Illegal string offset 'phone' D:\wamp\www\XXXX\TC\Runtime\Cache\fc3291d6033ecb8ce31c870830e8fe11759f897b.file.show.html.php 第 172 行.
NOTIC: [2] Illegal string offset 'n_why' D:\wamp\www\XXXX\TC\Runtime\Cache\fc3291d6033ecb8ce31c870830e8fe11759f897b.file.show.html.php 第 176 行.
NOTIC: [2] Illegal string offset 'n_name' D:\wamp\www\XXXX\TC\Runtime\Cache\fc3291d6033ecb8ce31c870830e8fe11759f897b.file.show.html.php 第 164 行.
NOTIC: [2] Illegal string offset 'grade' D:\wamp\www\XXXX\TC\Runtime\Cache\fc3291d6033ecb8ce31c870830e8fe11759f897b.file.show.html.php 第 166 行.
NOTIC: [2] Illegal string offset 'sno' D:\wamp\www\XXXX\TC\Runtime\Cache\fc3291d6033ecb8ce31c870830e8fe11759f897b.file.show.html.php 第 168 行.
NOTIC: [2] Illegal string offset 'qq' D:\wamp\www\XXXX\TC\Runtime\Cache\fc3291d6033ecb8ce31c870830e8fe11759f897b.file.show.html.php 第 170 行.
NOTIC: [2] Illegal string offset 'phone' D:\wamp\www\XXXX\TC\Runtime\Cache\fc3291d6033ecb8ce31c870830e8fe11759f897b.file.show.html.php 第 172 行.
NOTIC: [2] Illegal string offset 'n_why' D:\wamp\www\XXXX\TC\Runtime\Cache\fc3291d6033ecb8ce31c870830e8fe11759f897b.file.show.html.php 第 176 行.
NOTIC: [4096] Object of class Tools\Page could not be converted to string D:\wamp\www\XXXX\TC\Runtime\Cache\fc3291d6033ecb8ce31c870830e8fe11759f897b.file.show.html.php 第 181 行.
INFO: Run Behavior\ParseTemplateBehavior [ RunTime:0.080281s ]
INFO: [ view_parse ] --END-- [ RunTime:0.080924s ]
INFO: [ view_filter ] --START--
INFO: Run Behavior\WriteHtmlCacheBehavior [ RunTime:0.000908s ]
INFO: [ view_filter ] --END-- [ RunTime:0.001275s ]
INFO: [ app_end ] --START--
INFO: Run Behavior\ShowPageTraceBehavior [ RunTime:0.002438s ]
INFO: [ app_end ] --END-- [ RunTime:0.002889s ]

[ 2017-01-16T13:16:06+08:00 ] ::1 /XXXX/TC/index.php/Project/show
INFO: [ app_init ] --START--
INFO: Run Behavior\BuildLiteBehavior [ RunTime:0.000110s ]
INFO: [ app_init ] --END-- [ RunTime:0.002574s ]
INFO: [ app_begin ] --START--
INFO: Run Behavior\ReadHtmlCacheBehavior [ RunTime:0.002319s ]
INFO: [ app_begin ] --END-- [ RunTime:0.002916s ]
NOTIC: [2048] Declaration of Home\Controller\ProjectController::show() should be compatible with Think\Controller::show($content, $charset = '', $contentType = '', $prefix = '') D:\wamp\www\XXXX\TC\Home\Controller\ProjectController.class.php 第 6 行.
SQL: SHOW COLUMNS FROM `tc_newstudent` [ RunTime:0.0120s ]
SQL: SELECT COUNT(*) AS tp_count FROM `tc_newstudent` LIMIT 1   [ RunTime:0.0008s ]
SQL: select * from tc_newstudent limit 0,3 [ RunTime:0.0008s ]
INFO: [ view_parse ] --START--
NOTIC: [8] Undefined index: value D:\wamp\www\XXXX\TC\Runtime\Cache\fc3291d6033ecb8ce31c870830e8fe11759f897b.file.show.html.php 第 158 行.
NOTIC: [8] Trying to get property of non-object D:\wamp\www\XXXX\TC\Runtime\Cache\fc3291d6033ecb8ce31c870830e8fe11759f897b.file.show.html.php 第 158 行.
NOTIC: [4096] Object of class Tools\Page could not be converted to string D:\wamp\www\XXXX\TC\Runtime\Cache\fc3291d6033ecb8ce31c870830e8fe11759f897b.file.show.html.php 第 181 行.
INFO: Run Behavior\ParseTemplateBehavior [ RunTime:0.035275s ]
INFO: [ view_parse ] --END-- [ RunTime:0.035681s ]
INFO: [ view_filter ] --START--
INFO: Run Behavior\WriteHtmlCacheBehavior [ RunTime:0.001279s ]
INFO: [ view_filter ] --END-- [ RunTime:0.001762s ]
INFO: [ app_end ] --START--
INFO: Run Behavior\ShowPageTraceBehavior [ RunTime:0.002984s ]
INFO: [ app_end ] --END-- [ RunTime:0.004187s ]

[ 2017-01-16T13:16:19+08:00 ] ::1 /XXXX/TC/index.php/Project/show
INFO: [ app_init ] --START--
INFO: Run Behavior\BuildLiteBehavior [ RunTime:0.000098s ]
INFO: [ app_init ] --END-- [ RunTime:0.001892s ]
INFO: [ app_begin ] --START--
INFO: Run Behavior\ReadHtmlCacheBehavior [ RunTime:0.002761s ]
INFO: [ app_begin ] --END-- [ RunTime:0.003527s ]
NOTIC: [2048] Declaration of Home\Controller\ProjectController::show() should be compatible with Think\Controller::show($content, $charset = '', $contentType = '', $prefix = '') D:\wamp\www\XXXX\TC\Home\Controller\ProjectController.class.php 第 6 行.
SQL: SHOW COLUMNS FROM `tc_newstudent` [ RunTime:0.0178s ]
SQL: SELECT COUNT(*) AS tp_count FROM `tc_newstudent` LIMIT 1   [ RunTime:0.0007s ]
SQL: select * from tc_newstudent limit 0,3 [ RunTime:0.0007s ]
INFO: [ view_parse ] --START--
NOTIC: [8] Undefined index: value D:\wamp\www\XXXX\TC\Runtime\Cache\fc3291d6033ecb8ce31c870830e8fe11759f897b.file.show.html.php 第 158 行.
NOTIC: [8] Trying to get property of non-object D:\wamp\www\XXXX\TC\Runtime\Cache\fc3291d6033ecb8ce31c870830e8fe11759f897b.file.show.html.php 第 158 行.
NOTIC: [4096] Object of class Tools\Page could not be converted to string D:\wamp\www\XXXX\TC\Runtime\Cache\fc3291d6033ecb8ce31c870830e8fe11759f897b.file.show.html.php 第 181 行.
INFO: Run Behavior\ParseTemplateBehavior [ RunTime:0.929035s ]
INFO: [ view_parse ] --END-- [ RunTime:0.929484s ]
INFO: [ view_filter ] --START--
INFO: Run Behavior\WriteHtmlCacheBehavior [ RunTime:0.001698s ]
INFO: [ view_filter ] --END-- [ RunTime:0.002071s ]
INFO: [ app_end ] --START--
INFO: Run Behavior\ShowPageTraceBehavior [ RunTime:0.002302s ]
INFO: [ app_end ] --END-- [ RunTime:0.002714s ]

[ 2017-01-16T13:17:29+08:00 ] ::1 /XXXX/TC/index.php/Project/show
INFO: [ app_init ] --START--
INFO: Run Behavior\BuildLiteBehavior [ RunTime:0.000145s ]
INFO: [ app_init ] --END-- [ RunTime:0.002200s ]
INFO: [ app_begin ] --START--
INFO: Run Behavior\ReadHtmlCacheBehavior [ RunTime:0.002651s ]
INFO: [ app_begin ] --END-- [ RunTime:0.003487s ]
NOTIC: [2048] Declaration of Home\Controller\ProjectController::show() should be compatible with Think\Controller::show($content, $charset = '', $contentType = '', $prefix = '') D:\wamp\www\XXXX\TC\Home\Controller\ProjectController.class.php 第 6 行.
SQL: SHOW COLUMNS FROM `tc_newstudent` [ RunTime:0.0120s ]
SQL: SELECT COUNT(*) AS tp_count FROM `tc_newstudent` LIMIT 1   [ RunTime:0.0008s ]
SQL: select * from tc_newstudent limit 0,3 [ RunTime:0.0008s ]
INFO: [ view_parse ] --START--
NOTIC: [8] Undefined index: value D:\wamp\www\XXXX\TC\Runtime\Cache\fc3291d6033ecb8ce31c870830e8fe11759f897b.file.show.html.php 第 158 行.
NOTIC: [8] Trying to get property of non-object D:\wamp\www\XXXX\TC\Runtime\Cache\fc3291d6033ecb8ce31c870830e8fe11759f897b.file.show.html.php 第 158 行.
NOTIC: [4096] Object of class Tools\Page could not be converted to string D:\wamp\www\XXXX\TC\Runtime\Cache\fc3291d6033ecb8ce31c870830e8fe11759f897b.file.show.html.php 第 181 行.
INFO: Run Behavior\ParseTemplateBehavior [ RunTime:0.726956s ]
INFO: [ view_parse ] --END-- [ RunTime:0.728054s ]
INFO: [ view_filter ] --START--
INFO: Run Behavior\WriteHtmlCacheBehavior [ RunTime:0.002137s ]
INFO: [ view_filter ] --END-- [ RunTime:0.002674s ]
INFO: [ app_end ] --START--
INFO: Run Behavior\ShowPageTraceBehavior [ RunTime:0.002869s ]
INFO: [ app_end ] --END-- [ RunTime:0.003477s ]

[ 2017-01-16T13:18:26+08:00 ] ::1 /XXXX/TC/index.php/Project/show
INFO: [ app_init ] --START--
INFO: Run Behavior\BuildLiteBehavior [ RunTime:0.000188s ]
INFO: [ app_init ] --END-- [ RunTime:0.001951s ]
INFO: [ app_begin ] --START--
INFO: Run Behavior\ReadHtmlCacheBehavior [ RunTime:0.002596s ]
INFO: [ app_begin ] --END-- [ RunTime:0.003194s ]
NOTIC: [2048] Declaration of Home\Controller\ProjectController::show() should be compatible with Think\Controller::show($content, $charset = '', $contentType = '', $prefix = '') D:\wamp\www\XXXX\TC\Home\Controller\ProjectController.class.php 第 6 行.
SQL: SHOW COLUMNS FROM `tc_newstudent` [ RunTime:0.0356s ]
SQL: SELECT COUNT(*) AS tp_count FROM `tc_newstudent` LIMIT 1   [ RunTime:0.0008s ]
SQL: select * from tc_newstudent limit 0,3 [ RunTime:0.0009s ]
INFO: [ view_parse ] --START--
NOTIC: [8] Undefined index: value D:\wamp\www\XXXX\TC\Runtime\Cache\fc3291d6033ecb8ce31c870830e8fe11759f897b.file.show.html.php 第 158 行.
NOTIC: [8] Trying to get property of non-object D:\wamp\www\XXXX\TC\Runtime\Cache\fc3291d6033ecb8ce31c870830e8fe11759f897b.file.show.html.php 第 158 行.
NOTIC: [4096] Object of class Tools\Page could not be converted to string D:\wamp\www\XXXX\TC\Runtime\Cache\fc3291d6033ecb8ce31c870830e8fe11759f897b.file.show.html.php 第 181 行.
INFO: Run Behavior\ParseTemplateBehavior [ RunTime:0.798619s ]
INFO: [ view_parse ] --END-- [ RunTime:0.799175s ]
INFO: [ view_filter ] --START--
INFO: Run Behavior\WriteHtmlCacheBehavior [ RunTime:0.001663s ]
INFO: [ view_filter ] --END-- [ RunTime:0.002137s ]
INFO: [ app_end ] --START--
INFO: Run Behavior\ShowPageTraceBehavior [ RunTime:0.002901s ]
INFO: [ app_end ] --END-- [ RunTime:0.003613s ]

[ 2017-01-16T13:19:22+08:00 ] ::1 /XXXX/TC/index.php/Project/show
INFO: [ app_init ] --START--
INFO: Run Behavior\BuildLiteBehavior [ RunTime:0.000133s ]
INFO: [ app_init ] --END-- [ RunTime:0.001881s ]
INFO: [ app_begin ] --START--
INFO: Run Behavior\ReadHtmlCacheBehavior [ RunTime:0.002553s ]
INFO: [ app_begin ] --END-- [ RunTime:0.003230s ]
NOTIC: [2048] Declaration of Home\Controller\ProjectController::show() should be compatible with Think\Controller::show($content, $charset = '', $contentType = '', $prefix = '') D:\wamp\www\XXXX\TC\Home\Controller\ProjectController.class.php 第 6 行.
SQL: SHOW COLUMNS FROM `tc_newstudent` [ RunTime:0.0127s ]
SQL: SELECT COUNT(*) AS tp_count FROM `tc_newstudent` LIMIT 1   [ RunTime:0.0008s ]
SQL: select * from tc_newstudent limit 0,3 [ RunTime:0.0008s ]
INFO: [ view_parse ] --START--
INFO: Run Behavior\ParseTemplateBehavior [ RunTime:0.559885s ]
INFO: [ view_parse ] --END-- [ RunTime:0.560473s ]
INFO: [ view_filter ] --START--
INFO: Run Behavior\WriteHtmlCacheBehavior [ RunTime:0.002407s ]
INFO: [ view_filter ] --END-- [ RunTime:0.002920s ]
INFO: [ app_end ] --START--
INFO: Run Behavior\ShowPageTraceBehavior [ RunTime:0.002779s ]
INFO: [ app_end ] --END-- [ RunTime:0.003399s ]

[ 2017-01-16T13:20:39+08:00 ] ::1 /XXXX/TC/index.php/Project/show
INFO: [ app_init ] --START--
INFO: Run Behavior\BuildLiteBehavior [ RunTime:0.000086s ]
INFO: [ app_init ] --END-- [ RunTime:0.001804s ]
INFO: [ app_begin ] --START--
INFO: Run Behavior\ReadHtmlCacheBehavior [ RunTime:0.002189s ]
INFO: [ app_begin ] --END-- [ RunTime:0.002714s ]
NOTIC: [2048] Declaration of Home\Controller\ProjectController::show() should be compatible with Think\Controller::show($content, $charset = '', $contentType = '', $prefix = '') D:\wamp\www\XXXX\TC\Home\Controller\ProjectController.class.php 第 6 行.
SQL: SHOW COLUMNS FROM `tc_newstudent` [ RunTime:0.0173s ]
SQL: SELECT COUNT(*) AS tp_count FROM `tc_newstudent` LIMIT 1   [ RunTime:0.0009s ]
SQL: select * from tc_newstudent limit 0,3 [ RunTime:0.0011s ]
INFO: [ view_parse ] --START--
INFO: Run Behavior\ParseTemplateBehavior [ RunTime:0.032123s ]
INFO: [ view_parse ] --END-- [ RunTime:0.032573s ]
INFO: [ view_filter ] --START--
INFO: Run Behavior\WriteHtmlCacheBehavior [ RunTime:0.001602s ]
INFO: [ view_filter ] --END-- [ RunTime:0.002057s ]
NOTIC: [2] Cannot modify header information - headers already sent by (output started at D:\wamp\www\XXXX\TC\Home\Controller\ProjectController.class.php:39) D:\wamp\www\XXXX\ThinkPHP\Library\Think\View.class.php 第 91 行.
NOTIC: [2] Cannot modify header information - headers already sent by (output started at D:\wamp\www\XXXX\TC\Home\Controller\ProjectController.class.php:39) D:\wamp\www\XXXX\ThinkPHP\Library\Think\View.class.php 第 92 行.
NOTIC: [2] Cannot modify header information - headers already sent by (output started at D:\wamp\www\XXXX\TC\Home\Controller\ProjectController.class.php:39) D:\wamp\www\XXXX\ThinkPHP\Library\Think\View.class.php 第 93 行.
INFO: [ app_end ] --START--
INFO: Run Behavior\ShowPageTraceBehavior [ RunTime:0.003205s ]
INFO: [ app_end ] --END-- [ RunTime:0.004028s ]

[ 2017-01-16T13:21:05+08:00 ] ::1 /XXXX/TC/index.php/Project/Project.html
INFO: [ app_init ] --START--
INFO: Run Behavior\BuildLiteBehavior [ RunTime:0.000082s ]
INFO: [ app_init ] --END-- [ RunTime:0.001575s ]
INFO: [ app_begin ] --START--
INFO: Run Behavior\ReadHtmlCacheBehavior [ RunTime:0.002152s ]
INFO: [ app_begin ] --END-- [ RunTime:0.002749s ]
NOTIC: [2048] Declaration of Home\Controller\ProjectController::show() should be compatible with Think\Controller::show($content, $charset = '', $contentType = '', $prefix = '') D:\wamp\www\XXXX\TC\Home\Controller\ProjectController.class.php 第 6 行.
NOTIC: [8] Undefined index: submit D:\wamp\www\XXXX\TC\Home\Controller\ProjectController.class.php 第 47 行.
INFO: [ view_parse ] --START--
INFO: Run Behavior\ParseTemplateBehavior [ RunTime:0.044689s ]
INFO: [ view_parse ] --END-- [ RunTime:0.045408s ]
INFO: [ view_filter ] --START--
INFO: Run Behavior\WriteHtmlCacheBehavior [ RunTime:0.000878s ]
INFO: [ view_filter ] --END-- [ RunTime:0.001372s ]
INFO: [ app_end ] --START--
INFO: Run Behavior\ShowPageTraceBehavior [ RunTime:0.001958s ]
INFO: [ app_end ] --END-- [ RunTime:0.002442s ]

[ 2017-01-16T13:21:16+08:00 ] ::1 /XXXX/TC/index.php/Project/Project.html
INFO: [ app_init ] --START--
INFO: Run Behavior\BuildLiteBehavior [ RunTime:0.000081s ]
INFO: [ app_init ] --END-- [ RunTime:0.001477s ]
INFO: [ app_begin ] --START--
INFO: Run Behavior\ReadHtmlCacheBehavior [ RunTime:0.001395s ]
INFO: [ app_begin ] --END-- [ RunTime:0.001795s ]
NOTIC: [2048] Declaration of Home\Controller\ProjectController::show() should be compatible with Think\Controller::show($content, $charset = '', $contentType = '', $prefix = '') D:\wamp\www\XXXX\TC\Home\Controller\ProjectController.class.php 第 6 行.
SQL: SHOW COLUMNS FROM `tc_user` [ RunTime:0.0576s ]
SQL: SELECT * FROM `tc_user` WHERE ( username='' ) LIMIT 1   [ RunTime:0.0011s ]
INFO: [ view_parse ] --START--
INFO: Run Behavior\ParseTemplateBehavior [ RunTime:0.024975s ]
INFO: [ view_parse ] --END-- [ RunTime:0.025564s ]
INFO: [ view_filter ] --START--
INFO: Run Behavior\WriteHtmlCacheBehavior [ RunTime:0.000760s ]
INFO: [ view_filter ] --END-- [ RunTime:0.001167s ]
INFO: [ app_end ] --START--
INFO: Run Behavior\ShowPageTraceBehavior [ RunTime:0.002067s ]
INFO: [ app_end ] --END-- [ RunTime:0.002703s ]

[ 2017-01-16T13:21:23+08:00 ] ::1 /XXXX/TC/index.php/Project/project.html
INFO: [ app_init ] --START--
INFO: Run Behavior\BuildLiteBehavior [ RunTime:0.000141s ]
INFO: [ app_init ] --END-- [ RunTime:0.001818s ]
INFO: [ app_begin ] --START--
INFO: Run Behavior\ReadHtmlCacheBehavior [ RunTime:0.001813s ]
INFO: [ app_begin ] --END-- [ RunTime:0.002371s ]
NOTIC: [2048] Declaration of Home\Controller\ProjectController::show() should be compatible with Think\Controller::show($content, $charset = '', $contentType = '', $prefix = '') D:\wamp\www\XXXX\TC\Home\Controller\ProjectController.class.php 第 6 行.
NOTIC: [8] Undefined index: submit D:\wamp\www\XXXX\TC\Home\Controller\ProjectController.class.php 第 47 行.
INFO: [ view_parse ] --START--
INFO: Run Behavior\ParseTemplateBehavior [ RunTime:0.059459s ]
INFO: [ view_parse ] --END-- [ RunTime:0.060063s ]
INFO: [ view_filter ] --START--
INFO: Run Behavior\WriteHtmlCacheBehavior [ RunTime:0.001812s ]
INFO: [ view_filter ] --END-- [ RunTime:0.002319s ]
INFO: [ app_end ] --START--
INFO: Run Behavior\ShowPageTraceBehavior [ RunTime:0.003479s ]
INFO: [ app_end ] --END-- [ RunTime:0.004437s ]

[ 2017-01-16T13:21:32+08:00 ] ::1 /XXXX/TC/index.php/Project/xiangce?im=6
INFO: [ app_init ] --START--
INFO: Run Behavior\BuildLiteBehavior [ RunTime:0.000100s ]
INFO: [ app_init ] --END-- [ RunTime:0.002208s ]
INFO: [ app_begin ] --START--
INFO: Run Behavior\ReadHtmlCacheBehavior [ RunTime:0.001441s ]
INFO: [ app_begin ] --END-- [ RunTime:0.001841s ]
NOTIC: [2048] Declaration of Home\Controller\ProjectController::show() should be compatible with Think\Controller::show($content, $charset = '', $contentType = '', $prefix = '') D:\wamp\www\XXXX\TC\Home\Controller\ProjectController.class.php 第 6 行.
INFO: [ view_parse ] --START--
NOTIC: [8] Undefined index: name D:\wamp\www\XXXX\TC\Runtime\Cache\5b4c58ca01b6ea6c447d0f258598036e1e429c48.file.xiangce.html.php 第 178 行.
NOTIC: [8] Trying to get property of non-object D:\wamp\www\XXXX\TC\Runtime\Cache\5b4c58ca01b6ea6c447d0f258598036e1e429c48.file.xiangce.html.php 第 178 行.
NOTIC: [8] Undefined index: v D:\wamp\www\XXXX\TC\Runtime\Cache\5b4c58ca01b6ea6c447d0f258598036e1e429c48.file.xiangce.html.php 第 197 行.
NOTIC: [8] Trying to get property of non-object D:\wamp\www\XXXX\TC\Runtime\Cache\5b4c58ca01b6ea6c447d0f258598036e1e429c48.file.xiangce.html.php 第 197 行.
NOTIC: [8] Undefined index: info D:\wamp\www\XXXX\TC\Runtime\Cache\5b4c58ca01b6ea6c447d0f258598036e1e429c48.file.xiangce.html.php 第 243 行.
NOTIC: [8] Trying to get property of non-object D:\wamp\www\XXXX\TC\Runtime\Cache\5b4c58ca01b6ea6c447d0f258598036e1e429c48.file.xiangce.html.php 第 243 行.
NOTIC: [8] Undefined index: pagelist D:\wamp\www\XXXX\TC\Runtime\Cache\5b4c58ca01b6ea6c447d0f258598036e1e429c48.file.xiangce.html.php 第 268 行.
NOTIC: [8] Trying to get property of non-object D:\wamp\www\XXXX\TC\Runtime\Cache\5b4c58ca01b6ea6c447d0f258598036e1e429c48.file.xiangce.html.php 第 268 行.
INFO: Run Behavior\ParseTemplateBehavior [ RunTime:1.018198s ]
INFO: [ view_parse ] --END-- [ RunTime:1.018603s ]
INFO: [ view_filter ] --START--
INFO: Run Behavior\WriteHtmlCacheBehavior [ RunTime:0.002560s ]
INFO: [ view_filter ] --END-- [ RunTime:0.003180s ]
INFO: [ app_end ] --START--
INFO: Run Behavior\ShowPageTraceBehavior [ RunTime:0.002803s ]
INFO: [ app_end ] --END-- [ RunTime:0.003646s ]

[ 2017-01-16T13:21:55+08:00 ] ::1 /XXXX/TC/index.php/Project/xiangce?im=6
INFO: [ app_init ] --START--
INFO: Run Behavior\BuildLiteBehavior [ RunTime:0.000087s ]
INFO: [ app_init ] --END-- [ RunTime:0.001759s ]
INFO: [ app_begin ] --START--
INFO: Run Behavior\ReadHtmlCacheBehavior [ RunTime:0.002011s ]
INFO: [ app_begin ] --END-- [ RunTime:0.002467s ]
NOTIC: [2048] Declaration of Home\Controller\ProjectController::show() should be compatible with Think\Controller::show($content, $charset = '', $contentType = '', $prefix = '') D:\wamp\www\XXXX\TC\Home\Controller\ProjectController.class.php 第 6 行.
INFO: [ view_parse ] --START--
NOTIC: [8] Undefined index: name D:\wamp\www\XXXX\TC\Runtime\Cache\5b4c58ca01b6ea6c447d0f258598036e1e429c48.file.xiangce.html.php 第 178 行.
NOTIC: [8] Trying to get property of non-object D:\wamp\www\XXXX\TC\Runtime\Cache\5b4c58ca01b6ea6c447d0f258598036e1e429c48.file.xiangce.html.php 第 178 行.
NOTIC: [8] Undefined index: v D:\wamp\www\XXXX\TC\Runtime\Cache\5b4c58ca01b6ea6c447d0f258598036e1e429c48.file.xiangce.html.php 第 197 行.
NOTIC: [8] Trying to get property of non-object D:\wamp\www\XXXX\TC\Runtime\Cache\5b4c58ca01b6ea6c447d0f258598036e1e429c48.file.xiangce.html.php 第 197 行.
NOTIC: [8] Undefined index: info D:\wamp\www\XXXX\TC\Runtime\Cache\5b4c58ca01b6ea6c447d0f258598036e1e429c48.file.xiangce.html.php 第 243 行.
NOTIC: [8] Trying to get property of non-object D:\wamp\www\XXXX\TC\Runtime\Cache\5b4c58ca01b6ea6c447d0f258598036e1e429c48.file.xiangce.html.php 第 243 行.
NOTIC: [8] Undefined index: pagelist D:\wamp\www\XXXX\TC\Runtime\Cache\5b4c58ca01b6ea6c447d0f258598036e1e429c48.file.xiangce.html.php 第 268 行.
NOTIC: [8] Trying to get property of non-object D:\wamp\www\XXXX\TC\Runtime\Cache\5b4c58ca01b6ea6c447d0f258598036e1e429c48.file.xiangce.html.php 第 268 行.
INFO: Run Behavior\ParseTemplateBehavior [ RunTime:0.030397s ]
INFO: [ view_parse ] --END-- [ RunTime:0.030806s ]
INFO: [ view_filter ] --START--
INFO: Run Behavior\WriteHtmlCacheBehavior [ RunTime:0.001106s ]
INFO: [ view_filter ] --END-- [ RunTime:0.001488s ]
INFO: [ app_end ] --START--
INFO: Run Behavior\ShowPageTraceBehavior [ RunTime:0.002147s ]
INFO: [ app_end ] --END-- [ RunTime:0.003020s ]

[ 2017-01-16T13:22:08+08:00 ] ::1 /XXXX/TC/index.php/Project/xiangce?im=6
INFO: [ app_init ] --START--
INFO: Run Behavior\BuildLiteBehavior [ RunTime:0.000108s ]
INFO: [ app_init ] --END-- [ RunTime:0.001562s ]
INFO: [ app_begin ] --START--
INFO: Run Behavior\ReadHtmlCacheBehavior [ RunTime:0.001462s ]
INFO: [ app_begin ] --END-- [ RunTime:0.002010s ]
NOTIC: [2048] Declaration of Home\Controller\ProjectController::show() should be compatible with Think\Controller::show($content, $charset = '', $contentType = '', $prefix = '') D:\wamp\www\XXXX\TC\Home\Controller\ProjectController.class.php 第 6 行.
INFO: [ view_parse ] --START--
NOTIC: [8] Undefined index: name D:\wamp\www\XXXX\TC\Runtime\Cache\5b4c58ca01b6ea6c447d0f258598036e1e429c48.file.xiangce.html.php 第 178 行.
NOTIC: [8] Trying to get property of non-object D:\wamp\www\XXXX\TC\Runtime\Cache\5b4c58ca01b6ea6c447d0f258598036e1e429c48.file.xiangce.html.php 第 178 行.
NOTIC: [8] Undefined index: v D:\wamp\www\XXXX\TC\Runtime\Cache\5b4c58ca01b6ea6c447d0f258598036e1e429c48.file.xiangce.html.php 第 197 行.
NOTIC: [8] Trying to get property of non-object D:\wamp\www\XXXX\TC\Runtime\Cache\5b4c58ca01b6ea6c447d0f258598036e1e429c48.file.xiangce.html.php 第 197 行.
NOTIC: [8] Undefined index: info D:\wamp\www\XXXX\TC\Runtime\Cache\5b4c58ca01b6ea6c447d0f258598036e1e429c48.file.xiangce.html.php 第 243 行.
NOTIC: [8] Trying to get property of non-object D:\wamp\www\XXXX\TC\Runtime\Cache\5b4c58ca01b6ea6c447d0f258598036e1e429c48.file.xiangce.html.php 第 243 行.
NOTIC: [8] Undefined index: pagelist D:\wamp\www\XXXX\TC\Runtime\Cache\5b4c58ca01b6ea6c447d0f258598036e1e429c48.file.xiangce.html.php 第 268 行.
NOTIC: [8] Trying to get property of non-object D:\wamp\www\XXXX\TC\Runtime\Cache\5b4c58ca01b6ea6c447d0f258598036e1e429c48.file.xiangce.html.php 第 268 行.
INFO: Run Behavior\ParseTemplateBehavior [ RunTime:0.026489s ]
INFO: [ view_parse ] --END-- [ RunTime:0.027076s ]
INFO: [ view_filter ] --START--
INFO: Run Behavior\WriteHtmlCacheBehavior [ RunTime:0.001841s ]
INFO: [ view_filter ] --END-- [ RunTime:0.002678s ]
INFO: [ app_end ] --START--
INFO: Run Behavior\ShowPageTraceBehavior [ RunTime:0.002374s ]
INFO: [ app_end ] --END-- [ RunTime:0.003006s ]

[ 2017-01-16T13:22:12+08:00 ] ::1 /XXXX/TC/index.php/Project/contact.html
INFO: [ app_init ] --START--
INFO: Run Behavior\BuildLiteBehavior [ RunTime:0.000098s ]
INFO: [ app_init ] --END-- [ RunTime:0.002105s ]
INFO: [ app_begin ] --START--
INFO: Run Behavior\ReadHtmlCacheBehavior [ RunTime:0.002894s ]
INFO: [ app_begin ] --END-- [ RunTime:0.003657s ]
NOTIC: [2048] Declaration of Home\Controller\ProjectController::show() should be compatible with Think\Controller::show($content, $charset = '', $contentType = '', $prefix = '') D:\wamp\www\XXXX\TC\Home\Controller\ProjectController.class.php 第 6 行.
SQL: SHOW COLUMNS FROM `tc_newstudent` [ RunTime:0.0202s ]
INFO: [ view_parse ] --START--
INFO: Run Behavior\ParseTemplateBehavior [ RunTime:0.030785s ]
INFO: [ view_parse ] --END-- [ RunTime:0.031491s ]
INFO: [ view_filter ] --START--
INFO: Run Behavior\WriteHtmlCacheBehavior [ RunTime:0.001225s ]
INFO: [ view_filter ] --END-- [ RunTime:0.002312s ]
INFO: [ app_end ] --START--
INFO: Run Behavior\ShowPageTraceBehavior [ RunTime:0.003685s ]
INFO: [ app_end ] --END-- [ RunTime:0.004673s ]

[ 2017-01-16T13:22:24+08:00 ] ::1 /XXXX/TC/index.php/Project/show
INFO: [ app_init ] --START--
INFO: Run Behavior\BuildLiteBehavior [ RunTime:0.000081s ]
INFO: [ app_init ] --END-- [ RunTime:0.001390s ]
INFO: [ app_begin ] --START--
INFO: Run Behavior\ReadHtmlCacheBehavior [ RunTime:0.001863s ]
INFO: [ app_begin ] --END-- [ RunTime:0.002581s ]
NOTIC: [2048] Declaration of Home\Controller\ProjectController::show() should be compatible with Think\Controller::show($content, $charset = '', $contentType = '', $prefix = '') D:\wamp\www\XXXX\TC\Home\Controller\ProjectController.class.php 第 6 行.
SQL: SHOW COLUMNS FROM `tc_newstudent` [ RunTime:0.0321s ]
SQL: SELECT COUNT(*) AS tp_count FROM `tc_newstudent` LIMIT 1   [ RunTime:0.0007s ]
SQL: select * from tc_newstudent limit 0,3 [ RunTime:0.0009s ]
INFO: [ view_parse ] --START--
INFO: Run Behavior\ParseTemplateBehavior [ RunTime:0.025913s ]
INFO: [ view_parse ] --END-- [ RunTime:0.026342s ]
INFO: [ view_filter ] --START--
INFO: Run Behavior\WriteHtmlCacheBehavior [ RunTime:0.001187s ]
INFO: [ view_filter ] --END-- [ RunTime:0.001606s ]
NOTIC: [2] Cannot modify header information - headers already sent by (output started at D:\wamp\www\XXXX\TC\Home\Controller\ProjectController.class.php:39) D:\wamp\www\XXXX\ThinkPHP\Library\Think\View.class.php 第 91 行.
NOTIC: [2] Cannot modify header information - headers already sent by (output started at D:\wamp\www\XXXX\TC\Home\Controller\ProjectController.class.php:39) D:\wamp\www\XXXX\ThinkPHP\Library\Think\View.class.php 第 92 行.
NOTIC: [2] Cannot modify header information - headers already sent by (output started at D:\wamp\www\XXXX\TC\Home\Controller\ProjectController.class.php:39) D:\wamp\www\XXXX\ThinkPHP\Library\Think\View.class.php 第 93 行.
INFO: [ app_end ] --START--
INFO: Run Behavior\ShowPageTraceBehavior [ RunTime:0.002052s ]
INFO: [ app_end ] --END-- [ RunTime:0.002617s ]

[ 2017-01-16T13:22:55+08:00 ] ::1 /XXXX/TC/index.php/Project/show
INFO: [ app_init ] --START--
INFO: Run Behavior\BuildLiteBehavior [ RunTime:0.000168s ]
INFO: [ app_init ] --END-- [ RunTime:0.002496s ]
INFO: [ app_begin ] --START--
INFO: Run Behavior\ReadHtmlCacheBehavior [ RunTime:0.002333s ]
INFO: [ app_begin ] --END-- [ RunTime:0.002875s ]
NOTIC: [2048] Declaration of Home\Controller\ProjectController::show() should be compatible with Think\Controller::show($content, $charset = '', $contentType = '', $prefix = '') D:\wamp\www\XXXX\TC\Home\Controller\ProjectController.class.php 第 6 行.
SQL: SHOW COLUMNS FROM `tc_newstudent` [ RunTime:0.0172s ]
SQL: SELECT COUNT(*) AS tp_count FROM `tc_newstudent` LIMIT 1   [ RunTime:0.0012s ]
SQL: select * from tc_newstudent limit 0,3 [ RunTime:0.0008s ]
INFO: [ view_parse ] --START--
INFO: Run Behavior\ParseTemplateBehavior [ RunTime:0.037077s ]
INFO: [ view_parse ] --END-- [ RunTime:0.037765s ]
INFO: [ view_filter ] --START--
INFO: Run Behavior\WriteHtmlCacheBehavior [ RunTime:0.001690s ]
INFO: [ view_filter ] --END-- [ RunTime:0.002682s ]
NOTIC: [2] Cannot modify header information - headers already sent by (output started at D:\wamp\www\XXXX\TC\Home\Controller\ProjectController.class.php:39) D:\wamp\www\XXXX\ThinkPHP\Library\Think\View.class.php 第 91 行.
NOTIC: [2] Cannot modify header information - headers already sent by (output started at D:\wamp\www\XXXX\TC\Home\Controller\ProjectController.class.php:39) D:\wamp\www\XXXX\ThinkPHP\Library\Think\View.class.php 第 92 行.
NOTIC: [2] Cannot modify header information - headers already sent by (output started at D:\wamp\www\XXXX\TC\Home\Controller\ProjectController.class.php:39) D:\wamp\www\XXXX\ThinkPHP\Library\Think\View.class.php 第 93 行.
INFO: [ app_end ] --START--
INFO: Run Behavior\ShowPageTraceBehavior [ RunTime:0.004018s ]
INFO: [ app_end ] --END-- [ RunTime:0.004920s ]

