[ 2017-04-07T12:50:28+08:00 ] ::1 /XXXX/TC/
INFO: [ app_init ] --START--
INFO: Run Behavior\BuildLiteBehavior [ RunTime:0.000089s ]
INFO: [ app_init ] --END-- [ RunTime:0.030984s ]
INFO: [ app_begin ] --START--
INFO: Run Behavior\ReadHtmlCacheBehavior [ RunTime:0.012672s ]
INFO: [ app_begin ] --END-- [ RunTime:0.013137s ]
INFO: [ view_parse ] --START--
INFO: Run Behavior\ParseTemplateBehavior [ RunTime:0.161901s ]
INFO: [ view_parse ] --END-- [ RunTime:0.162571s ]
INFO: [ view_filter ] --START--
INFO: Run Behavior\WriteHtmlCacheBehavior [ RunTime:0.025288s ]
INFO: [ view_filter ] --END-- [ RunTime:0.025708s ]
INFO: [ app_end ] --START--
INFO: Run Behavior\ShowPageTraceBehavior [ RunTime:0.013198s ]
INFO: [ app_end ] --END-- [ RunTime:0.013600s ]

[ 2017-04-07T12:50:34+08:00 ] ::1 /XXXX/TC/index.php/Project/contact.html
INFO: [ app_init ] --START--
INFO: Run Behavior\BuildLiteBehavior [ RunTime:0.000149s ]
INFO: [ app_init ] --END-- [ RunTime:0.003108s ]
INFO: [ app_begin ] --START--
INFO: Run Behavior\ReadHtmlCacheBehavior [ RunTime:0.001515s ]
INFO: [ app_begin ] --END-- [ RunTime:0.001918s ]
NOTIC: [2048] Declaration of Home\Controller\ProjectController::show() should be compatible with Think\Controller::show($content, $charset = '', $contentType = '', $prefix = '') D:\wamp\www\XXXX\TC\Home\Controller\ProjectController.class.php 第 6 行.
SQL: SHOW COLUMNS FROM `tc_newstudent` [ RunTime:0.1043s ]
INFO: [ view_parse ] --START--
INFO: Run Behavior\ParseTemplateBehavior [ RunTime:0.048604s ]
INFO: [ view_parse ] --END-- [ RunTime:0.049009s ]
INFO: [ view_filter ] --START--
INFO: Run Behavior\WriteHtmlCacheBehavior [ RunTime:0.000885s ]
INFO: [ view_filter ] --END-- [ RunTime:0.001388s ]
INFO: [ app_end ] --START--
INFO: Run Behavior\ShowPageTraceBehavior [ RunTime:0.001772s ]
INFO: [ app_end ] --END-- [ RunTime:0.002762s ]

[ 2017-04-07T12:50:43+08:00 ] ::1 /XXXX/TC/index.php/Inform/login.html
INFO: [ app_init ] --START--
INFO: Run Behavior\BuildLiteBehavior [ RunTime:0.000141s ]
INFO: [ app_init ] --END-- [ RunTime:0.002076s ]
INFO: [ app_begin ] --START--
INFO: Run Behavior\ReadHtmlCacheBehavior [ RunTime:0.003061s ]
INFO: [ app_begin ] --END-- [ RunTime:0.003800s ]
NOTIC: [2048] Declaration of Home\Controller\InformController::show() should be compatible with Think\Controller::show($content, $charset = '', $contentType = '', $prefix = '') D:\wamp\www\XXXX\TC\Home\Controller\InformController.class.php 第 206 行.
SQL: SHOW COLUMNS FROM `tc_user` [ RunTime:0.0203s ]
INFO: [ view_parse ] --START--
INFO: Run Behavior\ParseTemplateBehavior [ RunTime:0.054985s ]
INFO: [ view_parse ] --END-- [ RunTime:0.055406s ]
INFO: [ view_filter ] --START--
INFO: Run Behavior\WriteHtmlCacheBehavior [ RunTime:0.000812s ]
INFO: [ view_filter ] --END-- [ RunTime:0.001163s ]
INFO: [ app_end ] --START--
INFO: Run Behavior\ShowPageTraceBehavior [ RunTime:0.001391s ]
INFO: [ app_end ] --END-- [ RunTime:0.001755s ]

[ 2017-04-07T12:50:44+08:00 ] ::1 /XXXX/TC/index.php/Inform/verifyImg
INFO: [ app_init ] --START--
INFO: Run Behavior\BuildLiteBehavior [ RunTime:0.000081s ]
INFO: [ app_init ] --END-- [ RunTime:0.001326s ]
INFO: [ app_begin ] --START--
INFO: Run Behavior\ReadHtmlCacheBehavior [ RunTime:0.001480s ]
INFO: [ app_begin ] --END-- [ RunTime:0.001950s ]
NOTIC: [2048] Declaration of Home\Controller\InformController::show() should be compatible with Think\Controller::show($content, $charset = '', $contentType = '', $prefix = '') D:\wamp\www\XXXX\TC\Home\Controller\InformController.class.php 第 206 行.
INFO: [ app_end ] --START--
INFO: Run Behavior\ShowPageTraceBehavior [ RunTime:0.002805s ]
INFO: [ app_end ] --END-- [ RunTime:0.003587s ]

[ 2017-04-07T12:50:46+08:00 ] ::1 /XXXX/TC/index.php/Inform/verifyImg?k=0.7213195911238184
INFO: [ app_init ] --START--
INFO: Run Behavior\BuildLiteBehavior [ RunTime:0.000081s ]
INFO: [ app_init ] --END-- [ RunTime:0.001316s ]
INFO: [ app_begin ] --START--
INFO: Run Behavior\ReadHtmlCacheBehavior [ RunTime:0.001496s ]
INFO: [ app_begin ] --END-- [ RunTime:0.002002s ]
NOTIC: [2048] Declaration of Home\Controller\InformController::show() should be compatible with Think\Controller::show($content, $charset = '', $contentType = '', $prefix = '') D:\wamp\www\XXXX\TC\Home\Controller\InformController.class.php 第 206 行.
INFO: [ app_end ] --START--
INFO: Run Behavior\ShowPageTraceBehavior [ RunTime:0.001494s ]
INFO: [ app_end ] --END-- [ RunTime:0.001936s ]

[ 2017-04-07T12:50:46+08:00 ] ::1 /XXXX/TC/index.php/Inform/verifyImg?k=0.6608358098748814
INFO: [ app_init ] --START--
INFO: Run Behavior\BuildLiteBehavior [ RunTime:0.000077s ]
INFO: [ app_init ] --END-- [ RunTime:0.001308s ]
INFO: [ app_begin ] --START--
INFO: Run Behavior\ReadHtmlCacheBehavior [ RunTime:0.001392s ]
INFO: [ app_begin ] --END-- [ RunTime:0.001827s ]
NOTIC: [2048] Declaration of Home\Controller\InformController::show() should be compatible with Think\Controller::show($content, $charset = '', $contentType = '', $prefix = '') D:\wamp\www\XXXX\TC\Home\Controller\InformController.class.php 第 206 行.
INFO: [ app_end ] --START--
INFO: Run Behavior\ShowPageTraceBehavior [ RunTime:0.001570s ]
INFO: [ app_end ] --END-- [ RunTime:0.002019s ]

[ 2017-04-07T12:50:47+08:00 ] ::1 /XXXX/TC/index.php/Inform/verifyImg?k=0.3420987974819951
INFO: [ app_init ] --START--
INFO: Run Behavior\BuildLiteBehavior [ RunTime:0.000195s ]
INFO: [ app_init ] --END-- [ RunTime:0.001524s ]
INFO: [ app_begin ] --START--
INFO: Run Behavior\ReadHtmlCacheBehavior [ RunTime:0.001737s ]
INFO: [ app_begin ] --END-- [ RunTime:0.002328s ]
NOTIC: [2048] Declaration of Home\Controller\InformController::show() should be compatible with Think\Controller::show($content, $charset = '', $contentType = '', $prefix = '') D:\wamp\www\XXXX\TC\Home\Controller\InformController.class.php 第 206 行.
INFO: [ app_end ] --START--
INFO: Run Behavior\ShowPageTraceBehavior [ RunTime:0.001625s ]
INFO: [ app_end ] --END-- [ RunTime:0.002076s ]

[ 2017-04-07T12:50:47+08:00 ] ::1 /XXXX/TC/index.php/Inform/verifyImg?k=0.8676308169053097
INFO: [ app_init ] --START--
INFO: Run Behavior\BuildLiteBehavior [ RunTime:0.000080s ]
INFO: [ app_init ] --END-- [ RunTime:0.001317s ]
INFO: [ app_begin ] --START--
INFO: Run Behavior\ReadHtmlCacheBehavior [ RunTime:0.001619s ]
INFO: [ app_begin ] --END-- [ RunTime:0.002139s ]
NOTIC: [2048] Declaration of Home\Controller\InformController::show() should be compatible with Think\Controller::show($content, $charset = '', $contentType = '', $prefix = '') D:\wamp\www\XXXX\TC\Home\Controller\InformController.class.php 第 206 行.
INFO: [ app_end ] --START--
INFO: Run Behavior\ShowPageTraceBehavior [ RunTime:0.002084s ]
INFO: [ app_end ] --END-- [ RunTime:0.002693s ]

[ 2017-04-07T12:50:47+08:00 ] ::1 /XXXX/TC/index.php/Inform/verifyImg?k=0.7798663852152639
INFO: [ app_init ] --START--
INFO: Run Behavior\BuildLiteBehavior [ RunTime:0.000082s ]
INFO: [ app_init ] --END-- [ RunTime:0.001455s ]
INFO: [ app_begin ] --START--
INFO: Run Behavior\ReadHtmlCacheBehavior [ RunTime:0.001390s ]
INFO: [ app_begin ] --END-- [ RunTime:0.001804s ]
NOTIC: [2048] Declaration of Home\Controller\InformController::show() should be compatible with Think\Controller::show($content, $charset = '', $contentType = '', $prefix = '') D:\wamp\www\XXXX\TC\Home\Controller\InformController.class.php 第 206 行.
INFO: [ app_end ] --START--
INFO: Run Behavior\ShowPageTraceBehavior [ RunTime:0.001562s ]
INFO: [ app_end ] --END-- [ RunTime:0.002034s ]

[ 2017-04-07T12:50:47+08:00 ] ::1 /XXXX/TC/index.php/Inform/verifyImg?k=0.7087456298581034
INFO: [ app_init ] --START--
INFO: Run Behavior\BuildLiteBehavior [ RunTime:0.000083s ]
INFO: [ app_init ] --END-- [ RunTime:0.001379s ]
INFO: [ app_begin ] --START--
INFO: Run Behavior\ReadHtmlCacheBehavior [ RunTime:0.001415s ]
INFO: [ app_begin ] --END-- [ RunTime:0.001839s ]
NOTIC: [2048] Declaration of Home\Controller\InformController::show() should be compatible with Think\Controller::show($content, $charset = '', $contentType = '', $prefix = '') D:\wamp\www\XXXX\TC\Home\Controller\InformController.class.php 第 206 行.
INFO: [ app_end ] --START--
INFO: Run Behavior\ShowPageTraceBehavior [ RunTime:0.001561s ]
INFO: [ app_end ] --END-- [ RunTime:0.002000s ]

